[ 2017-06-19T22:55:03+08:00 ] 127.0.0.1 127.0.0.1 GET /
[ log ] www.myblog.com/ [运行时间：0.129205s][吞吐率：7.74req/s] [内存消耗：1,080.62kb] [文件加载：40]
[ info ] [ LANG ] D:\WWW\myBlog\thinkphp\lang\zh-cn.php
[ info ] [ ROUTE ] array (
  'type' => 'module',
  'module' => 
  array (
    0 => 'index',
    1 => NULL,
    2 => NULL,
  ),
)
[ info ] [ HEADER ] array (
  'cookie' => 'pgv_pvi=6365759488',
  'accept-language' => 'zh-CN,zh;q=0.8',
  'accept-encoding' => 'gzip, deflate',
  'accept' => 'text/html,application/xhtml+xml,application/xml;q=0.9,image/webp,image/apng,*/*;q=0.8',
  'user-agent' => 'Mozilla/5.0 (Windows NT 10.0; WOW64) AppleWebKit/537.36 (KHTML, like Gecko) Chrome/61.0.3128.0 Safari/537.36',
  'upgrade-insecure-requests' => '1',
  'connection' => 'close',
  'host' => 'www.myblog.com',
)
[ info ] [ PARAM ] array (
)
[ info ] [ RUN ] app\index\controller\Index->index[ D:\WWW\myBlog\application\index\controller\Index.php ]
[ info ] [ LOG ] INIT File

---------------------------------------------------------------
[ 2017-06-19T22:55:07+08:00 ] 127.0.0.1 127.0.0.1 GET /admin/entry
[ log ] www.myblog.com/admin/entry [运行时间：0.143394s][吞吐率：6.97req/s] [内存消耗：1,369.96kb] [文件加载：50]
[ info ] [ LANG ] D:\WWW\myBlog\thinkphp\lang\zh-cn.php
[ info ] [ ROUTE ] array (
  'type' => 'module',
  'module' => 
  array (
    0 => 'admin',
    1 => 'entry',
    2 => NULL,
  ),
)
[ info ] [ HEADER ] array (
  'cookie' => 'pgv_pvi=6365759488',
  'accept-language' => 'zh-CN,zh;q=0.8',
  'accept-encoding' => 'gzip, deflate',
  'accept' => 'text/html,application/xhtml+xml,application/xml;q=0.9,image/webp,image/apng,*/*;q=0.8',
  'user-agent' => 'Mozilla/5.0 (Windows NT 10.0; WOW64) AppleWebKit/537.36 (KHTML, like Gecko) Chrome/61.0.3128.0 Safari/537.36',
  'upgrade-insecure-requests' => '1',
  'connection' => 'close',
  'host' => 'www.myblog.com',
)
[ info ] [ PARAM ] array (
)
[ info ] [ SESSION ] INIT array (
  'id' => '',
  'var_session_id' => '',
  'prefix' => 'think',
  'type' => '',
  'auto_start' => true,
)
[ info ] [ LOG ] INIT File

---------------------------------------------------------------
[ 2017-06-19T22:55:07+08:00 ] 127.0.0.1 127.0.0.1 GET /admin/login/index.html
[ log ] www.myblog.com/admin/login/index.html [运行时间：0.039313s][吞吐率：25.44req/s] [内存消耗：1,347.13kb] [文件加载：48]
[ info ] [ LANG ] D:\WWW\myBlog\thinkphp\lang\zh-cn.php
[ info ] [ ROUTE ] array (
  'type' => 'module',
  'module' => 
  array (
    0 => 'admin',
    1 => 'login',
    2 => 'index',
  ),
)
[ info ] [ HEADER ] array (
  'cookie' => 'pgv_pvi=6365759488; PHPSESSID=6t8pb8i4kiooqceq0odt3dhni6',
  'accept-language' => 'zh-CN,zh;q=0.8',
  'accept-encoding' => 'gzip, deflate',
  'accept' => 'text/html,application/xhtml+xml,application/xml;q=0.9,image/webp,image/apng,*/*;q=0.8',
  'user-agent' => 'Mozilla/5.0 (Windows NT 10.0; WOW64) AppleWebKit/537.36 (KHTML, like Gecko) Chrome/61.0.3128.0 Safari/537.36',
  'upgrade-insecure-requests' => '1',
  'connection' => 'close',
  'host' => 'www.myblog.com',
)
[ info ] [ PARAM ] array (
)
[ info ] [ RUN ] app\admin\controller\Login->index[ D:\WWW\myBlog\application\admin\controller\Login.php ]
[ info ] [ VIEW ] D:\WWW\myBlog\public/../application/admin\view\login\index.html [ array (
) ]
[ info ] [ LOG ] INIT File

---------------------------------------------------------------
[ 2017-06-19T22:55:07+08:00 ] 127.0.0.1 127.0.0.1 GET /static/admin/admin.ui/js/slimscroll/jquery.slimscroll.min.js
[ log ] www.myblog.com/static/admin/admin.ui/js/slimscroll/jquery.slimscroll.min.js [运行时间：0.059914s][吞吐率：16.69req/s] [内存消耗：1,103.63kb] [文件加载：42]
[ info ] [ LANG ] D:\WWW\myBlog\thinkphp\lang\zh-cn.php
[ info ] [ ROUTE ] array (
  'type' => 'module',
  'module' => 
  array (
    0 => 'static',
    1 => 'admin',
    2 => 'admin.ui',
  ),
)
[ info ] [ HEADER ] array (
  'cookie' => 'pgv_pvi=6365759488; PHPSESSID=6t8pb8i4kiooqceq0odt3dhni6',
  'accept-language' => 'zh-CN,zh;q=0.8',
  'accept-encoding' => 'gzip, deflate',
  'referer' => 'http://www.myblog.com/admin/login/index.html',
  'accept' => '*/*',
  'user-agent' => 'Mozilla/5.0 (Windows NT 10.0; WOW64) AppleWebKit/537.36 (KHTML, like Gecko) Chrome/61.0.3128.0 Safari/537.36',
  'connection' => 'close',
  'host' => 'www.myblog.com',
)
[ info ] [ PARAM ] array (
  'js' => 'slimscroll',
)
[ info ] [ LOG ] INIT File

---------------------------------------------------------------
[ 2017-06-19T22:55:08+08:00 ] 127.0.0.1 127.0.0.1 GET /captcha.html
[ log ] www.myblog.com/captcha.html [运行时间：0.126357s][吞吐率：7.91req/s] [内存消耗：1,129.46kb] [文件加载：41]
[ info ] [ LANG ] D:\WWW\myBlog\thinkphp\lang\zh-cn.php
[ info ] [ ROUTE ] array (
  'type' => 'method',
  'method' => 
  array (
    0 => '\\think\\captcha\\CaptchaController',
    1 => 'index',
  ),
  'var' => 
  array (
  ),
)
[ info ] [ HEADER ] array (
  'cookie' => 'pgv_pvi=6365759488; PHPSESSID=6t8pb8i4kiooqceq0odt3dhni6',
  'accept-language' => 'zh-CN,zh;q=0.8',
  'accept-encoding' => 'gzip, deflate',
  'referer' => 'http://www.myblog.com/admin/login/index.html',
  'accept' => 'image/webp,image/apng,image/*,*/*;q=0.8',
  'user-agent' => 'Mozilla/5.0 (Windows NT 10.0; WOW64) AppleWebKit/537.36 (KHTML, like Gecko) Chrome/61.0.3128.0 Safari/537.36',
  'connection' => 'close',
  'host' => 'www.myblog.com',
)
[ info ] [ PARAM ] array (
  'id' => NULL,
)
[ info ] [ RUN ] think\captcha\CaptchaController->index[ D:\WWW\myBlog\vendor\topthink\think-captcha\src\CaptchaController.php ]
[ info ] [ SESSION ] INIT array (
  'id' => '',
  'var_session_id' => '',
  'prefix' => 'think',
  'type' => '',
  'auto_start' => true,
)
[ info ] [ LOG ] INIT File

---------------------------------------------------------------
[ 2017-06-19T22:55:20+08:00 ] 127.0.0.1 127.0.0.1 POST /admin/login/index.html
[ log ] www.myblog.com/admin/login/index.html [运行时间：0.684732s][吞吐率：1.46req/s] [内存消耗：2,228.84kb] [文件加载：64]
[ info ] [ LANG ] D:\WWW\myBlog\thinkphp\lang\zh-cn.php
[ info ] [ ROUTE ] array (
  'type' => 'module',
  'module' => 
  array (
    0 => 'admin',
    1 => 'login',
    2 => 'index',
  ),
)
[ info ] [ HEADER ] array (
  'cookie' => 'pgv_pvi=6365759488; PHPSESSID=6t8pb8i4kiooqceq0odt3dhni6',
  'accept-language' => 'zh-CN,zh;q=0.8',
  'accept-encoding' => 'gzip, deflate',
  'referer' => 'http://www.myblog.com/admin/login/index.html',
  'accept' => 'text/html,application/xhtml+xml,application/xml;q=0.9,image/webp,image/apng,*/*;q=0.8',
  'content-type' => 'application/x-www-form-urlencoded',
  'user-agent' => 'Mozilla/5.0 (Windows NT 10.0; WOW64) AppleWebKit/537.36 (KHTML, like Gecko) Chrome/61.0.3128.0 Safari/537.36',
  'upgrade-insecure-requests' => '1',
  'origin' => 'http://www.myblog.com',
  'cache-control' => 'max-age=0',
  'content-length' => '52',
  'connection' => 'close',
  'host' => 'www.myblog.com',
)
[ info ] [ PARAM ] array (
  'admin_username' => 'admin',
  'admin_password' => 'admin888',
  'code' => 'q5',
)
[ info ] [ RUN ] app\admin\controller\Login->index[ D:\WWW\myBlog\application\admin\controller\Login.php ]
[ info ] [ DB ] INIT mysql
[ info ] [ SESSION ] INIT array (
  'id' => '',
  'var_session_id' => '',
  'prefix' => 'think',
  'type' => '',
  'auto_start' => true,
)
[ info ] [ VIEW ] D:\WWW\myBlog\thinkphp\tpl\dispatch_jump.tpl [ array (
  0 => 'code',
  1 => 'msg',
  2 => 'data',
  3 => 'url',
  4 => 'wait',
) ]
[ info ] [ LOG ] INIT File
[ sql ] [ DB ] CONNECT:[ UseTime:0.291037s ] mysql:dbname=blog;host=127.0.0.1;charset=utf8
[ sql ] [ SQL ] SHOW COLUMNS FROM `blog_admin` [ RunTime:0.233958s ]
[ sql ] [ SQL ] SELECT * FROM `blog_admin` WHERE  `admin_username` = 'admin'  AND `admin_password` = 'h3vPU8JGuF3VS/uxIpjRSw==' LIMIT 1 [ RunTime:0.029942s ]

---------------------------------------------------------------
[ 2017-06-19T22:55:23+08:00 ] 127.0.0.1 127.0.0.1 GET /admin/entry/index.html
[ log ] www.myblog.com/admin/entry/index.html [运行时间：0.046528s][吞吐率：21.49req/s] [内存消耗：1,355.69kb] [文件加载：49]
[ info ] [ LANG ] D:\WWW\myBlog\thinkphp\lang\zh-cn.php
[ info ] [ ROUTE ] array (
  'type' => 'module',
  'module' => 
  array (
    0 => 'admin',
    1 => 'entry',
    2 => 'index',
  ),
)
[ info ] [ HEADER ] array (
  'cookie' => 'pgv_pvi=6365759488; PHPSESSID=6t8pb8i4kiooqceq0odt3dhni6',
  'accept-language' => 'zh-CN,zh;q=0.8',
  'accept-encoding' => 'gzip, deflate',
  'referer' => 'http://www.myblog.com/admin/login/index.html',
  'accept' => 'text/html,application/xhtml+xml,application/xml;q=0.9,image/webp,image/apng,*/*;q=0.8',
  'user-agent' => 'Mozilla/5.0 (Windows NT 10.0; WOW64) AppleWebKit/537.36 (KHTML, like Gecko) Chrome/61.0.3128.0 Safari/537.36',
  'upgrade-insecure-requests' => '1',
  'connection' => 'close',
  'host' => 'www.myblog.com',
)
[ info ] [ PARAM ] array (
)
[ info ] [ SESSION ] INIT array (
  'id' => '',
  'var_session_id' => '',
  'prefix' => 'think',
  'type' => '',
  'auto_start' => true,
)
[ info ] [ RUN ] app\admin\controller\Entry->index[ D:\WWW\myBlog\application\admin\controller\Entry.php ]
[ info ] [ VIEW ] D:\WWW\myBlog\public/../application/admin\view\entry\index.html [ array (
) ]
[ info ] [ LOG ] INIT File

---------------------------------------------------------------
[ 2017-06-19T22:55:26+08:00 ] 127.0.0.1 127.0.0.1 GET /admin/entry/index.html
[ log ] www.myblog.com/admin/entry/index.html [运行时间：0.033874s][吞吐率：29.52req/s] [内存消耗：1,355.69kb] [文件加载：49]
[ info ] [ LANG ] D:\WWW\myBlog\thinkphp\lang\zh-cn.php
[ info ] [ ROUTE ] array (
  'type' => 'module',
  'module' => 
  array (
    0 => 'admin',
    1 => 'entry',
    2 => 'index',
  ),
)
[ info ] [ HEADER ] array (
  'cookie' => 'pgv_pvi=6365759488; PHPSESSID=6t8pb8i4kiooqceq0odt3dhni6',
  'accept-language' => 'zh-CN,zh;q=0.8',
  'accept-encoding' => 'gzip, deflate',
  'referer' => 'http://www.myblog.com/admin/entry/index.html',
  'accept' => 'text/html,application/xhtml+xml,application/xml;q=0.9,image/webp,image/apng,*/*;q=0.8',
  'user-agent' => 'Mozilla/5.0 (Windows NT 10.0; WOW64) AppleWebKit/537.36 (KHTML, like Gecko) Chrome/61.0.3128.0 Safari/537.36',
  'upgrade-insecure-requests' => '1',
  'connection' => 'close',
  'host' => 'www.myblog.com',
)
[ info ] [ PARAM ] array (
)
[ info ] [ SESSION ] INIT array (
  'id' => '',
  'var_session_id' => '',
  'prefix' => 'think',
  'type' => '',
  'auto_start' => true,
)
[ info ] [ RUN ] app\admin\controller\Entry->index[ D:\WWW\myBlog\application\admin\controller\Entry.php ]
[ info ] [ VIEW ] D:\WWW\myBlog\public/../application/admin\view\entry\index.html [ array (
) ]
[ info ] [ LOG ] INIT File

---------------------------------------------------------------
[ 2017-06-19T22:55:29+08:00 ] 127.0.0.1 127.0.0.1 GET /admin/entry/index.html
[ log ] www.myblog.com/admin/entry/index.html [运行时间：0.034072s][吞吐率：29.35req/s] [内存消耗：1,355.69kb] [文件加载：49]
[ info ] [ LANG ] D:\WWW\myBlog\thinkphp\lang\zh-cn.php
[ info ] [ ROUTE ] array (
  'type' => 'module',
  'module' => 
  array (
    0 => 'admin',
    1 => 'entry',
    2 => 'index',
  ),
)
[ info ] [ HEADER ] array (
  'cookie' => 'pgv_pvi=6365759488; PHPSESSID=6t8pb8i4kiooqceq0odt3dhni6',
  'accept-language' => 'zh-CN,zh;q=0.8',
  'accept-encoding' => 'gzip, deflate',
  'referer' => 'http://www.myblog.com/admin/entry/index.html',
  'accept' => 'text/html,application/xhtml+xml,application/xml;q=0.9,image/webp,image/apng,*/*;q=0.8',
  'user-agent' => 'Mozilla/5.0 (Windows NT 10.0; WOW64) AppleWebKit/537.36 (KHTML, like Gecko) Chrome/61.0.3128.0 Safari/537.36',
  'upgrade-insecure-requests' => '1',
  'connection' => 'close',
  'host' => 'www.myblog.com',
)
[ info ] [ PARAM ] array (
)
[ info ] [ SESSION ] INIT array (
  'id' => '',
  'var_session_id' => '',
  'prefix' => 'think',
  'type' => '',
  'auto_start' => true,
)
[ info ] [ RUN ] app\admin\controller\Entry->index[ D:\WWW\myBlog\application\admin\controller\Entry.php ]
[ info ] [ VIEW ] D:\WWW\myBlog\public/../application/admin\view\entry\index.html [ array (
) ]
[ info ] [ LOG ] INIT File

---------------------------------------------------------------
[ 2017-06-19T22:55:30+08:00 ] 127.0.0.1 127.0.0.1 GET /admin/article/index.html
[ log ] www.myblog.com/admin/article/index.html [运行时间：0.252236s][吞吐率：3.96req/s] [内存消耗：2,247.52kb] [文件加载：60]
[ info ] [ LANG ] D:\WWW\myBlog\thinkphp\lang\zh-cn.php
[ info ] [ ROUTE ] array (
  'type' => 'module',
  'module' => 
  array (
    0 => 'admin',
    1 => 'article',
    2 => 'index',
  ),
)
[ info ] [ HEADER ] array (
  'cookie' => 'pgv_pvi=6365759488; PHPSESSID=6t8pb8i4kiooqceq0odt3dhni6',
  'accept-language' => 'zh-CN,zh;q=0.8',
  'accept-encoding' => 'gzip, deflate',
  'referer' => 'http://www.myblog.com/admin/entry/index.html',
  'accept' => 'text/html,application/xhtml+xml,application/xml;q=0.9,image/webp,image/apng,*/*;q=0.8',
  'user-agent' => 'Mozilla/5.0 (Windows NT 10.0; WOW64) AppleWebKit/537.36 (KHTML, like Gecko) Chrome/61.0.3128.0 Safari/537.36',
  'upgrade-insecure-requests' => '1',
  'connection' => 'close',
  'host' => 'www.myblog.com',
)
[ info ] [ PARAM ] array (
)
[ info ] [ DB ] INIT mysql
[ info ] [ RUN ] app\admin\controller\Article->index[ D:\WWW\myBlog\application\admin\controller\Article.php ]
[ info ] [ DB ] INIT mysql
[ info ] [ VIEW ] D:\WWW\myBlog\public/../application/admin\view\article\index.html [ array (
  0 => 'arcList',
) ]
[ info ] [ LOG ] INIT File
[ sql ] [ DB ] CONNECT:[ UseTime:0.000893s ] mysql:dbname=blog;host=127.0.0.1;charset=utf8
[ sql ] [ SQL ] SHOW COLUMNS FROM `blog_article` [ RunTime:0.059497s ]
[ sql ] [ SQL ] SELECT COUNT(*) AS tp_count FROM `blog_article` `a` INNER JOIN `blog_cate` `c` ON `a`.`cate_id`=`c`.`cate_id` WHERE  `a`.`is_recycle` = 2 LIMIT 1 [ RunTime:0.122619s ]
[ sql ] [ SQL ] SELECT `a`.`arc_id`,`a`.`arc_title`,`a`.`arc_author`,`a`.`sendtime`,`a`.`arc_sort`,`c`.`cate_name` FROM `blog_article` `a` INNER JOIN `blog_cate` `c` ON `a`.`cate_id`=`c`.`cate_id` WHERE  `a`.`is_recycle` = 2 ORDER BY a.arc_sort desc,a.sendtime desc,a.arc_id desc LIMIT 0,5 [ RunTime:0.001478s ]

---------------------------------------------------------------
[ 2017-06-19T22:55:43+08:00 ] 127.0.0.1 127.0.0.1 POST /admin/article/upsort.html
[ log ] www.myblog.com/admin/article/upsort.html [运行时间：0.089549s][吞吐率：11.17req/s] [内存消耗：2,228.71kb] [文件加载：61]
[ info ] [ LANG ] D:\WWW\myBlog\thinkphp\lang\zh-cn.php
[ info ] [ ROUTE ] array (
  'type' => 'module',
  'module' => 
  array (
    0 => 'admin',
    1 => 'article',
    2 => 'upsort',
  ),
)
[ info ] [ HEADER ] array (
  'cookie' => 'pgv_pvi=6365759488; PHPSESSID=6t8pb8i4kiooqceq0odt3dhni6',
  'accept-language' => 'zh-CN,zh;q=0.8',
  'accept-encoding' => 'gzip, deflate',
  'referer' => 'http://www.myblog.com/admin/article/index.html',
  'content-type' => 'application/x-www-form-urlencoded; charset=UTF-8',
  'user-agent' => 'Mozilla/5.0 (Windows NT 10.0; WOW64) AppleWebKit/537.36 (KHTML, like Gecko) Chrome/61.0.3128.0 Safari/537.36',
  'x-requested-with' => 'XMLHttpRequest',
  'origin' => 'http://www.myblog.com',
  'accept' => 'application/json, text/javascript, */*; q=0.01',
  'content-length' => '21',
  'connection' => 'close',
  'host' => 'www.myblog.com',
)
[ info ] [ PARAM ] array (
  'arc_sort' => '193',
  'arc_id' => '4',
)
[ info ] [ DB ] INIT mysql
[ info ] [ RUN ] app\admin\controller\Article->upSort[ D:\WWW\myBlog\application\admin\controller\Article.php ]
[ info ] [ SESSION ] INIT array (
  'id' => '',
  'var_session_id' => '',
  'prefix' => 'think',
  'type' => '',
  'auto_start' => true,
)
[ info ] [ CACHE ] INIT File
[ info ] [ LOG ] INIT File
[ sql ] [ DB ] CONNECT:[ UseTime:0.000938s ] mysql:dbname=blog;host=127.0.0.1;charset=utf8
[ sql ] [ SQL ] SHOW COLUMNS FROM `blog_article` [ RunTime:0.019197s ]
[ sql ] [ SQL ] UPDATE `blog_article`  SET `arc_sort`=193,`admin_id`=2,`updatetime`=1497884143  WHERE  `arc_id` = 4 [ RunTime:0.001230s ]

---------------------------------------------------------------
[ 2017-06-19T22:55:45+08:00 ] 127.0.0.1 127.0.0.1 GET /admin/article/index.html
[ log ] www.myblog.com/admin/article/index.html [运行时间：0.083558s][吞吐率：11.97req/s] [内存消耗：2,247.52kb] [文件加载：60]
[ info ] [ LANG ] D:\WWW\myBlog\thinkphp\lang\zh-cn.php
[ info ] [ ROUTE ] array (
  'type' => 'module',
  'module' => 
  array (
    0 => 'admin',
    1 => 'article',
    2 => 'index',
  ),
)
[ info ] [ HEADER ] array (
  'cookie' => 'pgv_pvi=6365759488; PHPSESSID=6t8pb8i4kiooqceq0odt3dhni6',
  'accept-language' => 'zh-CN,zh;q=0.8',
  'accept-encoding' => 'gzip, deflate',
  'referer' => 'http://www.myblog.com/admin/article/index.html',
  'accept' => 'text/html,application/xhtml+xml,application/xml;q=0.9,image/webp,image/apng,*/*;q=0.8',
  'user-agent' => 'Mozilla/5.0 (Windows NT 10.0; WOW64) AppleWebKit/537.36 (KHTML, like Gecko) Chrome/61.0.3128.0 Safari/537.36',
  'upgrade-insecure-requests' => '1',
  'connection' => 'close',
  'host' => 'www.myblog.com',
)
[ info ] [ PARAM ] array (
)
[ info ] [ DB ] INIT mysql
[ info ] [ RUN ] app\admin\controller\Article->index[ D:\WWW\myBlog\application\admin\controller\Article.php ]
[ info ] [ DB ] INIT mysql
[ info ] [ VIEW ] D:\WWW\myBlog\public/../application/admin\view\article\index.html [ array (
  0 => 'arcList',
) ]
[ info ] [ LOG ] INIT File
[ sql ] [ DB ] CONNECT:[ UseTime:0.000909s ] mysql:dbname=blog;host=127.0.0.1;charset=utf8
[ sql ] [ SQL ] SHOW COLUMNS FROM `blog_article` [ RunTime:0.024408s ]
[ sql ] [ SQL ] SELECT COUNT(*) AS tp_count FROM `blog_article` `a` INNER JOIN `blog_cate` `c` ON `a`.`cate_id`=`c`.`cate_id` WHERE  `a`.`is_recycle` = 2 LIMIT 1 [ RunTime:0.000699s ]
[ sql ] [ SQL ] SELECT `a`.`arc_id`,`a`.`arc_title`,`a`.`arc_author`,`a`.`sendtime`,`a`.`arc_sort`,`c`.`cate_name` FROM `blog_article` `a` INNER JOIN `blog_cate` `c` ON `a`.`cate_id`=`c`.`cate_id` WHERE  `a`.`is_recycle` = 2 ORDER BY a.arc_sort desc,a.sendtime desc,a.arc_id desc LIMIT 0,5 [ RunTime:0.000851s ]

---------------------------------------------------------------
[ 2017-06-19T22:55:51+08:00 ] 127.0.0.1 127.0.0.1 POST /admin/article/del.html
[ log ] www.myblog.com/admin/article/del.html [运行时间：0.059362s][吞吐率：16.85req/s] [内存消耗：2,160.09kb] [文件加载：58]
[ info ] [ LANG ] D:\WWW\myBlog\thinkphp\lang\zh-cn.php
[ info ] [ ROUTE ] array (
  'type' => 'module',
  'module' => 
  array (
    0 => 'admin',
    1 => 'article',
    2 => 'del',
  ),
)
[ info ] [ HEADER ] array (
  'cookie' => 'pgv_pvi=6365759488; PHPSESSID=6t8pb8i4kiooqceq0odt3dhni6',
  'accept-language' => 'zh-CN,zh;q=0.8',
  'accept-encoding' => 'gzip, deflate',
  'referer' => 'http://www.myblog.com/admin/article/index.html',
  'content-type' => 'application/x-www-form-urlencoded; charset=UTF-8',
  'user-agent' => 'Mozilla/5.0 (Windows NT 10.0; WOW64) AppleWebKit/537.36 (KHTML, like Gecko) Chrome/61.0.3128.0 Safari/537.36',
  'x-requested-with' => 'XMLHttpRequest',
  'origin' => 'http://www.myblog.com',
  'accept' => 'application/json, text/javascript, */*; q=0.01',
  'content-length' => '8',
  'connection' => 'close',
  'host' => 'www.myblog.com',
)
[ info ] [ PARAM ] array (
  'arc_id' => '4',
)
[ info ] [ DB ] INIT mysql
[ info ] [ RUN ] app\admin\controller\Article->del[ D:\WWW\myBlog\application\admin\controller\Article.php ]
[ info ] [ DB ] INIT mysql
[ info ] [ LOG ] INIT File
[ sql ] [ DB ] CONNECT:[ UseTime:0.000876s ] mysql:dbname=blog;host=127.0.0.1;charset=utf8
[ sql ] [ SQL ] SHOW COLUMNS FROM `blog_article` [ RunTime:0.016634s ]
[ sql ] [ SQL ] UPDATE `blog_article`  SET `is_recycle`=1  WHERE  `arc_id` = 4 [ RunTime:0.000536s ]

---------------------------------------------------------------
[ 2017-06-19T22:55:55+08:00 ] 127.0.0.1 127.0.0.1 GET /admin/article/index.html
[ log ] www.myblog.com/admin/article/index.html [运行时间：0.083487s][吞吐率：11.98req/s] [内存消耗：2,246.42kb] [文件加载：60]
[ info ] [ LANG ] D:\WWW\myBlog\thinkphp\lang\zh-cn.php
[ info ] [ ROUTE ] array (
  'type' => 'module',
  'module' => 
  array (
    0 => 'admin',
    1 => 'article',
    2 => 'index',
  ),
)
[ info ] [ HEADER ] array (
  'cookie' => 'pgv_pvi=6365759488; PHPSESSID=6t8pb8i4kiooqceq0odt3dhni6',
  'accept-language' => 'zh-CN,zh;q=0.8',
  'accept-encoding' => 'gzip, deflate',
  'referer' => 'http://www.myblog.com/admin/article/index.html',
  'accept' => 'text/html,application/xhtml+xml,application/xml;q=0.9,image/webp,image/apng,*/*;q=0.8',
  'user-agent' => 'Mozilla/5.0 (Windows NT 10.0; WOW64) AppleWebKit/537.36 (KHTML, like Gecko) Chrome/61.0.3128.0 Safari/537.36',
  'upgrade-insecure-requests' => '1',
  'connection' => 'close',
  'host' => 'www.myblog.com',
)
[ info ] [ PARAM ] array (
)
[ info ] [ DB ] INIT mysql
[ info ] [ RUN ] app\admin\controller\Article->index[ D:\WWW\myBlog\application\admin\controller\Article.php ]
[ info ] [ DB ] INIT mysql
[ info ] [ VIEW ] D:\WWW\myBlog\public/../application/admin\view\article\index.html [ array (
  0 => 'arcList',
) ]
[ info ] [ LOG ] INIT File
[ sql ] [ DB ] CONNECT:[ UseTime:0.000913s ] mysql:dbname=blog;host=127.0.0.1;charset=utf8
[ sql ] [ SQL ] SHOW COLUMNS FROM `blog_article` [ RunTime:0.016571s ]
[ sql ] [ SQL ] SELECT COUNT(*) AS tp_count FROM `blog_article` `a` INNER JOIN `blog_cate` `c` ON `a`.`cate_id`=`c`.`cate_id` WHERE  `a`.`is_recycle` = 2 LIMIT 1 [ RunTime:0.000650s ]
[ sql ] [ SQL ] SELECT `a`.`arc_id`,`a`.`arc_title`,`a`.`arc_author`,`a`.`sendtime`,`a`.`arc_sort`,`c`.`cate_name` FROM `blog_article` `a` INNER JOIN `blog_cate` `c` ON `a`.`cate_id`=`c`.`cate_id` WHERE  `a`.`is_recycle` = 2 ORDER BY a.arc_sort desc,a.sendtime desc,a.arc_id desc LIMIT 0,5 [ RunTime:0.000653s ]

---------------------------------------------------------------
[ 2017-06-19T22:55:58+08:00 ] 127.0.0.1 127.0.0.1 GET /admin/article/index.html
[ log ] www.myblog.com/admin/article/index.html [运行时间：0.062459s][吞吐率：16.01req/s] [内存消耗：2,246.42kb] [文件加载：60]
[ info ] [ LANG ] D:\WWW\myBlog\thinkphp\lang\zh-cn.php
[ info ] [ ROUTE ] array (
  'type' => 'module',
  'module' => 
  array (
    0 => 'admin',
    1 => 'article',
    2 => 'index',
  ),
)
[ info ] [ HEADER ] array (
  'cookie' => 'pgv_pvi=6365759488; PHPSESSID=6t8pb8i4kiooqceq0odt3dhni6',
  'accept-language' => 'zh-CN,zh;q=0.8',
  'accept-encoding' => 'gzip, deflate',
  'referer' => 'http://www.myblog.com/admin/article/index.html',
  'accept' => 'text/html,application/xhtml+xml,application/xml;q=0.9,image/webp,image/apng,*/*;q=0.8',
  'user-agent' => 'Mozilla/5.0 (Windows NT 10.0; WOW64) AppleWebKit/537.36 (KHTML, like Gecko) Chrome/61.0.3128.0 Safari/537.36',
  'upgrade-insecure-requests' => '1',
  'connection' => 'close',
  'host' => 'www.myblog.com',
)
[ info ] [ PARAM ] array (
)
[ info ] [ DB ] INIT mysql
[ info ] [ RUN ] app\admin\controller\Article->index[ D:\WWW\myBlog\application\admin\controller\Article.php ]
[ info ] [ DB ] INIT mysql
[ info ] [ VIEW ] D:\WWW\myBlog\public/../application/admin\view\article\index.html [ array (
  0 => 'arcList',
) ]
[ info ] [ LOG ] INIT File
[ sql ] [ DB ] CONNECT:[ UseTime:0.000903s ] mysql:dbname=blog;host=127.0.0.1;charset=utf8
[ sql ] [ SQL ] SHOW COLUMNS FROM `blog_article` [ RunTime:0.014474s ]
[ sql ] [ SQL ] SELECT COUNT(*) AS tp_count FROM `blog_article` `a` INNER JOIN `blog_cate` `c` ON `a`.`cate_id`=`c`.`cate_id` WHERE  `a`.`is_recycle` = 2 LIMIT 1 [ RunTime:0.000623s ]
[ sql ] [ SQL ] SELECT `a`.`arc_id`,`a`.`arc_title`,`a`.`arc_author`,`a`.`sendtime`,`a`.`arc_sort`,`c`.`cate_name` FROM `blog_article` `a` INNER JOIN `blog_cate` `c` ON `a`.`cate_id`=`c`.`cate_id` WHERE  `a`.`is_recycle` = 2 ORDER BY a.arc_sort desc,a.sendtime desc,a.arc_id desc LIMIT 0,5 [ RunTime:0.000555s ]

---------------------------------------------------------------
[ 2017-06-19T22:56:00+08:00 ] 127.0.0.1 127.0.0.1 GET /admin/article/index.html
[ log ] www.myblog.com/admin/article/index.html [运行时间：0.062083s][吞吐率：16.11req/s] [内存消耗：2,246.42kb] [文件加载：60]
[ info ] [ LANG ] D:\WWW\myBlog\thinkphp\lang\zh-cn.php
[ info ] [ ROUTE ] array (
  'type' => 'module',
  'module' => 
  array (
    0 => 'admin',
    1 => 'article',
    2 => 'index',
  ),
)
[ info ] [ HEADER ] array (
  'cookie' => 'pgv_pvi=6365759488; PHPSESSID=6t8pb8i4kiooqceq0odt3dhni6',
  'accept-language' => 'zh-CN,zh;q=0.8',
  'accept-encoding' => 'gzip, deflate',
  'referer' => 'http://www.myblog.com/admin/article/index.html',
  'accept' => 'text/html,application/xhtml+xml,application/xml;q=0.9,image/webp,image/apng,*/*;q=0.8',
  'user-agent' => 'Mozilla/5.0 (Windows NT 10.0; WOW64) AppleWebKit/537.36 (KHTML, like Gecko) Chrome/61.0.3128.0 Safari/537.36',
  'upgrade-insecure-requests' => '1',
  'connection' => 'close',
  'host' => 'www.myblog.com',
)
[ info ] [ PARAM ] array (
)
[ info ] [ DB ] INIT mysql
[ info ] [ RUN ] app\admin\controller\Article->index[ D:\WWW\myBlog\application\admin\controller\Article.php ]
[ info ] [ DB ] INIT mysql
[ info ] [ VIEW ] D:\WWW\myBlog\public/../application/admin\view\article\index.html [ array (
  0 => 'arcList',
) ]
[ info ] [ LOG ] INIT File
[ sql ] [ DB ] CONNECT:[ UseTime:0.000892s ] mysql:dbname=blog;host=127.0.0.1;charset=utf8
[ sql ] [ SQL ] SHOW COLUMNS FROM `blog_article` [ RunTime:0.014489s ]
[ sql ] [ SQL ] SELECT COUNT(*) AS tp_count FROM `blog_article` `a` INNER JOIN `blog_cate` `c` ON `a`.`cate_id`=`c`.`cate_id` WHERE  `a`.`is_recycle` = 2 LIMIT 1 [ RunTime:0.000603s ]
[ sql ] [ SQL ] SELECT `a`.`arc_id`,`a`.`arc_title`,`a`.`arc_author`,`a`.`sendtime`,`a`.`arc_sort`,`c`.`cate_name` FROM `blog_article` `a` INNER JOIN `blog_cate` `c` ON `a`.`cate_id`=`c`.`cate_id` WHERE  `a`.`is_recycle` = 2 ORDER BY a.arc_sort desc,a.sendtime desc,a.arc_id desc LIMIT 0,5 [ RunTime:0.000606s ]

---------------------------------------------------------------
[ 2017-06-19T22:56:01+08:00 ] 127.0.0.1 127.0.0.1 GET /admin/article/index.html
[ log ] www.myblog.com/admin/article/index.html [运行时间：0.061821s][吞吐率：16.18req/s] [内存消耗：2,246.42kb] [文件加载：60]
[ info ] [ LANG ] D:\WWW\myBlog\thinkphp\lang\zh-cn.php
[ info ] [ ROUTE ] array (
  'type' => 'module',
  'module' => 
  array (
    0 => 'admin',
    1 => 'article',
    2 => 'index',
  ),
)
[ info ] [ HEADER ] array (
  'cookie' => 'pgv_pvi=6365759488; PHPSESSID=6t8pb8i4kiooqceq0odt3dhni6',
  'accept-language' => 'zh-CN,zh;q=0.8',
  'accept-encoding' => 'gzip, deflate',
  'referer' => 'http://www.myblog.com/admin/article/index.html',
  'accept' => 'text/html,application/xhtml+xml,application/xml;q=0.9,image/webp,image/apng,*/*;q=0.8',
  'user-agent' => 'Mozilla/5.0 (Windows NT 10.0; WOW64) AppleWebKit/537.36 (KHTML, like Gecko) Chrome/61.0.3128.0 Safari/537.36',
  'upgrade-insecure-requests' => '1',
  'connection' => 'close',
  'host' => 'www.myblog.com',
)
[ info ] [ PARAM ] array (
)
[ info ] [ DB ] INIT mysql
[ info ] [ RUN ] app\admin\controller\Article->index[ D:\WWW\myBlog\application\admin\controller\Article.php ]
[ info ] [ DB ] INIT mysql
[ info ] [ VIEW ] D:\WWW\myBlog\public/../application/admin\view\article\index.html [ array (
  0 => 'arcList',
) ]
[ info ] [ LOG ] INIT File
[ sql ] [ DB ] CONNECT:[ UseTime:0.000847s ] mysql:dbname=blog;host=127.0.0.1;charset=utf8
[ sql ] [ SQL ] SHOW COLUMNS FROM `blog_article` [ RunTime:0.014647s ]
[ sql ] [ SQL ] SELECT COUNT(*) AS tp_count FROM `blog_article` `a` INNER JOIN `blog_cate` `c` ON `a`.`cate_id`=`c`.`cate_id` WHERE  `a`.`is_recycle` = 2 LIMIT 1 [ RunTime:0.000713s ]
[ sql ] [ SQL ] SELECT `a`.`arc_id`,`a`.`arc_title`,`a`.`arc_author`,`a`.`sendtime`,`a`.`arc_sort`,`c`.`cate_name` FROM `blog_article` `a` INNER JOIN `blog_cate` `c` ON `a`.`cate_id`=`c`.`cate_id` WHERE  `a`.`is_recycle` = 2 ORDER BY a.arc_sort desc,a.sendtime desc,a.arc_id desc LIMIT 0,5 [ RunTime:0.000540s ]

---------------------------------------------------------------
[ 2017-06-19T23:04:23+08:00 ] 127.0.0.1 127.0.0.1 GET /admin/article/index.html
[ log ] www.myblog.com/admin/article/index.html [运行时间：0.087181s][吞吐率：11.47req/s] [内存消耗：1,135.94kb] [文件加载：43]
[ info ] [ LANG ] D:\WWW\myBlog\thinkphp\lang\zh-cn.php
[ info ] [ ROUTE ] array (
  'type' => 'module',
  'module' => 
  array (
    0 => 'admin',
    1 => 'article',
    2 => 'index',
  ),
)
[ info ] [ HEADER ] array (
  'cookie' => 'pgv_pvi=6365759488; PHPSESSID=6t8pb8i4kiooqceq0odt3dhni6',
  'accept-language' => 'zh-CN,zh;q=0.8',
  'accept-encoding' => 'gzip, deflate',
  'referer' => 'http://www.myblog.com/admin/article/index.html',
  'accept' => 'text/html,application/xhtml+xml,application/xml;q=0.9,image/webp,image/apng,*/*;q=0.8',
  'user-agent' => 'Mozilla/5.0 (Windows NT 10.0; WOW64) AppleWebKit/537.36 (KHTML, like Gecko) Chrome/61.0.3128.0 Safari/537.36',
  'upgrade-insecure-requests' => '1',
  'cache-control' => 'max-age=0',
  'connection' => 'close',
  'host' => 'www.myblog.com',
)
[ info ] [ PARAM ] array (
)
[ info ] [ LOG ] INIT File
[ error ] [4]语法错误: unexpected '$this' (T_VARIABLE)[D:\WWW\myBlog\application\admin\controller\Article.php:112]

---------------------------------------------------------------
[ 2017-06-19T23:04:45+08:00 ] 127.0.0.1 127.0.0.1 GET /admin/article/index.html
[ log ] www.myblog.com/admin/article/index.html [运行时间：0.080617s][吞吐率：12.40req/s] [内存消耗：2,393.17kb] [文件加载：62]
[ info ] [ LANG ] D:\WWW\myBlog\thinkphp\lang\zh-cn.php
[ info ] [ ROUTE ] array (
  'type' => 'module',
  'module' => 
  array (
    0 => 'admin',
    1 => 'article',
    2 => 'index',
  ),
)
[ info ] [ HEADER ] array (
  'cookie' => 'pgv_pvi=6365759488; PHPSESSID=6t8pb8i4kiooqceq0odt3dhni6',
  'accept-language' => 'zh-CN,zh;q=0.8',
  'accept-encoding' => 'gzip, deflate',
  'referer' => 'http://www.myblog.com/admin/article/index.html',
  'accept' => 'text/html,application/xhtml+xml,application/xml;q=0.9,image/webp,image/apng,*/*;q=0.8',
  'user-agent' => 'Mozilla/5.0 (Windows NT 10.0; WOW64) AppleWebKit/537.36 (KHTML, like Gecko) Chrome/61.0.3128.0 Safari/537.36',
  'upgrade-insecure-requests' => '1',
  'cache-control' => 'max-age=0',
  'connection' => 'close',
  'host' => 'www.myblog.com',
)
[ info ] [ PARAM ] array (
)
[ info ] [ DB ] INIT mysql
[ info ] [ RUN ] app\admin\controller\Article->index[ D:\WWW\myBlog\application\admin\controller\Article.php ]
[ info ] [ DB ] INIT mysql
[ info ] [ VIEW ] D:\WWW\myBlog\public/../application/admin\view\article\index.html [ array (
  0 => 'arcList',
) ]
[ info ] [ LOG ] INIT File
[ sql ] [ DB ] CONNECT:[ UseTime:0.002590s ] mysql:dbname=blog;host=127.0.0.1;charset=utf8
[ sql ] [ SQL ] SHOW COLUMNS FROM `blog_article` [ RunTime:0.017128s ]
[ sql ] [ SQL ] SELECT COUNT(*) AS tp_count FROM `blog_article` `a` INNER JOIN `blog_cate` `c` ON `a`.`cate_id`=`c`.`cate_id` WHERE  `a`.`is_recycle` = 2 LIMIT 1 [ RunTime:0.000897s ]
[ sql ] [ SQL ] SELECT `a`.`arc_id`,`a`.`arc_title`,`a`.`arc_author`,`a`.`sendtime`,`a`.`arc_sort`,`c`.`cate_name` FROM `blog_article` `a` INNER JOIN `blog_cate` `c` ON `a`.`cate_id`=`c`.`cate_id` WHERE  `a`.`is_recycle` = 2 ORDER BY a.arc_sort desc,a.sendtime desc,a.arc_id desc LIMIT 0,5 [ RunTime:0.000567s ]

---------------------------------------------------------------
[ 2017-06-19T23:04:48+08:00 ] 127.0.0.1 127.0.0.1 GET /admin/article/index.html
[ log ] www.myblog.com/admin/article/index.html [运行时间：0.062058s][吞吐率：16.11req/s] [内存消耗：2,246.92kb] [文件加载：60]
[ info ] [ LANG ] D:\WWW\myBlog\thinkphp\lang\zh-cn.php
[ info ] [ ROUTE ] array (
  'type' => 'module',
  'module' => 
  array (
    0 => 'admin',
    1 => 'article',
    2 => 'index',
  ),
)
[ info ] [ HEADER ] array (
  'cookie' => 'pgv_pvi=6365759488; PHPSESSID=6t8pb8i4kiooqceq0odt3dhni6',
  'accept-language' => 'zh-CN,zh;q=0.8',
  'accept-encoding' => 'gzip, deflate',
  'referer' => 'http://www.myblog.com/admin/article/index.html',
  'accept' => 'text/html,application/xhtml+xml,application/xml;q=0.9,image/webp,image/apng,*/*;q=0.8',
  'user-agent' => 'Mozilla/5.0 (Windows NT 10.0; WOW64) AppleWebKit/537.36 (KHTML, like Gecko) Chrome/61.0.3128.0 Safari/537.36',
  'upgrade-insecure-requests' => '1',
  'connection' => 'close',
  'host' => 'www.myblog.com',
)
[ info ] [ PARAM ] array (
)
[ info ] [ DB ] INIT mysql
[ info ] [ RUN ] app\admin\controller\Article->index[ D:\WWW\myBlog\application\admin\controller\Article.php ]
[ info ] [ DB ] INIT mysql
[ info ] [ VIEW ] D:\WWW\myBlog\public/../application/admin\view\article\index.html [ array (
  0 => 'arcList',
) ]
[ info ] [ LOG ] INIT File
[ sql ] [ DB ] CONNECT:[ UseTime:0.000876s ] mysql:dbname=blog;host=127.0.0.1;charset=utf8
[ sql ] [ SQL ] SHOW COLUMNS FROM `blog_article` [ RunTime:0.015403s ]
[ sql ] [ SQL ] SELECT COUNT(*) AS tp_count FROM `blog_article` `a` INNER JOIN `blog_cate` `c` ON `a`.`cate_id`=`c`.`cate_id` WHERE  `a`.`is_recycle` = 2 LIMIT 1 [ RunTime:0.000555s ]
[ sql ] [ SQL ] SELECT `a`.`arc_id`,`a`.`arc_title`,`a`.`arc_author`,`a`.`sendtime`,`a`.`arc_sort`,`c`.`cate_name` FROM `blog_article` `a` INNER JOIN `blog_cate` `c` ON `a`.`cate_id`=`c`.`cate_id` WHERE  `a`.`is_recycle` = 2 ORDER BY a.arc_sort desc,a.sendtime desc,a.arc_id desc LIMIT 0,5 [ RunTime:0.000619s ]

---------------------------------------------------------------
[ 2017-06-19T23:04:50+08:00 ] 127.0.0.1 127.0.0.1 GET /admin/article/index.html
[ log ] www.myblog.com/admin/article/index.html [运行时间：0.074142s][吞吐率：13.49req/s] [内存消耗：2,246.92kb] [文件加载：60]
[ info ] [ LANG ] D:\WWW\myBlog\thinkphp\lang\zh-cn.php
[ info ] [ ROUTE ] array (
  'type' => 'module',
  'module' => 
  array (
    0 => 'admin',
    1 => 'article',
    2 => 'index',
  ),
)
[ info ] [ HEADER ] array (
  'cookie' => 'pgv_pvi=6365759488; PHPSESSID=6t8pb8i4kiooqceq0odt3dhni6',
  'accept-language' => 'zh-CN,zh;q=0.8',
  'accept-encoding' => 'gzip, deflate',
  'referer' => 'http://www.myblog.com/admin/article/index.html',
  'accept' => 'text/html,application/xhtml+xml,application/xml;q=0.9,image/webp,image/apng,*/*;q=0.8',
  'user-agent' => 'Mozilla/5.0 (Windows NT 10.0; WOW64) AppleWebKit/537.36 (KHTML, like Gecko) Chrome/61.0.3128.0 Safari/537.36',
  'upgrade-insecure-requests' => '1',
  'connection' => 'close',
  'host' => 'www.myblog.com',
)
[ info ] [ PARAM ] array (
)
[ info ] [ DB ] INIT mysql
[ info ] [ RUN ] app\admin\controller\Article->index[ D:\WWW\myBlog\application\admin\controller\Article.php ]
[ info ] [ DB ] INIT mysql
[ info ] [ VIEW ] D:\WWW\myBlog\public/../application/admin\view\article\index.html [ array (
  0 => 'arcList',
) ]
[ info ] [ LOG ] INIT File
[ sql ] [ DB ] CONNECT:[ UseTime:0.001029s ] mysql:dbname=blog;host=127.0.0.1;charset=utf8
[ sql ] [ SQL ] SHOW COLUMNS FROM `blog_article` [ RunTime:0.022799s ]
[ sql ] [ SQL ] SELECT COUNT(*) AS tp_count FROM `blog_article` `a` INNER JOIN `blog_cate` `c` ON `a`.`cate_id`=`c`.`cate_id` WHERE  `a`.`is_recycle` = 2 LIMIT 1 [ RunTime:0.000585s ]
[ sql ] [ SQL ] SELECT `a`.`arc_id`,`a`.`arc_title`,`a`.`arc_author`,`a`.`sendtime`,`a`.`arc_sort`,`c`.`cate_name` FROM `blog_article` `a` INNER JOIN `blog_cate` `c` ON `a`.`cate_id`=`c`.`cate_id` WHERE  `a`.`is_recycle` = 2 ORDER BY a.arc_sort desc,a.sendtime desc,a.arc_id desc LIMIT 0,5 [ RunTime:0.000636s ]

---------------------------------------------------------------
[ 2017-06-19T23:04:50+08:00 ] 127.0.0.1 127.0.0.1 GET /admin/article/index.html
[ log ] www.myblog.com/admin/article/index.html [运行时间：0.060666s][吞吐率：16.48req/s] [内存消耗：2,246.92kb] [文件加载：60]
[ info ] [ LANG ] D:\WWW\myBlog\thinkphp\lang\zh-cn.php
[ info ] [ ROUTE ] array (
  'type' => 'module',
  'module' => 
  array (
    0 => 'admin',
    1 => 'article',
    2 => 'index',
  ),
)
[ info ] [ HEADER ] array (
  'cookie' => 'pgv_pvi=6365759488; PHPSESSID=6t8pb8i4kiooqceq0odt3dhni6',
  'accept-language' => 'zh-CN,zh;q=0.8',
  'accept-encoding' => 'gzip, deflate',
  'referer' => 'http://www.myblog.com/admin/article/index.html',
  'accept' => 'text/html,application/xhtml+xml,application/xml;q=0.9,image/webp,image/apng,*/*;q=0.8',
  'user-agent' => 'Mozilla/5.0 (Windows NT 10.0; WOW64) AppleWebKit/537.36 (KHTML, like Gecko) Chrome/61.0.3128.0 Safari/537.36',
  'upgrade-insecure-requests' => '1',
  'connection' => 'close',
  'host' => 'www.myblog.com',
)
[ info ] [ PARAM ] array (
)
[ info ] [ DB ] INIT mysql
[ info ] [ RUN ] app\admin\controller\Article->index[ D:\WWW\myBlog\application\admin\controller\Article.php ]
[ info ] [ DB ] INIT mysql
[ info ] [ VIEW ] D:\WWW\myBlog\public/../application/admin\view\article\index.html [ array (
  0 => 'arcList',
) ]
[ info ] [ LOG ] INIT File
[ sql ] [ DB ] CONNECT:[ UseTime:0.000854s ] mysql:dbname=blog;host=127.0.0.1;charset=utf8
[ sql ] [ SQL ] SHOW COLUMNS FROM `blog_article` [ RunTime:0.015328s ]
[ sql ] [ SQL ] SELECT COUNT(*) AS tp_count FROM `blog_article` `a` INNER JOIN `blog_cate` `c` ON `a`.`cate_id`=`c`.`cate_id` WHERE  `a`.`is_recycle` = 2 LIMIT 1 [ RunTime:0.000525s ]
[ sql ] [ SQL ] SELECT `a`.`arc_id`,`a`.`arc_title`,`a`.`arc_author`,`a`.`sendtime`,`a`.`arc_sort`,`c`.`cate_name` FROM `blog_article` `a` INNER JOIN `blog_cate` `c` ON `a`.`cate_id`=`c`.`cate_id` WHERE  `a`.`is_recycle` = 2 ORDER BY a.arc_sort desc,a.sendtime desc,a.arc_id desc LIMIT 0,5 [ RunTime:0.000583s ]

---------------------------------------------------------------
[ 2017-06-19T23:04:50+08:00 ] 127.0.0.1 127.0.0.1 GET /admin/article/index.html
[ log ] www.myblog.com/admin/article/index.html [运行时间：0.062171s][吞吐率：16.08req/s] [内存消耗：2,246.92kb] [文件加载：60]
[ info ] [ LANG ] D:\WWW\myBlog\thinkphp\lang\zh-cn.php
[ info ] [ ROUTE ] array (
  'type' => 'module',
  'module' => 
  array (
    0 => 'admin',
    1 => 'article',
    2 => 'index',
  ),
)
[ info ] [ HEADER ] array (
  'cookie' => 'pgv_pvi=6365759488; PHPSESSID=6t8pb8i4kiooqceq0odt3dhni6',
  'accept-language' => 'zh-CN,zh;q=0.8',
  'accept-encoding' => 'gzip, deflate',
  'referer' => 'http://www.myblog.com/admin/article/index.html',
  'accept' => 'text/html,application/xhtml+xml,application/xml;q=0.9,image/webp,image/apng,*/*;q=0.8',
  'user-agent' => 'Mozilla/5.0 (Windows NT 10.0; WOW64) AppleWebKit/537.36 (KHTML, like Gecko) Chrome/61.0.3128.0 Safari/537.36',
  'upgrade-insecure-requests' => '1',
  'connection' => 'close',
  'host' => 'www.myblog.com',
)
[ info ] [ PARAM ] array (
)
[ info ] [ DB ] INIT mysql
[ info ] [ RUN ] app\admin\controller\Article->index[ D:\WWW\myBlog\application\admin\controller\Article.php ]
[ info ] [ DB ] INIT mysql
[ info ] [ VIEW ] D:\WWW\myBlog\public/../application/admin\view\article\index.html [ array (
  0 => 'arcList',
) ]
[ info ] [ LOG ] INIT File
[ sql ] [ DB ] CONNECT:[ UseTime:0.000876s ] mysql:dbname=blog;host=127.0.0.1;charset=utf8
[ sql ] [ SQL ] SHOW COLUMNS FROM `blog_article` [ RunTime:0.015528s ]
[ sql ] [ SQL ] SELECT COUNT(*) AS tp_count FROM `blog_article` `a` INNER JOIN `blog_cate` `c` ON `a`.`cate_id`=`c`.`cate_id` WHERE  `a`.`is_recycle` = 2 LIMIT 1 [ RunTime:0.000564s ]
[ sql ] [ SQL ] SELECT `a`.`arc_id`,`a`.`arc_title`,`a`.`arc_author`,`a`.`sendtime`,`a`.`arc_sort`,`c`.`cate_name` FROM `blog_article` `a` INNER JOIN `blog_cate` `c` ON `a`.`cate_id`=`c`.`cate_id` WHERE  `a`.`is_recycle` = 2 ORDER BY a.arc_sort desc,a.sendtime desc,a.arc_id desc LIMIT 0,5 [ RunTime:0.000762s ]

---------------------------------------------------------------
[ 2017-06-19T23:04:51+08:00 ] 127.0.0.1 127.0.0.1 GET /admin/article/index.html
[ log ] www.myblog.com/admin/article/index.html [运行时间：0.063900s][吞吐率：15.65req/s] [内存消耗：2,246.92kb] [文件加载：60]
[ info ] [ LANG ] D:\WWW\myBlog\thinkphp\lang\zh-cn.php
[ info ] [ ROUTE ] array (
  'type' => 'module',
  'module' => 
  array (
    0 => 'admin',
    1 => 'article',
    2 => 'index',
  ),
)
[ info ] [ HEADER ] array (
  'cookie' => 'pgv_pvi=6365759488; PHPSESSID=6t8pb8i4kiooqceq0odt3dhni6',
  'accept-language' => 'zh-CN,zh;q=0.8',
  'accept-encoding' => 'gzip, deflate',
  'referer' => 'http://www.myblog.com/admin/article/index.html',
  'accept' => 'text/html,application/xhtml+xml,application/xml;q=0.9,image/webp,image/apng,*/*;q=0.8',
  'user-agent' => 'Mozilla/5.0 (Windows NT 10.0; WOW64) AppleWebKit/537.36 (KHTML, like Gecko) Chrome/61.0.3128.0 Safari/537.36',
  'upgrade-insecure-requests' => '1',
  'connection' => 'close',
  'host' => 'www.myblog.com',
)
[ info ] [ PARAM ] array (
)
[ info ] [ DB ] INIT mysql
[ info ] [ RUN ] app\admin\controller\Article->index[ D:\WWW\myBlog\application\admin\controller\Article.php ]
[ info ] [ DB ] INIT mysql
[ info ] [ VIEW ] D:\WWW\myBlog\public/../application/admin\view\article\index.html [ array (
  0 => 'arcList',
) ]
[ info ] [ LOG ] INIT File
[ sql ] [ DB ] CONNECT:[ UseTime:0.000883s ] mysql:dbname=blog;host=127.0.0.1;charset=utf8
[ sql ] [ SQL ] SHOW COLUMNS FROM `blog_article` [ RunTime:0.015640s ]
[ sql ] [ SQL ] SELECT COUNT(*) AS tp_count FROM `blog_article` `a` INNER JOIN `blog_cate` `c` ON `a`.`cate_id`=`c`.`cate_id` WHERE  `a`.`is_recycle` = 2 LIMIT 1 [ RunTime:0.000623s ]
[ sql ] [ SQL ] SELECT `a`.`arc_id`,`a`.`arc_title`,`a`.`arc_author`,`a`.`sendtime`,`a`.`arc_sort`,`c`.`cate_name` FROM `blog_article` `a` INNER JOIN `blog_cate` `c` ON `a`.`cate_id`=`c`.`cate_id` WHERE  `a`.`is_recycle` = 2 ORDER BY a.arc_sort desc,a.sendtime desc,a.arc_id desc LIMIT 0,5 [ RunTime:0.000633s ]

---------------------------------------------------------------
[ 2017-06-19T23:06:03+08:00 ] 127.0.0.1 127.0.0.1 GET /admin/article/index.html
[ log ] www.myblog.com/admin/article/index.html [运行时间：0.385487s][吞吐率：2.59req/s] [内存消耗：2,387.55kb] [文件加载：64]
[ info ] [ LANG ] D:\WWW\myBlog\thinkphp\lang\zh-cn.php
[ info ] [ ROUTE ] array (
  'type' => 'module',
  'module' => 
  array (
    0 => 'admin',
    1 => 'article',
    2 => 'index',
  ),
)
[ info ] [ HEADER ] array (
  'cookie' => 'pgv_pvi=6365759488; PHPSESSID=6t8pb8i4kiooqceq0odt3dhni6',
  'accept-language' => 'zh-CN,zh;q=0.8',
  'accept-encoding' => 'gzip, deflate',
  'referer' => 'http://www.myblog.com/admin/article/index.html',
  'accept' => 'text/html,application/xhtml+xml,application/xml;q=0.9,image/webp,image/apng,*/*;q=0.8',
  'user-agent' => 'Mozilla/5.0 (Windows NT 10.0; WOW64) AppleWebKit/537.36 (KHTML, like Gecko) Chrome/61.0.3128.0 Safari/537.36',
  'upgrade-insecure-requests' => '1',
  'cache-control' => 'max-age=0',
  'connection' => 'close',
  'host' => 'www.myblog.com',
)
[ info ] [ PARAM ] array (
)
[ info ] [ DB ] INIT mysql
[ info ] [ RUN ] app\admin\controller\Article->index[ D:\WWW\myBlog\application\admin\controller\Article.php ]
[ info ] [ DB ] INIT mysql
[ info ] [ VIEW ] D:\WWW\myBlog\public/../application/admin\view\article\index.html [ array (
  0 => 'arcList',
) ]
[ info ] [ LOG ] INIT File
[ sql ] [ DB ] CONNECT:[ UseTime:0.000925s ] mysql:dbname=blog;host=127.0.0.1;charset=utf8
[ sql ] [ SQL ] SHOW COLUMNS FROM `blog_article` [ RunTime:0.015876s ]
[ sql ] [ SQL ] SELECT COUNT(*) AS tp_count FROM `blog_article` `a` INNER JOIN `blog_cate` `c` ON `a`.`cate_id`=`c`.`cate_id` WHERE  `a`.`is_recycle` = 2 LIMIT 1 [ RunTime:0.000563s ]
[ sql ] [ SQL ] SELECT `a`.`arc_id`,`a`.`arc_title`,`a`.`arc_author`,`a`.`sendtime`,`a`.`arc_sort`,`c`.`cate_name` FROM `blog_article` `a` INNER JOIN `blog_cate` `c` ON `a`.`cate_id`=`c`.`cate_id` WHERE  `a`.`is_recycle` = 2 ORDER BY a.arc_sort desc,a.sendtime desc,a.arc_id desc LIMIT 0,5 [ RunTime:0.000553s ]
[ error ] [4]语法错误: unexpected ';'[D:\WWW\myBlog\runtime\temp\475849afd84772a87dc66730aa681ffa.php:141]

---------------------------------------------------------------
[ 2017-06-19T23:06:38+08:00 ] 127.0.0.1 127.0.0.1 GET /admin/article/index.html
[ log ] www.myblog.com/admin/article/index.html [运行时间：0.072819s][吞吐率：13.73req/s] [内存消耗：2,393.24kb] [文件加载：62]
[ info ] [ LANG ] D:\WWW\myBlog\thinkphp\lang\zh-cn.php
[ info ] [ ROUTE ] array (
  'type' => 'module',
  'module' => 
  array (
    0 => 'admin',
    1 => 'article',
    2 => 'index',
  ),
)
[ info ] [ HEADER ] array (
  'cookie' => 'pgv_pvi=6365759488; PHPSESSID=6t8pb8i4kiooqceq0odt3dhni6',
  'accept-language' => 'zh-CN,zh;q=0.8',
  'accept-encoding' => 'gzip, deflate',
  'referer' => 'http://www.myblog.com/admin/article/index.html',
  'accept' => 'text/html,application/xhtml+xml,application/xml;q=0.9,image/webp,image/apng,*/*;q=0.8',
  'user-agent' => 'Mozilla/5.0 (Windows NT 10.0; WOW64) AppleWebKit/537.36 (KHTML, like Gecko) Chrome/61.0.3128.0 Safari/537.36',
  'upgrade-insecure-requests' => '1',
  'cache-control' => 'max-age=0',
  'connection' => 'close',
  'host' => 'www.myblog.com',
)
[ info ] [ PARAM ] array (
)
[ info ] [ DB ] INIT mysql
[ info ] [ RUN ] app\admin\controller\Article->index[ D:\WWW\myBlog\application\admin\controller\Article.php ]
[ info ] [ DB ] INIT mysql
[ info ] [ VIEW ] D:\WWW\myBlog\public/../application/admin\view\article\index.html [ array (
  0 => 'arcList',
) ]
[ info ] [ LOG ] INIT File
[ sql ] [ DB ] CONNECT:[ UseTime:0.000932s ] mysql:dbname=blog;host=127.0.0.1;charset=utf8
[ sql ] [ SQL ] SHOW COLUMNS FROM `blog_article` [ RunTime:0.016066s ]
[ sql ] [ SQL ] SELECT COUNT(*) AS tp_count FROM `blog_article` `a` INNER JOIN `blog_cate` `c` ON `a`.`cate_id`=`c`.`cate_id` WHERE  `a`.`is_recycle` = 2 LIMIT 1 [ RunTime:0.000518s ]
[ sql ] [ SQL ] SELECT `a`.`arc_id`,`a`.`arc_title`,`a`.`arc_author`,`a`.`sendtime`,`a`.`arc_sort`,`c`.`cate_name` FROM `blog_article` `a` INNER JOIN `blog_cate` `c` ON `a`.`cate_id`=`c`.`cate_id` WHERE  `a`.`is_recycle` = 2 ORDER BY a.arc_sort desc,a.sendtime desc,a.arc_id desc LIMIT 0,5 [ RunTime:0.000559s ]

---------------------------------------------------------------
[ 2017-06-19T23:06:41+08:00 ] 127.0.0.1 127.0.0.1 GET /admin/article/recycle.html
[ log ] www.myblog.com/admin/article/recycle.html [运行时间：0.369360s][吞吐率：2.71req/s] [内存消耗：2,277.06kb] [文件加载：62]
[ info ] [ LANG ] D:\WWW\myBlog\thinkphp\lang\zh-cn.php
[ info ] [ ROUTE ] array (
  'type' => 'module',
  'module' => 
  array (
    0 => 'admin',
    1 => 'article',
    2 => 'recycle',
  ),
)
[ info ] [ HEADER ] array (
  'cookie' => 'pgv_pvi=6365759488; PHPSESSID=6t8pb8i4kiooqceq0odt3dhni6',
  'accept-language' => 'zh-CN,zh;q=0.8',
  'accept-encoding' => 'gzip, deflate',
  'referer' => 'http://www.myblog.com/admin/article/index.html',
  'accept' => 'text/html,application/xhtml+xml,application/xml;q=0.9,image/webp,image/apng,*/*;q=0.8',
  'user-agent' => 'Mozilla/5.0 (Windows NT 10.0; WOW64) AppleWebKit/537.36 (KHTML, like Gecko) Chrome/61.0.3128.0 Safari/537.36',
  'upgrade-insecure-requests' => '1',
  'connection' => 'close',
  'host' => 'www.myblog.com',
)
[ info ] [ PARAM ] array (
)
[ info ] [ DB ] INIT mysql
[ info ] [ RUN ] app\admin\controller\Article->recycle[ D:\WWW\myBlog\application\admin\controller\Article.php ]
[ info ] [ VIEW ] D:\WWW\myBlog\public/../application/admin\view\article\recycle.html [ array (
) ]
[ info ] [ LOG ] INIT File
[ error ] [8]未定义变量: arcList[D:\WWW\myBlog\runtime\temp\61d2d89527121396ef1b186103f20a0b.php:214]

---------------------------------------------------------------
[ 2017-06-19T23:10:34+08:00 ] 127.0.0.1 127.0.0.1 GET /admin/article/recycle.html
[ log ] www.myblog.com/admin/article/recycle.html [运行时间：0.070377s][吞吐率：14.21req/s] [内存消耗：2,118.17kb] [文件加载：56]
[ info ] [ LANG ] D:\WWW\myBlog\thinkphp\lang\zh-cn.php
[ info ] [ ROUTE ] array (
  'type' => 'module',
  'module' => 
  array (
    0 => 'admin',
    1 => 'article',
    2 => 'recycle',
  ),
)
[ info ] [ HEADER ] array (
  'cookie' => 'pgv_pvi=6365759488; PHPSESSID=6t8pb8i4kiooqceq0odt3dhni6',
  'accept-language' => 'zh-CN,zh;q=0.8',
  'accept-encoding' => 'gzip, deflate',
  'referer' => 'http://www.myblog.com/admin/article/index.html',
  'accept' => 'text/html,application/xhtml+xml,application/xml;q=0.9,image/webp,image/apng,*/*;q=0.8',
  'user-agent' => 'Mozilla/5.0 (Windows NT 10.0; WOW64) AppleWebKit/537.36 (KHTML, like Gecko) Chrome/61.0.3128.0 Safari/537.36',
  'upgrade-insecure-requests' => '1',
  'cache-control' => 'max-age=0',
  'connection' => 'close',
  'host' => 'www.myblog.com',
)
[ info ] [ PARAM ] array (
)
[ info ] [ DB ] INIT mysql
[ info ] [ RUN ] app\admin\controller\Article->recycle[ D:\WWW\myBlog\application\admin\controller\Article.php ]
[ info ] [ DB ] INIT mysql
[ info ] [ LOG ] INIT File
[ sql ] [ DB ] CONNECT:[ UseTime:0.001017s ] mysql:dbname=blog;host=127.0.0.1;charset=utf8
[ sql ] [ SQL ] SHOW COLUMNS FROM `blog_article` [ RunTime:0.018208s ]
[ sql ] [ SQL ] SELECT * FROM `blog_article` WHERE  `is_recycle` = 1 [ RunTime:0.000871s ]

---------------------------------------------------------------
[ 2017-06-19T23:11:28+08:00 ] 127.0.0.1 127.0.0.1 GET /admin/article/recycle.html
[ log ] www.myblog.com/admin/article/recycle.html [运行时间：0.063493s][吞吐率：15.75req/s] [内存消耗：2,198.50kb] [文件加载：61]
[ info ] [ LANG ] D:\WWW\myBlog\thinkphp\lang\zh-cn.php
[ info ] [ ROUTE ] array (
  'type' => 'module',
  'module' => 
  array (
    0 => 'admin',
    1 => 'article',
    2 => 'recycle',
  ),
)
[ info ] [ HEADER ] array (
  'cookie' => 'pgv_pvi=6365759488; PHPSESSID=6t8pb8i4kiooqceq0odt3dhni6',
  'accept-language' => 'zh-CN,zh;q=0.8',
  'accept-encoding' => 'gzip, deflate',
  'referer' => 'http://www.myblog.com/admin/article/index.html',
  'accept' => 'text/html,application/xhtml+xml,application/xml;q=0.9,image/webp,image/apng,*/*;q=0.8',
  'user-agent' => 'Mozilla/5.0 (Windows NT 10.0; WOW64) AppleWebKit/537.36 (KHTML, like Gecko) Chrome/61.0.3128.0 Safari/537.36',
  'upgrade-insecure-requests' => '1',
  'cache-control' => 'max-age=0',
  'connection' => 'close',
  'host' => 'www.myblog.com',
)
[ info ] [ PARAM ] array (
)
[ info ] [ DB ] INIT mysql
[ info ] [ RUN ] app\admin\controller\Article->recycle[ D:\WWW\myBlog\application\admin\controller\Article.php ]
[ info ] [ DB ] INIT mysql
[ info ] [ VIEW ] D:\WWW\myBlog\public/../application/admin\view\article\recycle.html [ array (
  0 => 'arcList',
) ]
[ info ] [ LOG ] INIT File
[ sql ] [ DB ] CONNECT:[ UseTime:0.000940s ] mysql:dbname=blog;host=127.0.0.1;charset=utf8
[ sql ] [ SQL ] SHOW COLUMNS FROM `blog_article` [ RunTime:0.015371s ]
[ sql ] [ SQL ] SELECT * FROM `blog_article` WHERE  `is_recycle` = 1 [ RunTime:0.000603s ]
[ error ] [8]未定义数组索引: cate_name[D:\WWW\myBlog\runtime\temp\61d2d89527121396ef1b186103f20a0b.php:222]

---------------------------------------------------------------
[ 2017-06-19T23:12:50+08:00 ] 127.0.0.1 127.0.0.1 GET /admin/article/recycle.html
[ log ] www.myblog.com/admin/article/recycle.html [运行时间：0.086257s][吞吐率：11.59req/s] [内存消耗：2,343.36kb] [文件加载：63]
[ info ] [ LANG ] D:\WWW\myBlog\thinkphp\lang\zh-cn.php
[ info ] [ ROUTE ] array (
  'type' => 'module',
  'module' => 
  array (
    0 => 'admin',
    1 => 'article',
    2 => 'recycle',
  ),
)
[ info ] [ HEADER ] array (
  'cookie' => 'pgv_pvi=6365759488; PHPSESSID=6t8pb8i4kiooqceq0odt3dhni6',
  'accept-language' => 'zh-CN,zh;q=0.8',
  'accept-encoding' => 'gzip, deflate',
  'referer' => 'http://www.myblog.com/admin/article/index.html',
  'accept' => 'text/html,application/xhtml+xml,application/xml;q=0.9,image/webp,image/apng,*/*;q=0.8',
  'user-agent' => 'Mozilla/5.0 (Windows NT 10.0; WOW64) AppleWebKit/537.36 (KHTML, like Gecko) Chrome/61.0.3128.0 Safari/537.36',
  'upgrade-insecure-requests' => '1',
  'cache-control' => 'max-age=0',
  'connection' => 'close',
  'host' => 'www.myblog.com',
)
[ info ] [ PARAM ] array (
)
[ info ] [ DB ] INIT mysql
[ info ] [ RUN ] app\admin\controller\Article->recycle[ D:\WWW\myBlog\application\admin\controller\Article.php ]
[ info ] [ DB ] INIT mysql
[ info ] [ VIEW ] D:\WWW\myBlog\public/../application/admin\view\article\recycle.html [ array (
  0 => 'arcList',
) ]
[ info ] [ LOG ] INIT File
[ sql ] [ DB ] CONNECT:[ UseTime:0.002398s ] mysql:dbname=blog;host=127.0.0.1;charset=utf8
[ sql ] [ SQL ] SHOW COLUMNS FROM `blog_article` [ RunTime:0.017988s ]
[ sql ] [ SQL ] SELECT * FROM `blog_article` WHERE  `is_recycle` = 1 [ RunTime:0.000747s ]
[ error ] [8]未定义数组索引: cate_name[D:\WWW\myBlog\runtime\temp\61d2d89527121396ef1b186103f20a0b.php:222]

---------------------------------------------------------------
[ 2017-06-19T23:13:00+08:00 ] 127.0.0.1 127.0.0.1 GET /admin/article/recycle.html
[ log ] www.myblog.com/admin/article/recycle.html [运行时间：0.399992s][吞吐率：2.50req/s] [内存消耗：2,353.11kb] [文件加载：63]
[ info ] [ LANG ] D:\WWW\myBlog\thinkphp\lang\zh-cn.php
[ info ] [ ROUTE ] array (
  'type' => 'module',
  'module' => 
  array (
    0 => 'admin',
    1 => 'article',
    2 => 'recycle',
  ),
)
[ info ] [ HEADER ] array (
  'cookie' => 'pgv_pvi=6365759488; PHPSESSID=6t8pb8i4kiooqceq0odt3dhni6',
  'accept-language' => 'zh-CN,zh;q=0.8',
  'accept-encoding' => 'gzip, deflate',
  'referer' => 'http://www.myblog.com/admin/article/index.html',
  'accept' => 'text/html,application/xhtml+xml,application/xml;q=0.9,image/webp,image/apng,*/*;q=0.8',
  'user-agent' => 'Mozilla/5.0 (Windows NT 10.0; WOW64) AppleWebKit/537.36 (KHTML, like Gecko) Chrome/61.0.3128.0 Safari/537.36',
  'upgrade-insecure-requests' => '1',
  'cache-control' => 'max-age=0',
  'connection' => 'close',
  'host' => 'www.myblog.com',
)
[ info ] [ PARAM ] array (
)
[ info ] [ DB ] INIT mysql
[ info ] [ RUN ] app\admin\controller\Article->recycle[ D:\WWW\myBlog\application\admin\controller\Article.php ]
[ info ] [ DB ] INIT mysql
[ info ] [ VIEW ] D:\WWW\myBlog\public/../application/admin\view\article\recycle.html [ array (
  0 => 'arcList',
) ]
[ info ] [ LOG ] INIT File
[ sql ] [ DB ] CONNECT:[ UseTime:0.000889s ] mysql:dbname=blog;host=127.0.0.1;charset=utf8
[ sql ] [ SQL ] SHOW COLUMNS FROM `blog_article` [ RunTime:0.015791s ]
[ sql ] [ SQL ] SELECT * FROM `blog_article` WHERE  `is_recycle` = 1 [ RunTime:0.000665s ]
[ error ] [1]Call to a member function render() on a non-object[D:\WWW\myBlog\runtime\temp\61d2d89527121396ef1b186103f20a0b.php:240]

---------------------------------------------------------------
[ 2017-06-19T23:13:24+08:00 ] 127.0.0.1 127.0.0.1 GET /admin/article/recycle.html
[ log ] www.myblog.com/admin/article/recycle.html [运行时间：0.066259s][吞吐率：15.09req/s] [内存消耗：2,312.75kb] [文件加载：59]
[ info ] [ LANG ] D:\WWW\myBlog\thinkphp\lang\zh-cn.php
[ info ] [ ROUTE ] array (
  'type' => 'module',
  'module' => 
  array (
    0 => 'admin',
    1 => 'article',
    2 => 'recycle',
  ),
)
[ info ] [ HEADER ] array (
  'cookie' => 'pgv_pvi=6365759488; PHPSESSID=6t8pb8i4kiooqceq0odt3dhni6',
  'accept-language' => 'zh-CN,zh;q=0.8',
  'accept-encoding' => 'gzip, deflate',
  'referer' => 'http://www.myblog.com/admin/article/index.html',
  'accept' => 'text/html,application/xhtml+xml,application/xml;q=0.9,image/webp,image/apng,*/*;q=0.8',
  'user-agent' => 'Mozilla/5.0 (Windows NT 10.0; WOW64) AppleWebKit/537.36 (KHTML, like Gecko) Chrome/61.0.3128.0 Safari/537.36',
  'upgrade-insecure-requests' => '1',
  'cache-control' => 'max-age=0',
  'connection' => 'close',
  'host' => 'www.myblog.com',
)
[ info ] [ PARAM ] array (
)
[ info ] [ DB ] INIT mysql
[ info ] [ RUN ] app\admin\controller\Article->recycle[ D:\WWW\myBlog\application\admin\controller\Article.php ]
[ info ] [ DB ] INIT mysql
[ info ] [ VIEW ] D:\WWW\myBlog\public/../application/admin\view\article\recycle.html [ array (
  0 => 'arcList',
) ]
[ info ] [ LOG ] INIT File
[ sql ] [ DB ] CONNECT:[ UseTime:0.001121s ] mysql:dbname=blog;host=127.0.0.1;charset=utf8
[ sql ] [ SQL ] SHOW COLUMNS FROM `blog_article` [ RunTime:0.016465s ]
[ sql ] [ SQL ] SELECT * FROM `blog_article` WHERE  `is_recycle` = 1 [ RunTime:0.000702s ]

---------------------------------------------------------------
[ 2017-06-19T23:16:58+08:00 ] 127.0.0.1 127.0.0.1 GET /admin/article/recycle.html
[ log ] www.myblog.com/admin/article/recycle.html [运行时间：0.072822s][吞吐率：13.73req/s] [内存消耗：2,393.63kb] [文件加载：62]
[ info ] [ LANG ] D:\WWW\myBlog\thinkphp\lang\zh-cn.php
[ info ] [ ROUTE ] array (
  'type' => 'module',
  'module' => 
  array (
    0 => 'admin',
    1 => 'article',
    2 => 'recycle',
  ),
)
[ info ] [ HEADER ] array (
  'cookie' => 'pgv_pvi=6365759488; PHPSESSID=6t8pb8i4kiooqceq0odt3dhni6',
  'accept-language' => 'zh-CN,zh;q=0.8',
  'accept-encoding' => 'gzip, deflate',
  'referer' => 'http://www.myblog.com/admin/article/index.html',
  'accept' => 'text/html,application/xhtml+xml,application/xml;q=0.9,image/webp,image/apng,*/*;q=0.8',
  'user-agent' => 'Mozilla/5.0 (Windows NT 10.0; WOW64) AppleWebKit/537.36 (KHTML, like Gecko) Chrome/61.0.3128.0 Safari/537.36',
  'upgrade-insecure-requests' => '1',
  'cache-control' => 'max-age=0',
  'connection' => 'close',
  'host' => 'www.myblog.com',
)
[ info ] [ PARAM ] array (
)
[ info ] [ DB ] INIT mysql
[ info ] [ RUN ] app\admin\controller\Article->recycle[ D:\WWW\myBlog\application\admin\controller\Article.php ]
[ info ] [ DB ] INIT mysql
[ info ] [ VIEW ] D:\WWW\myBlog\public/../application/admin\view\article\recycle.html [ array (
  0 => 'arcList',
) ]
[ info ] [ LOG ] INIT File
[ sql ] [ DB ] CONNECT:[ UseTime:0.000922s ] mysql:dbname=blog;host=127.0.0.1;charset=utf8
[ sql ] [ SQL ] SHOW COLUMNS FROM `blog_article` [ RunTime:0.016021s ]
[ sql ] [ SQL ] SELECT COUNT(*) AS tp_count FROM `blog_article` `a` INNER JOIN `blog_cate` `c` ON `a`.`cate_id`=`c`.`cate_id` WHERE  `a`.`is_recycle` = 1 LIMIT 1 [ RunTime:0.001163s ]
[ sql ] [ SQL ] SELECT `a`.`arc_id`,`a`.`arc_title`,`a`.`arc_author`,`a`.`sendtime`,`a`.`arc_sort`,`c`.`cate_name` FROM `blog_article` `a` INNER JOIN `blog_cate` `c` ON `a`.`cate_id`=`c`.`cate_id` WHERE  `a`.`is_recycle` = 1 ORDER BY a.arc_sort desc,a.sendtime desc,a.arc_id desc LIMIT 0,5 [ RunTime:0.000553s ]

---------------------------------------------------------------
[ 2017-06-19T23:17:03+08:00 ] 127.0.0.1 127.0.0.1 GET /admin/article/recycle.html
[ log ] www.myblog.com/admin/article/recycle.html [运行时间：0.061823s][吞吐率：16.18req/s] [内存消耗：2,247.45kb] [文件加载：60]
[ info ] [ LANG ] D:\WWW\myBlog\thinkphp\lang\zh-cn.php
[ info ] [ ROUTE ] array (
  'type' => 'module',
  'module' => 
  array (
    0 => 'admin',
    1 => 'article',
    2 => 'recycle',
  ),
)
[ info ] [ HEADER ] array (
  'cookie' => 'pgv_pvi=6365759488; PHPSESSID=6t8pb8i4kiooqceq0odt3dhni6',
  'accept-language' => 'zh-CN,zh;q=0.8',
  'accept-encoding' => 'gzip, deflate',
  'referer' => 'http://www.myblog.com/admin/article/index.html',
  'accept' => 'text/html,application/xhtml+xml,application/xml;q=0.9,image/webp,image/apng,*/*;q=0.8',
  'user-agent' => 'Mozilla/5.0 (Windows NT 10.0; WOW64) AppleWebKit/537.36 (KHTML, like Gecko) Chrome/61.0.3128.0 Safari/537.36',
  'upgrade-insecure-requests' => '1',
  'cache-control' => 'max-age=0',
  'connection' => 'close',
  'host' => 'www.myblog.com',
)
[ info ] [ PARAM ] array (
)
[ info ] [ DB ] INIT mysql
[ info ] [ RUN ] app\admin\controller\Article->recycle[ D:\WWW\myBlog\application\admin\controller\Article.php ]
[ info ] [ DB ] INIT mysql
[ info ] [ VIEW ] D:\WWW\myBlog\public/../application/admin\view\article\recycle.html [ array (
  0 => 'arcList',
) ]
[ info ] [ LOG ] INIT File
[ sql ] [ DB ] CONNECT:[ UseTime:0.000897s ] mysql:dbname=blog;host=127.0.0.1;charset=utf8
[ sql ] [ SQL ] SHOW COLUMNS FROM `blog_article` [ RunTime:0.015486s ]
[ sql ] [ SQL ] SELECT COUNT(*) AS tp_count FROM `blog_article` `a` INNER JOIN `blog_cate` `c` ON `a`.`cate_id`=`c`.`cate_id` WHERE  `a`.`is_recycle` = 1 LIMIT 1 [ RunTime:0.000691s ]
[ sql ] [ SQL ] SELECT `a`.`arc_id`,`a`.`arc_title`,`a`.`arc_author`,`a`.`sendtime`,`a`.`arc_sort`,`c`.`cate_name` FROM `blog_article` `a` INNER JOIN `blog_cate` `c` ON `a`.`cate_id`=`c`.`cate_id` WHERE  `a`.`is_recycle` = 1 ORDER BY a.arc_sort desc,a.sendtime desc,a.arc_id desc LIMIT 0,5 [ RunTime:0.000692s ]

---------------------------------------------------------------
[ 2017-06-19T23:17:05+08:00 ] 127.0.0.1 127.0.0.1 GET /admin/article/store.html
[ log ] www.myblog.com/admin/article/store.html [运行时间：0.424209s][吞吐率：2.36req/s] [内存消耗：2,424.76kb] [文件加载：62]
[ info ] [ LANG ] D:\WWW\myBlog\thinkphp\lang\zh-cn.php
[ info ] [ ROUTE ] array (
  'type' => 'module',
  'module' => 
  array (
    0 => 'admin',
    1 => 'article',
    2 => 'store',
  ),
)
[ info ] [ HEADER ] array (
  'cookie' => 'pgv_pvi=6365759488; PHPSESSID=6t8pb8i4kiooqceq0odt3dhni6',
  'accept-language' => 'zh-CN,zh;q=0.8',
  'accept-encoding' => 'gzip, deflate',
  'referer' => 'http://www.myblog.com/admin/article/recycle.html',
  'accept' => 'text/html,application/xhtml+xml,application/xml;q=0.9,image/webp,image/apng,*/*;q=0.8',
  'user-agent' => 'Mozilla/5.0 (Windows NT 10.0; WOW64) AppleWebKit/537.36 (KHTML, like Gecko) Chrome/61.0.3128.0 Safari/537.36',
  'upgrade-insecure-requests' => '1',
  'connection' => 'close',
  'host' => 'www.myblog.com',
)
[ info ] [ PARAM ] array (
)
[ info ] [ DB ] INIT mysql
[ info ] [ RUN ] app\admin\controller\Article->store[ D:\WWW\myBlog\application\admin\controller\Article.php ]
[ info ] [ DB ] INIT mysql
[ info ] [ DB ] INIT mysql
[ info ] [ VIEW ] D:\WWW\myBlog\public/../application/admin\view\article\store.html [ array (
  0 => 'cateData',
  1 => 'tagList',
) ]
[ info ] [ LOG ] INIT File
[ sql ] [ DB ] CONNECT:[ UseTime:0.000886s ] mysql:dbname=blog;host=127.0.0.1;charset=utf8
[ sql ] [ SQL ] SHOW COLUMNS FROM `blog_cate` [ RunTime:0.015075s ]
[ sql ] [ SQL ] SELECT * FROM `blog_cate` [ RunTime:0.000451s ]
[ sql ] [ DB ] CONNECT:[ UseTime:0.000756s ] mysql:dbname=blog;host=127.0.0.1;charset=utf8
[ sql ] [ SQL ] SHOW COLUMNS FROM `blog_tag` [ RunTime:0.337556s ]
[ sql ] [ SQL ] SELECT * FROM `blog_tag` [ RunTime:0.001189s ]

---------------------------------------------------------------
[ 2017-06-19T23:17:07+08:00 ] 127.0.0.1 127.0.0.1 GET /admin/article/index.html
[ log ] www.myblog.com/admin/article/index.html [运行时间：0.062005s][吞吐率：16.13req/s] [内存消耗：2,247.59kb] [文件加载：60]
[ info ] [ LANG ] D:\WWW\myBlog\thinkphp\lang\zh-cn.php
[ info ] [ ROUTE ] array (
  'type' => 'module',
  'module' => 
  array (
    0 => 'admin',
    1 => 'article',
    2 => 'index',
  ),
)
[ info ] [ HEADER ] array (
  'cookie' => 'pgv_pvi=6365759488; PHPSESSID=6t8pb8i4kiooqceq0odt3dhni6',
  'accept-language' => 'zh-CN,zh;q=0.8',
  'accept-encoding' => 'gzip, deflate',
  'referer' => 'http://www.myblog.com/admin/article/store.html',
  'accept' => 'text/html,application/xhtml+xml,application/xml;q=0.9,image/webp,image/apng,*/*;q=0.8',
  'user-agent' => 'Mozilla/5.0 (Windows NT 10.0; WOW64) AppleWebKit/537.36 (KHTML, like Gecko) Chrome/61.0.3128.0 Safari/537.36',
  'upgrade-insecure-requests' => '1',
  'connection' => 'close',
  'host' => 'www.myblog.com',
)
[ info ] [ PARAM ] array (
)
[ info ] [ DB ] INIT mysql
[ info ] [ RUN ] app\admin\controller\Article->index[ D:\WWW\myBlog\application\admin\controller\Article.php ]
[ info ] [ DB ] INIT mysql
[ info ] [ VIEW ] D:\WWW\myBlog\public/../application/admin\view\article\index.html [ array (
  0 => 'arcList',
) ]
[ info ] [ LOG ] INIT File
[ sql ] [ DB ] CONNECT:[ UseTime:0.000901s ] mysql:dbname=blog;host=127.0.0.1;charset=utf8
[ sql ] [ SQL ] SHOW COLUMNS FROM `blog_article` [ RunTime:0.015315s ]
[ sql ] [ SQL ] SELECT COUNT(*) AS tp_count FROM `blog_article` `a` INNER JOIN `blog_cate` `c` ON `a`.`cate_id`=`c`.`cate_id` WHERE  `a`.`is_recycle` = 2 LIMIT 1 [ RunTime:0.000556s ]
[ sql ] [ SQL ] SELECT `a`.`arc_id`,`a`.`arc_title`,`a`.`arc_author`,`a`.`sendtime`,`a`.`arc_sort`,`c`.`cate_name` FROM `blog_article` `a` INNER JOIN `blog_cate` `c` ON `a`.`cate_id`=`c`.`cate_id` WHERE  `a`.`is_recycle` = 2 ORDER BY a.arc_sort desc,a.sendtime desc,a.arc_id desc LIMIT 0,5 [ RunTime:0.000593s ]

---------------------------------------------------------------
[ 2017-06-19T23:17:10+08:00 ] 127.0.0.1 127.0.0.1 GET /admin/article/index.html
[ log ] www.myblog.com/admin/article/index.html [运行时间：0.061047s][吞吐率：16.38req/s] [内存消耗：2,247.59kb] [文件加载：60]
[ info ] [ LANG ] D:\WWW\myBlog\thinkphp\lang\zh-cn.php
[ info ] [ ROUTE ] array (
  'type' => 'module',
  'module' => 
  array (
    0 => 'admin',
    1 => 'article',
    2 => 'index',
  ),
)
[ info ] [ HEADER ] array (
  'cookie' => 'pgv_pvi=6365759488; PHPSESSID=6t8pb8i4kiooqceq0odt3dhni6',
  'accept-language' => 'zh-CN,zh;q=0.8',
  'accept-encoding' => 'gzip, deflate',
  'referer' => 'http://www.myblog.com/admin/article/index.html',
  'accept' => 'text/html,application/xhtml+xml,application/xml;q=0.9,image/webp,image/apng,*/*;q=0.8',
  'user-agent' => 'Mozilla/5.0 (Windows NT 10.0; WOW64) AppleWebKit/537.36 (KHTML, like Gecko) Chrome/61.0.3128.0 Safari/537.36',
  'upgrade-insecure-requests' => '1',
  'connection' => 'close',
  'host' => 'www.myblog.com',
)
[ info ] [ PARAM ] array (
)
[ info ] [ DB ] INIT mysql
[ info ] [ RUN ] app\admin\controller\Article->index[ D:\WWW\myBlog\application\admin\controller\Article.php ]
[ info ] [ DB ] INIT mysql
[ info ] [ VIEW ] D:\WWW\myBlog\public/../application/admin\view\article\index.html [ array (
  0 => 'arcList',
) ]
[ info ] [ LOG ] INIT File
[ sql ] [ DB ] CONNECT:[ UseTime:0.000871s ] mysql:dbname=blog;host=127.0.0.1;charset=utf8
[ sql ] [ SQL ] SHOW COLUMNS FROM `blog_article` [ RunTime:0.015479s ]
[ sql ] [ SQL ] SELECT COUNT(*) AS tp_count FROM `blog_article` `a` INNER JOIN `blog_cate` `c` ON `a`.`cate_id`=`c`.`cate_id` WHERE  `a`.`is_recycle` = 2 LIMIT 1 [ RunTime:0.000549s ]
[ sql ] [ SQL ] SELECT `a`.`arc_id`,`a`.`arc_title`,`a`.`arc_author`,`a`.`sendtime`,`a`.`arc_sort`,`c`.`cate_name` FROM `blog_article` `a` INNER JOIN `blog_cate` `c` ON `a`.`cate_id`=`c`.`cate_id` WHERE  `a`.`is_recycle` = 2 ORDER BY a.arc_sort desc,a.sendtime desc,a.arc_id desc LIMIT 0,5 [ RunTime:0.000591s ]

---------------------------------------------------------------
[ 2017-06-19T23:17:11+08:00 ] 127.0.0.1 127.0.0.1 GET /admin/article/index.html
[ log ] www.myblog.com/admin/article/index.html [运行时间：0.060567s][吞吐率：16.51req/s] [内存消耗：2,247.59kb] [文件加载：60]
[ info ] [ LANG ] D:\WWW\myBlog\thinkphp\lang\zh-cn.php
[ info ] [ ROUTE ] array (
  'type' => 'module',
  'module' => 
  array (
    0 => 'admin',
    1 => 'article',
    2 => 'index',
  ),
)
[ info ] [ HEADER ] array (
  'cookie' => 'pgv_pvi=6365759488; PHPSESSID=6t8pb8i4kiooqceq0odt3dhni6',
  'accept-language' => 'zh-CN,zh;q=0.8',
  'accept-encoding' => 'gzip, deflate',
  'referer' => 'http://www.myblog.com/admin/article/index.html',
  'accept' => 'text/html,application/xhtml+xml,application/xml;q=0.9,image/webp,image/apng,*/*;q=0.8',
  'user-agent' => 'Mozilla/5.0 (Windows NT 10.0; WOW64) AppleWebKit/537.36 (KHTML, like Gecko) Chrome/61.0.3128.0 Safari/537.36',
  'upgrade-insecure-requests' => '1',
  'connection' => 'close',
  'host' => 'www.myblog.com',
)
[ info ] [ PARAM ] array (
)
[ info ] [ DB ] INIT mysql
[ info ] [ RUN ] app\admin\controller\Article->index[ D:\WWW\myBlog\application\admin\controller\Article.php ]
[ info ] [ DB ] INIT mysql
[ info ] [ VIEW ] D:\WWW\myBlog\public/../application/admin\view\article\index.html [ array (
  0 => 'arcList',
) ]
[ info ] [ LOG ] INIT File
[ sql ] [ DB ] CONNECT:[ UseTime:0.000874s ] mysql:dbname=blog;host=127.0.0.1;charset=utf8
[ sql ] [ SQL ] SHOW COLUMNS FROM `blog_article` [ RunTime:0.015038s ]
[ sql ] [ SQL ] SELECT COUNT(*) AS tp_count FROM `blog_article` `a` INNER JOIN `blog_cate` `c` ON `a`.`cate_id`=`c`.`cate_id` WHERE  `a`.`is_recycle` = 2 LIMIT 1 [ RunTime:0.000519s ]
[ sql ] [ SQL ] SELECT `a`.`arc_id`,`a`.`arc_title`,`a`.`arc_author`,`a`.`sendtime`,`a`.`arc_sort`,`c`.`cate_name` FROM `blog_article` `a` INNER JOIN `blog_cate` `c` ON `a`.`cate_id`=`c`.`cate_id` WHERE  `a`.`is_recycle` = 2 ORDER BY a.arc_sort desc,a.sendtime desc,a.arc_id desc LIMIT 0,5 [ RunTime:0.000539s ]

---------------------------------------------------------------
[ 2017-06-19T23:17:11+08:00 ] 127.0.0.1 127.0.0.1 GET /admin/article/index.html
[ log ] www.myblog.com/admin/article/index.html [运行时间：0.061457s][吞吐率：16.27req/s] [内存消耗：2,247.59kb] [文件加载：60]
[ info ] [ LANG ] D:\WWW\myBlog\thinkphp\lang\zh-cn.php
[ info ] [ ROUTE ] array (
  'type' => 'module',
  'module' => 
  array (
    0 => 'admin',
    1 => 'article',
    2 => 'index',
  ),
)
[ info ] [ HEADER ] array (
  'cookie' => 'pgv_pvi=6365759488; PHPSESSID=6t8pb8i4kiooqceq0odt3dhni6',
  'accept-language' => 'zh-CN,zh;q=0.8',
  'accept-encoding' => 'gzip, deflate',
  'referer' => 'http://www.myblog.com/admin/article/index.html',
  'accept' => 'text/html,application/xhtml+xml,application/xml;q=0.9,image/webp,image/apng,*/*;q=0.8',
  'user-agent' => 'Mozilla/5.0 (Windows NT 10.0; WOW64) AppleWebKit/537.36 (KHTML, like Gecko) Chrome/61.0.3128.0 Safari/537.36',
  'upgrade-insecure-requests' => '1',
  'connection' => 'close',
  'host' => 'www.myblog.com',
)
[ info ] [ PARAM ] array (
)
[ info ] [ DB ] INIT mysql
[ info ] [ RUN ] app\admin\controller\Article->index[ D:\WWW\myBlog\application\admin\controller\Article.php ]
[ info ] [ DB ] INIT mysql
[ info ] [ VIEW ] D:\WWW\myBlog\public/../application/admin\view\article\index.html [ array (
  0 => 'arcList',
) ]
[ info ] [ LOG ] INIT File
[ sql ] [ DB ] CONNECT:[ UseTime:0.000878s ] mysql:dbname=blog;host=127.0.0.1;charset=utf8
[ sql ] [ SQL ] SHOW COLUMNS FROM `blog_article` [ RunTime:0.015238s ]
[ sql ] [ SQL ] SELECT COUNT(*) AS tp_count FROM `blog_article` `a` INNER JOIN `blog_cate` `c` ON `a`.`cate_id`=`c`.`cate_id` WHERE  `a`.`is_recycle` = 2 LIMIT 1 [ RunTime:0.000521s ]
[ sql ] [ SQL ] SELECT `a`.`arc_id`,`a`.`arc_title`,`a`.`arc_author`,`a`.`sendtime`,`a`.`arc_sort`,`c`.`cate_name` FROM `blog_article` `a` INNER JOIN `blog_cate` `c` ON `a`.`cate_id`=`c`.`cate_id` WHERE  `a`.`is_recycle` = 2 ORDER BY a.arc_sort desc,a.sendtime desc,a.arc_id desc LIMIT 0,5 [ RunTime:0.000551s ]

---------------------------------------------------------------
[ 2017-06-19T23:17:11+08:00 ] 127.0.0.1 127.0.0.1 GET /admin/article/index.html
[ log ] www.myblog.com/admin/article/index.html [运行时间：0.060830s][吞吐率：16.44req/s] [内存消耗：2,247.59kb] [文件加载：60]
[ info ] [ LANG ] D:\WWW\myBlog\thinkphp\lang\zh-cn.php
[ info ] [ ROUTE ] array (
  'type' => 'module',
  'module' => 
  array (
    0 => 'admin',
    1 => 'article',
    2 => 'index',
  ),
)
[ info ] [ HEADER ] array (
  'cookie' => 'pgv_pvi=6365759488; PHPSESSID=6t8pb8i4kiooqceq0odt3dhni6',
  'accept-language' => 'zh-CN,zh;q=0.8',
  'accept-encoding' => 'gzip, deflate',
  'referer' => 'http://www.myblog.com/admin/article/index.html',
  'accept' => 'text/html,application/xhtml+xml,application/xml;q=0.9,image/webp,image/apng,*/*;q=0.8',
  'user-agent' => 'Mozilla/5.0 (Windows NT 10.0; WOW64) AppleWebKit/537.36 (KHTML, like Gecko) Chrome/61.0.3128.0 Safari/537.36',
  'upgrade-insecure-requests' => '1',
  'connection' => 'close',
  'host' => 'www.myblog.com',
)
[ info ] [ PARAM ] array (
)
[ info ] [ DB ] INIT mysql
[ info ] [ RUN ] app\admin\controller\Article->index[ D:\WWW\myBlog\application\admin\controller\Article.php ]
[ info ] [ DB ] INIT mysql
[ info ] [ VIEW ] D:\WWW\myBlog\public/../application/admin\view\article\index.html [ array (
  0 => 'arcList',
) ]
[ info ] [ LOG ] INIT File
[ sql ] [ DB ] CONNECT:[ UseTime:0.000839s ] mysql:dbname=blog;host=127.0.0.1;charset=utf8
[ sql ] [ SQL ] SHOW COLUMNS FROM `blog_article` [ RunTime:0.014892s ]
[ sql ] [ SQL ] SELECT COUNT(*) AS tp_count FROM `blog_article` `a` INNER JOIN `blog_cate` `c` ON `a`.`cate_id`=`c`.`cate_id` WHERE  `a`.`is_recycle` = 2 LIMIT 1 [ RunTime:0.000621s ]
[ sql ] [ SQL ] SELECT `a`.`arc_id`,`a`.`arc_title`,`a`.`arc_author`,`a`.`sendtime`,`a`.`arc_sort`,`c`.`cate_name` FROM `blog_article` `a` INNER JOIN `blog_cate` `c` ON `a`.`cate_id`=`c`.`cate_id` WHERE  `a`.`is_recycle` = 2 ORDER BY a.arc_sort desc,a.sendtime desc,a.arc_id desc LIMIT 0,5 [ RunTime:0.000709s ]

---------------------------------------------------------------
[ 2017-06-19T23:17:12+08:00 ] 127.0.0.1 127.0.0.1 GET /admin/article/index.html
[ log ] www.myblog.com/admin/article/index.html [运行时间：0.061700s][吞吐率：16.21req/s] [内存消耗：2,247.59kb] [文件加载：60]
[ info ] [ LANG ] D:\WWW\myBlog\thinkphp\lang\zh-cn.php
[ info ] [ ROUTE ] array (
  'type' => 'module',
  'module' => 
  array (
    0 => 'admin',
    1 => 'article',
    2 => 'index',
  ),
)
[ info ] [ HEADER ] array (
  'cookie' => 'pgv_pvi=6365759488; PHPSESSID=6t8pb8i4kiooqceq0odt3dhni6',
  'accept-language' => 'zh-CN,zh;q=0.8',
  'accept-encoding' => 'gzip, deflate',
  'referer' => 'http://www.myblog.com/admin/article/index.html',
  'accept' => 'text/html,application/xhtml+xml,application/xml;q=0.9,image/webp,image/apng,*/*;q=0.8',
  'user-agent' => 'Mozilla/5.0 (Windows NT 10.0; WOW64) AppleWebKit/537.36 (KHTML, like Gecko) Chrome/61.0.3128.0 Safari/537.36',
  'upgrade-insecure-requests' => '1',
  'connection' => 'close',
  'host' => 'www.myblog.com',
)
[ info ] [ PARAM ] array (
)
[ info ] [ DB ] INIT mysql
[ info ] [ RUN ] app\admin\controller\Article->index[ D:\WWW\myBlog\application\admin\controller\Article.php ]
[ info ] [ DB ] INIT mysql
[ info ] [ VIEW ] D:\WWW\myBlog\public/../application/admin\view\article\index.html [ array (
  0 => 'arcList',
) ]
[ info ] [ LOG ] INIT File
[ sql ] [ DB ] CONNECT:[ UseTime:0.001042s ] mysql:dbname=blog;host=127.0.0.1;charset=utf8
[ sql ] [ SQL ] SHOW COLUMNS FROM `blog_article` [ RunTime:0.015191s ]
[ sql ] [ SQL ] SELECT COUNT(*) AS tp_count FROM `blog_article` `a` INNER JOIN `blog_cate` `c` ON `a`.`cate_id`=`c`.`cate_id` WHERE  `a`.`is_recycle` = 2 LIMIT 1 [ RunTime:0.000525s ]
[ sql ] [ SQL ] SELECT `a`.`arc_id`,`a`.`arc_title`,`a`.`arc_author`,`a`.`sendtime`,`a`.`arc_sort`,`c`.`cate_name` FROM `blog_article` `a` INNER JOIN `blog_cate` `c` ON `a`.`cate_id`=`c`.`cate_id` WHERE  `a`.`is_recycle` = 2 ORDER BY a.arc_sort desc,a.sendtime desc,a.arc_id desc LIMIT 0,5 [ RunTime:0.000564s ]

---------------------------------------------------------------
[ 2017-06-19T23:17:12+08:00 ] 127.0.0.1 127.0.0.1 GET /admin/article/index.html
[ log ] www.myblog.com/admin/article/index.html [运行时间：0.059913s][吞吐率：16.69req/s] [内存消耗：2,247.59kb] [文件加载：60]
[ info ] [ LANG ] D:\WWW\myBlog\thinkphp\lang\zh-cn.php
[ info ] [ ROUTE ] array (
  'type' => 'module',
  'module' => 
  array (
    0 => 'admin',
    1 => 'article',
    2 => 'index',
  ),
)
[ info ] [ HEADER ] array (
  'cookie' => 'pgv_pvi=6365759488; PHPSESSID=6t8pb8i4kiooqceq0odt3dhni6',
  'accept-language' => 'zh-CN,zh;q=0.8',
  'accept-encoding' => 'gzip, deflate',
  'referer' => 'http://www.myblog.com/admin/article/index.html',
  'accept' => 'text/html,application/xhtml+xml,application/xml;q=0.9,image/webp,image/apng,*/*;q=0.8',
  'user-agent' => 'Mozilla/5.0 (Windows NT 10.0; WOW64) AppleWebKit/537.36 (KHTML, like Gecko) Chrome/61.0.3128.0 Safari/537.36',
  'upgrade-insecure-requests' => '1',
  'connection' => 'close',
  'host' => 'www.myblog.com',
)
[ info ] [ PARAM ] array (
)
[ info ] [ DB ] INIT mysql
[ info ] [ RUN ] app\admin\controller\Article->index[ D:\WWW\myBlog\application\admin\controller\Article.php ]
[ info ] [ DB ] INIT mysql
[ info ] [ VIEW ] D:\WWW\myBlog\public/../application/admin\view\article\index.html [ array (
  0 => 'arcList',
) ]
[ info ] [ LOG ] INIT File
[ sql ] [ DB ] CONNECT:[ UseTime:0.000922s ] mysql:dbname=blog;host=127.0.0.1;charset=utf8
[ sql ] [ SQL ] SHOW COLUMNS FROM `blog_article` [ RunTime:0.015157s ]
[ sql ] [ SQL ] SELECT COUNT(*) AS tp_count FROM `blog_article` `a` INNER JOIN `blog_cate` `c` ON `a`.`cate_id`=`c`.`cate_id` WHERE  `a`.`is_recycle` = 2 LIMIT 1 [ RunTime:0.000484s ]
[ sql ] [ SQL ] SELECT `a`.`arc_id`,`a`.`arc_title`,`a`.`arc_author`,`a`.`sendtime`,`a`.`arc_sort`,`c`.`cate_name` FROM `blog_article` `a` INNER JOIN `blog_cate` `c` ON `a`.`cate_id`=`c`.`cate_id` WHERE  `a`.`is_recycle` = 2 ORDER BY a.arc_sort desc,a.sendtime desc,a.arc_id desc LIMIT 0,5 [ RunTime:0.000485s ]

---------------------------------------------------------------
[ 2017-06-19T23:17:12+08:00 ] 127.0.0.1 127.0.0.1 GET /admin/article/index.html
[ log ] www.myblog.com/admin/article/index.html [运行时间：0.060824s][吞吐率：16.44req/s] [内存消耗：2,247.59kb] [文件加载：60]
[ info ] [ LANG ] D:\WWW\myBlog\thinkphp\lang\zh-cn.php
[ info ] [ ROUTE ] array (
  'type' => 'module',
  'module' => 
  array (
    0 => 'admin',
    1 => 'article',
    2 => 'index',
  ),
)
[ info ] [ HEADER ] array (
  'cookie' => 'pgv_pvi=6365759488; PHPSESSID=6t8pb8i4kiooqceq0odt3dhni6',
  'accept-language' => 'zh-CN,zh;q=0.8',
  'accept-encoding' => 'gzip, deflate',
  'referer' => 'http://www.myblog.com/admin/article/index.html',
  'accept' => 'text/html,application/xhtml+xml,application/xml;q=0.9,image/webp,image/apng,*/*;q=0.8',
  'user-agent' => 'Mozilla/5.0 (Windows NT 10.0; WOW64) AppleWebKit/537.36 (KHTML, like Gecko) Chrome/61.0.3128.0 Safari/537.36',
  'upgrade-insecure-requests' => '1',
  'connection' => 'close',
  'host' => 'www.myblog.com',
)
[ info ] [ PARAM ] array (
)
[ info ] [ DB ] INIT mysql
[ info ] [ RUN ] app\admin\controller\Article->index[ D:\WWW\myBlog\application\admin\controller\Article.php ]
[ info ] [ DB ] INIT mysql
[ info ] [ VIEW ] D:\WWW\myBlog\public/../application/admin\view\article\index.html [ array (
  0 => 'arcList',
) ]
[ info ] [ LOG ] INIT File
[ sql ] [ DB ] CONNECT:[ UseTime:0.001050s ] mysql:dbname=blog;host=127.0.0.1;charset=utf8
[ sql ] [ SQL ] SHOW COLUMNS FROM `blog_article` [ RunTime:0.015088s ]
[ sql ] [ SQL ] SELECT COUNT(*) AS tp_count FROM `blog_article` `a` INNER JOIN `blog_cate` `c` ON `a`.`cate_id`=`c`.`cate_id` WHERE  `a`.`is_recycle` = 2 LIMIT 1 [ RunTime:0.000482s ]
[ sql ] [ SQL ] SELECT `a`.`arc_id`,`a`.`arc_title`,`a`.`arc_author`,`a`.`sendtime`,`a`.`arc_sort`,`c`.`cate_name` FROM `blog_article` `a` INNER JOIN `blog_cate` `c` ON `a`.`cate_id`=`c`.`cate_id` WHERE  `a`.`is_recycle` = 2 ORDER BY a.arc_sort desc,a.sendtime desc,a.arc_id desc LIMIT 0,5 [ RunTime:0.000653s ]

---------------------------------------------------------------
[ 2017-06-19T23:17:13+08:00 ] 127.0.0.1 127.0.0.1 GET /admin/article/index.html
[ log ] www.myblog.com/admin/article/index.html [运行时间：0.061815s][吞吐率：16.18req/s] [内存消耗：2,247.59kb] [文件加载：60]
[ info ] [ LANG ] D:\WWW\myBlog\thinkphp\lang\zh-cn.php
[ info ] [ ROUTE ] array (
  'type' => 'module',
  'module' => 
  array (
    0 => 'admin',
    1 => 'article',
    2 => 'index',
  ),
)
[ info ] [ HEADER ] array (
  'cookie' => 'pgv_pvi=6365759488; PHPSESSID=6t8pb8i4kiooqceq0odt3dhni6',
  'accept-language' => 'zh-CN,zh;q=0.8',
  'accept-encoding' => 'gzip, deflate',
  'referer' => 'http://www.myblog.com/admin/article/index.html',
  'accept' => 'text/html,application/xhtml+xml,application/xml;q=0.9,image/webp,image/apng,*/*;q=0.8',
  'user-agent' => 'Mozilla/5.0 (Windows NT 10.0; WOW64) AppleWebKit/537.36 (KHTML, like Gecko) Chrome/61.0.3128.0 Safari/537.36',
  'upgrade-insecure-requests' => '1',
  'connection' => 'close',
  'host' => 'www.myblog.com',
)
[ info ] [ PARAM ] array (
)
[ info ] [ DB ] INIT mysql
[ info ] [ RUN ] app\admin\controller\Article->index[ D:\WWW\myBlog\application\admin\controller\Article.php ]
[ info ] [ DB ] INIT mysql
[ info ] [ VIEW ] D:\WWW\myBlog\public/../application/admin\view\article\index.html [ array (
  0 => 'arcList',
) ]
[ info ] [ LOG ] INIT File
[ sql ] [ DB ] CONNECT:[ UseTime:0.000824s ] mysql:dbname=blog;host=127.0.0.1;charset=utf8
[ sql ] [ SQL ] SHOW COLUMNS FROM `blog_article` [ RunTime:0.015769s ]
[ sql ] [ SQL ] SELECT COUNT(*) AS tp_count FROM `blog_article` `a` INNER JOIN `blog_cate` `c` ON `a`.`cate_id`=`c`.`cate_id` WHERE  `a`.`is_recycle` = 2 LIMIT 1 [ RunTime:0.000555s ]
[ sql ] [ SQL ] SELECT `a`.`arc_id`,`a`.`arc_title`,`a`.`arc_author`,`a`.`sendtime`,`a`.`arc_sort`,`c`.`cate_name` FROM `blog_article` `a` INNER JOIN `blog_cate` `c` ON `a`.`cate_id`=`c`.`cate_id` WHERE  `a`.`is_recycle` = 2 ORDER BY a.arc_sort desc,a.sendtime desc,a.arc_id desc LIMIT 0,5 [ RunTime:0.000716s ]

---------------------------------------------------------------
[ 2017-06-19T23:17:13+08:00 ] 127.0.0.1 127.0.0.1 GET /admin/article/index.html
[ log ] www.myblog.com/admin/article/index.html [运行时间：0.061427s][吞吐率：16.28req/s] [内存消耗：2,247.59kb] [文件加载：60]
[ info ] [ LANG ] D:\WWW\myBlog\thinkphp\lang\zh-cn.php
[ info ] [ ROUTE ] array (
  'type' => 'module',
  'module' => 
  array (
    0 => 'admin',
    1 => 'article',
    2 => 'index',
  ),
)
[ info ] [ HEADER ] array (
  'cookie' => 'pgv_pvi=6365759488; PHPSESSID=6t8pb8i4kiooqceq0odt3dhni6',
  'accept-language' => 'zh-CN,zh;q=0.8',
  'accept-encoding' => 'gzip, deflate',
  'referer' => 'http://www.myblog.com/admin/article/index.html',
  'accept' => 'text/html,application/xhtml+xml,application/xml;q=0.9,image/webp,image/apng,*/*;q=0.8',
  'user-agent' => 'Mozilla/5.0 (Windows NT 10.0; WOW64) AppleWebKit/537.36 (KHTML, like Gecko) Chrome/61.0.3128.0 Safari/537.36',
  'upgrade-insecure-requests' => '1',
  'connection' => 'close',
  'host' => 'www.myblog.com',
)
[ info ] [ PARAM ] array (
)
[ info ] [ DB ] INIT mysql
[ info ] [ RUN ] app\admin\controller\Article->index[ D:\WWW\myBlog\application\admin\controller\Article.php ]
[ info ] [ DB ] INIT mysql
[ info ] [ VIEW ] D:\WWW\myBlog\public/../application/admin\view\article\index.html [ array (
  0 => 'arcList',
) ]
[ info ] [ LOG ] INIT File
[ sql ] [ DB ] CONNECT:[ UseTime:0.000892s ] mysql:dbname=blog;host=127.0.0.1;charset=utf8
[ sql ] [ SQL ] SHOW COLUMNS FROM `blog_article` [ RunTime:0.015860s ]
[ sql ] [ SQL ] SELECT COUNT(*) AS tp_count FROM `blog_article` `a` INNER JOIN `blog_cate` `c` ON `a`.`cate_id`=`c`.`cate_id` WHERE  `a`.`is_recycle` = 2 LIMIT 1 [ RunTime:0.000591s ]
[ sql ] [ SQL ] SELECT `a`.`arc_id`,`a`.`arc_title`,`a`.`arc_author`,`a`.`sendtime`,`a`.`arc_sort`,`c`.`cate_name` FROM `blog_article` `a` INNER JOIN `blog_cate` `c` ON `a`.`cate_id`=`c`.`cate_id` WHERE  `a`.`is_recycle` = 2 ORDER BY a.arc_sort desc,a.sendtime desc,a.arc_id desc LIMIT 0,5 [ RunTime:0.000624s ]

---------------------------------------------------------------
[ 2017-06-19T23:17:13+08:00 ] 127.0.0.1 127.0.0.1 GET /admin/article/index.html
[ log ] www.myblog.com/admin/article/index.html [运行时间：0.062023s][吞吐率：16.12req/s] [内存消耗：2,247.59kb] [文件加载：60]
[ info ] [ LANG ] D:\WWW\myBlog\thinkphp\lang\zh-cn.php
[ info ] [ ROUTE ] array (
  'type' => 'module',
  'module' => 
  array (
    0 => 'admin',
    1 => 'article',
    2 => 'index',
  ),
)
[ info ] [ HEADER ] array (
  'cookie' => 'pgv_pvi=6365759488; PHPSESSID=6t8pb8i4kiooqceq0odt3dhni6',
  'accept-language' => 'zh-CN,zh;q=0.8',
  'accept-encoding' => 'gzip, deflate',
  'referer' => 'http://www.myblog.com/admin/article/index.html',
  'accept' => 'text/html,application/xhtml+xml,application/xml;q=0.9,image/webp,image/apng,*/*;q=0.8',
  'user-agent' => 'Mozilla/5.0 (Windows NT 10.0; WOW64) AppleWebKit/537.36 (KHTML, like Gecko) Chrome/61.0.3128.0 Safari/537.36',
  'upgrade-insecure-requests' => '1',
  'connection' => 'close',
  'host' => 'www.myblog.com',
)
[ info ] [ PARAM ] array (
)
[ info ] [ DB ] INIT mysql
[ info ] [ RUN ] app\admin\controller\Article->index[ D:\WWW\myBlog\application\admin\controller\Article.php ]
[ info ] [ DB ] INIT mysql
[ info ] [ VIEW ] D:\WWW\myBlog\public/../application/admin\view\article\index.html [ array (
  0 => 'arcList',
) ]
[ info ] [ LOG ] INIT File
[ sql ] [ DB ] CONNECT:[ UseTime:0.000861s ] mysql:dbname=blog;host=127.0.0.1;charset=utf8
[ sql ] [ SQL ] SHOW COLUMNS FROM `blog_article` [ RunTime:0.015219s ]
[ sql ] [ SQL ] SELECT COUNT(*) AS tp_count FROM `blog_article` `a` INNER JOIN `blog_cate` `c` ON `a`.`cate_id`=`c`.`cate_id` WHERE  `a`.`is_recycle` = 2 LIMIT 1 [ RunTime:0.000560s ]
[ sql ] [ SQL ] SELECT `a`.`arc_id`,`a`.`arc_title`,`a`.`arc_author`,`a`.`sendtime`,`a`.`arc_sort`,`c`.`cate_name` FROM `blog_article` `a` INNER JOIN `blog_cate` `c` ON `a`.`cate_id`=`c`.`cate_id` WHERE  `a`.`is_recycle` = 2 ORDER BY a.arc_sort desc,a.sendtime desc,a.arc_id desc LIMIT 0,5 [ RunTime:0.000700s ]

---------------------------------------------------------------
[ 2017-06-19T23:17:15+08:00 ] 127.0.0.1 127.0.0.1 GET /admin/article/recycle.html
[ log ] www.myblog.com/admin/article/recycle.html [运行时间：0.061250s][吞吐率：16.33req/s] [内存消耗：2,247.38kb] [文件加载：60]
[ info ] [ LANG ] D:\WWW\myBlog\thinkphp\lang\zh-cn.php
[ info ] [ ROUTE ] array (
  'type' => 'module',
  'module' => 
  array (
    0 => 'admin',
    1 => 'article',
    2 => 'recycle',
  ),
)
[ info ] [ HEADER ] array (
  'cookie' => 'pgv_pvi=6365759488; PHPSESSID=6t8pb8i4kiooqceq0odt3dhni6',
  'accept-language' => 'zh-CN,zh;q=0.8',
  'accept-encoding' => 'gzip, deflate',
  'referer' => 'http://www.myblog.com/admin/article/index.html',
  'accept' => 'text/html,application/xhtml+xml,application/xml;q=0.9,image/webp,image/apng,*/*;q=0.8',
  'user-agent' => 'Mozilla/5.0 (Windows NT 10.0; WOW64) AppleWebKit/537.36 (KHTML, like Gecko) Chrome/61.0.3128.0 Safari/537.36',
  'upgrade-insecure-requests' => '1',
  'connection' => 'close',
  'host' => 'www.myblog.com',
)
[ info ] [ PARAM ] array (
)
[ info ] [ DB ] INIT mysql
[ info ] [ RUN ] app\admin\controller\Article->recycle[ D:\WWW\myBlog\application\admin\controller\Article.php ]
[ info ] [ DB ] INIT mysql
[ info ] [ VIEW ] D:\WWW\myBlog\public/../application/admin\view\article\recycle.html [ array (
  0 => 'arcList',
) ]
[ info ] [ LOG ] INIT File
[ sql ] [ DB ] CONNECT:[ UseTime:0.000880s ] mysql:dbname=blog;host=127.0.0.1;charset=utf8
[ sql ] [ SQL ] SHOW COLUMNS FROM `blog_article` [ RunTime:0.015121s ]
[ sql ] [ SQL ] SELECT COUNT(*) AS tp_count FROM `blog_article` `a` INNER JOIN `blog_cate` `c` ON `a`.`cate_id`=`c`.`cate_id` WHERE  `a`.`is_recycle` = 1 LIMIT 1 [ RunTime:0.000596s ]
[ sql ] [ SQL ] SELECT `a`.`arc_id`,`a`.`arc_title`,`a`.`arc_author`,`a`.`sendtime`,`a`.`arc_sort`,`c`.`cate_name` FROM `blog_article` `a` INNER JOIN `blog_cate` `c` ON `a`.`cate_id`=`c`.`cate_id` WHERE  `a`.`is_recycle` = 1 ORDER BY a.arc_sort desc,a.sendtime desc,a.arc_id desc LIMIT 0,5 [ RunTime:0.000675s ]

---------------------------------------------------------------
[ 2017-06-19T23:17:16+08:00 ] 127.0.0.1 127.0.0.1 GET /admin/article/index.html
[ log ] www.myblog.com/admin/article/index.html [运行时间：0.063290s][吞吐率：15.80req/s] [内存消耗：2,247.48kb] [文件加载：60]
[ info ] [ LANG ] D:\WWW\myBlog\thinkphp\lang\zh-cn.php
[ info ] [ ROUTE ] array (
  'type' => 'module',
  'module' => 
  array (
    0 => 'admin',
    1 => 'article',
    2 => 'index',
  ),
)
[ info ] [ HEADER ] array (
  'cookie' => 'pgv_pvi=6365759488; PHPSESSID=6t8pb8i4kiooqceq0odt3dhni6',
  'accept-language' => 'zh-CN,zh;q=0.8',
  'accept-encoding' => 'gzip, deflate',
  'referer' => 'http://www.myblog.com/admin/article/recycle.html',
  'accept' => 'text/html,application/xhtml+xml,application/xml;q=0.9,image/webp,image/apng,*/*;q=0.8',
  'user-agent' => 'Mozilla/5.0 (Windows NT 10.0; WOW64) AppleWebKit/537.36 (KHTML, like Gecko) Chrome/61.0.3128.0 Safari/537.36',
  'upgrade-insecure-requests' => '1',
  'connection' => 'close',
  'host' => 'www.myblog.com',
)
[ info ] [ PARAM ] array (
)
[ info ] [ DB ] INIT mysql
[ info ] [ RUN ] app\admin\controller\Article->index[ D:\WWW\myBlog\application\admin\controller\Article.php ]
[ info ] [ DB ] INIT mysql
[ info ] [ VIEW ] D:\WWW\myBlog\public/../application/admin\view\article\index.html [ array (
  0 => 'arcList',
) ]
[ info ] [ LOG ] INIT File
[ sql ] [ DB ] CONNECT:[ UseTime:0.000885s ] mysql:dbname=blog;host=127.0.0.1;charset=utf8
[ sql ] [ SQL ] SHOW COLUMNS FROM `blog_article` [ RunTime:0.016151s ]
[ sql ] [ SQL ] SELECT COUNT(*) AS tp_count FROM `blog_article` `a` INNER JOIN `blog_cate` `c` ON `a`.`cate_id`=`c`.`cate_id` WHERE  `a`.`is_recycle` = 2 LIMIT 1 [ RunTime:0.000575s ]
[ sql ] [ SQL ] SELECT `a`.`arc_id`,`a`.`arc_title`,`a`.`arc_author`,`a`.`sendtime`,`a`.`arc_sort`,`c`.`cate_name` FROM `blog_article` `a` INNER JOIN `blog_cate` `c` ON `a`.`cate_id`=`c`.`cate_id` WHERE  `a`.`is_recycle` = 2 ORDER BY a.arc_sort desc,a.sendtime desc,a.arc_id desc LIMIT 0,5 [ RunTime:0.000547s ]

---------------------------------------------------------------
[ 2017-06-19T23:17:35+08:00 ] 127.0.0.1 127.0.0.1 GET /admin/article/index.html
[ log ] www.myblog.com/admin/article/index.html [运行时间：0.061249s][吞吐率：16.33req/s] [内存消耗：2,247.55kb] [文件加载：60]
[ info ] [ LANG ] D:\WWW\myBlog\thinkphp\lang\zh-cn.php
[ info ] [ ROUTE ] array (
  'type' => 'module',
  'module' => 
  array (
    0 => 'admin',
    1 => 'article',
    2 => 'index',
  ),
)
[ info ] [ HEADER ] array (
  'cookie' => 'pgv_pvi=6365759488; PHPSESSID=6t8pb8i4kiooqceq0odt3dhni6',
  'accept-language' => 'zh-CN,zh;q=0.8',
  'accept-encoding' => 'gzip, deflate',
  'referer' => 'http://www.myblog.com/admin/article/recycle.html',
  'accept' => 'text/html,application/xhtml+xml,application/xml;q=0.9,image/webp,image/apng,*/*;q=0.8',
  'user-agent' => 'Mozilla/5.0 (Windows NT 10.0; WOW64) AppleWebKit/537.36 (KHTML, like Gecko) Chrome/61.0.3128.0 Safari/537.36',
  'upgrade-insecure-requests' => '1',
  'cache-control' => 'max-age=0',
  'connection' => 'close',
  'host' => 'www.myblog.com',
)
[ info ] [ PARAM ] array (
)
[ info ] [ DB ] INIT mysql
[ info ] [ RUN ] app\admin\controller\Article->index[ D:\WWW\myBlog\application\admin\controller\Article.php ]
[ info ] [ DB ] INIT mysql
[ info ] [ VIEW ] D:\WWW\myBlog\public/../application/admin\view\article\index.html [ array (
  0 => 'arcList',
) ]
[ info ] [ LOG ] INIT File
[ sql ] [ DB ] CONNECT:[ UseTime:0.001081s ] mysql:dbname=blog;host=127.0.0.1;charset=utf8
[ sql ] [ SQL ] SHOW COLUMNS FROM `blog_article` [ RunTime:0.015398s ]
[ sql ] [ SQL ] SELECT COUNT(*) AS tp_count FROM `blog_article` `a` INNER JOIN `blog_cate` `c` ON `a`.`cate_id`=`c`.`cate_id` WHERE  `a`.`is_recycle` = 2 LIMIT 1 [ RunTime:0.000554s ]
[ sql ] [ SQL ] SELECT `a`.`arc_id`,`a`.`arc_title`,`a`.`arc_author`,`a`.`sendtime`,`a`.`arc_sort`,`c`.`cate_name` FROM `blog_article` `a` INNER JOIN `blog_cate` `c` ON `a`.`cate_id`=`c`.`cate_id` WHERE  `a`.`is_recycle` = 2 ORDER BY a.arc_sort desc,a.sendtime desc,a.arc_id desc LIMIT 0,5 [ RunTime:0.000559s ]

---------------------------------------------------------------
[ 2017-06-19T23:17:39+08:00 ] 127.0.0.1 127.0.0.1 GET /admin/article/recycle.html
[ log ] www.myblog.com/admin/article/recycle.html [运行时间：0.068218s][吞吐率：14.66req/s] [内存消耗：2,393.52kb] [文件加载：62]
[ info ] [ LANG ] D:\WWW\myBlog\thinkphp\lang\zh-cn.php
[ info ] [ ROUTE ] array (
  'type' => 'module',
  'module' => 
  array (
    0 => 'admin',
    1 => 'article',
    2 => 'recycle',
  ),
)
[ info ] [ HEADER ] array (
  'cookie' => 'pgv_pvi=6365759488; PHPSESSID=6t8pb8i4kiooqceq0odt3dhni6',
  'accept-language' => 'zh-CN,zh;q=0.8',
  'accept-encoding' => 'gzip, deflate',
  'referer' => 'http://www.myblog.com/admin/article/index.html',
  'accept' => 'text/html,application/xhtml+xml,application/xml;q=0.9,image/webp,image/apng,*/*;q=0.8',
  'user-agent' => 'Mozilla/5.0 (Windows NT 10.0; WOW64) AppleWebKit/537.36 (KHTML, like Gecko) Chrome/61.0.3128.0 Safari/537.36',
  'upgrade-insecure-requests' => '1',
  'connection' => 'close',
  'host' => 'www.myblog.com',
)
[ info ] [ PARAM ] array (
)
[ info ] [ DB ] INIT mysql
[ info ] [ RUN ] app\admin\controller\Article->recycle[ D:\WWW\myBlog\application\admin\controller\Article.php ]
[ info ] [ DB ] INIT mysql
[ info ] [ VIEW ] D:\WWW\myBlog\public/../application/admin\view\article\recycle.html [ array (
  0 => 'arcList',
) ]
[ info ] [ LOG ] INIT File
[ sql ] [ DB ] CONNECT:[ UseTime:0.000889s ] mysql:dbname=blog;host=127.0.0.1;charset=utf8
[ sql ] [ SQL ] SHOW COLUMNS FROM `blog_article` [ RunTime:0.015167s ]
[ sql ] [ SQL ] SELECT COUNT(*) AS tp_count FROM `blog_article` `a` INNER JOIN `blog_cate` `c` ON `a`.`cate_id`=`c`.`cate_id` WHERE  `a`.`is_recycle` = 1 LIMIT 1 [ RunTime:0.000532s ]
[ sql ] [ SQL ] SELECT `a`.`arc_id`,`a`.`arc_title`,`a`.`arc_author`,`a`.`sendtime`,`a`.`arc_sort`,`c`.`cate_name` FROM `blog_article` `a` INNER JOIN `blog_cate` `c` ON `a`.`cate_id`=`c`.`cate_id` WHERE  `a`.`is_recycle` = 1 ORDER BY a.arc_sort desc,a.sendtime desc,a.arc_id desc LIMIT 0,5 [ RunTime:0.000565s ]

---------------------------------------------------------------
[ 2017-06-19T23:17:42+08:00 ] 127.0.0.1 127.0.0.1 GET /admin/article/recycle.html
[ log ] www.myblog.com/admin/article/recycle.html [运行时间：0.063991s][吞吐率：15.63req/s] [内存消耗：2,247.45kb] [文件加载：60]
[ info ] [ LANG ] D:\WWW\myBlog\thinkphp\lang\zh-cn.php
[ info ] [ ROUTE ] array (
  'type' => 'module',
  'module' => 
  array (
    0 => 'admin',
    1 => 'article',
    2 => 'recycle',
  ),
)
[ info ] [ HEADER ] array (
  'cookie' => 'pgv_pvi=6365759488; PHPSESSID=6t8pb8i4kiooqceq0odt3dhni6',
  'accept-language' => 'zh-CN,zh;q=0.8',
  'accept-encoding' => 'gzip, deflate',
  'referer' => 'http://www.myblog.com/admin/article/index.html',
  'accept' => 'text/html,application/xhtml+xml,application/xml;q=0.9,image/webp,image/apng,*/*;q=0.8',
  'user-agent' => 'Mozilla/5.0 (Windows NT 10.0; WOW64) AppleWebKit/537.36 (KHTML, like Gecko) Chrome/61.0.3128.0 Safari/537.36',
  'upgrade-insecure-requests' => '1',
  'cache-control' => 'max-age=0',
  'connection' => 'close',
  'host' => 'www.myblog.com',
)
[ info ] [ PARAM ] array (
)
[ info ] [ DB ] INIT mysql
[ info ] [ RUN ] app\admin\controller\Article->recycle[ D:\WWW\myBlog\application\admin\controller\Article.php ]
[ info ] [ DB ] INIT mysql
[ info ] [ VIEW ] D:\WWW\myBlog\public/../application/admin\view\article\recycle.html [ array (
  0 => 'arcList',
) ]
[ info ] [ LOG ] INIT File
[ sql ] [ DB ] CONNECT:[ UseTime:0.000899s ] mysql:dbname=blog;host=127.0.0.1;charset=utf8
[ sql ] [ SQL ] SHOW COLUMNS FROM `blog_article` [ RunTime:0.015803s ]
[ sql ] [ SQL ] SELECT COUNT(*) AS tp_count FROM `blog_article` `a` INNER JOIN `blog_cate` `c` ON `a`.`cate_id`=`c`.`cate_id` WHERE  `a`.`is_recycle` = 1 LIMIT 1 [ RunTime:0.000523s ]
[ sql ] [ SQL ] SELECT `a`.`arc_id`,`a`.`arc_title`,`a`.`arc_author`,`a`.`sendtime`,`a`.`arc_sort`,`c`.`cate_name` FROM `blog_article` `a` INNER JOIN `blog_cate` `c` ON `a`.`cate_id`=`c`.`cate_id` WHERE  `a`.`is_recycle` = 1 ORDER BY a.arc_sort desc,a.sendtime desc,a.arc_id desc LIMIT 0,5 [ RunTime:0.000540s ]

---------------------------------------------------------------
[ 2017-06-19T23:17:57+08:00 ] 127.0.0.1 127.0.0.1 GET /admin/article/recycle.html
[ log ] www.myblog.com/admin/article/recycle.html [运行时间：0.401504s][吞吐率：2.49req/s] [内存消耗：2,393.42kb] [文件加载：62]
[ info ] [ LANG ] D:\WWW\myBlog\thinkphp\lang\zh-cn.php
[ info ] [ ROUTE ] array (
  'type' => 'module',
  'module' => 
  array (
    0 => 'admin',
    1 => 'article',
    2 => 'recycle',
  ),
)
[ info ] [ HEADER ] array (
  'cookie' => 'pgv_pvi=6365759488; PHPSESSID=6t8pb8i4kiooqceq0odt3dhni6',
  'accept-language' => 'zh-CN,zh;q=0.8',
  'accept-encoding' => 'gzip, deflate',
  'referer' => 'http://www.myblog.com/admin/article/index.html',
  'accept' => 'text/html,application/xhtml+xml,application/xml;q=0.9,image/webp,image/apng,*/*;q=0.8',
  'user-agent' => 'Mozilla/5.0 (Windows NT 10.0; WOW64) AppleWebKit/537.36 (KHTML, like Gecko) Chrome/61.0.3128.0 Safari/537.36',
  'upgrade-insecure-requests' => '1',
  'cache-control' => 'max-age=0',
  'connection' => 'close',
  'host' => 'www.myblog.com',
)
[ info ] [ PARAM ] array (
)
[ info ] [ DB ] INIT mysql
[ info ] [ RUN ] app\admin\controller\Article->recycle[ D:\WWW\myBlog\application\admin\controller\Article.php ]
[ info ] [ DB ] INIT mysql
[ info ] [ VIEW ] D:\WWW\myBlog\public/../application/admin\view\article\recycle.html [ array (
  0 => 'arcList',
) ]
[ info ] [ LOG ] INIT File
[ sql ] [ DB ] CONNECT:[ UseTime:0.000994s ] mysql:dbname=blog;host=127.0.0.1;charset=utf8
[ sql ] [ SQL ] SHOW COLUMNS FROM `blog_article` [ RunTime:0.033561s ]
[ sql ] [ SQL ] SELECT COUNT(*) AS tp_count FROM `blog_article` `a` INNER JOIN `blog_cate` `c` ON `a`.`cate_id`=`c`.`cate_id` WHERE  `a`.`is_recycle` = 1 LIMIT 1 [ RunTime:0.001055s ]
[ sql ] [ SQL ] SELECT `a`.`arc_id`,`a`.`arc_title`,`a`.`arc_author`,`a`.`sendtime`,`a`.`arc_sort`,`c`.`cate_name` FROM `blog_article` `a` INNER JOIN `blog_cate` `c` ON `a`.`cate_id`=`c`.`cate_id` WHERE  `a`.`is_recycle` = 1 ORDER BY a.arc_sort desc,a.sendtime desc,a.arc_id desc LIMIT 0,5 [ RunTime:0.001173s ]

---------------------------------------------------------------
