[ 2018-02-11T11:12:27+08:00 ] 127.0.0.1 127.0.0.1 POST /
[ log ] master.test.dphub.sandai.net:80/ [运行时间：4.563515s][吞吐率：0.22req/s] [内存消耗：2,311.12kb] [文件加载：56]
[ info ] [ LANG ] D:\www\myBlog\thinkphp\lang\zh-cn.php
[ info ] [ ROUTE ] array (
  'type' => 'module',
  'module' => 
  array (
    0 => 'index',
    1 => NULL,
    2 => NULL,
  ),
)
[ info ] [ HEADER ] array (
  'connection' => 'close',
  'content-length' => '256',
  'content-type' => 'application/octet-stream',
  'host' => 'master.test.dphub.sandai.net:80',
)
[ info ] [ PARAM ] array (
)
[ info ] [ DB ] INIT mysql
[ info ] [ DB ] INIT mysql
[ info ] [ DB ] INIT mysql
[ info ] [ DB ] INIT mysql
[ info ] [ DB ] INIT mysql
[ info ] [ DB ] INIT mysql
[ info ] [ RUN ] app\index\controller\Index->index[ D:\www\myBlog\application\index\controller\Index.php ]
[ info ] [ DB ] INIT mysql
[ info ] [ DB ] INIT mysql
[ info ] [ DB ] INIT mysql
[ info ] [ DB ] INIT mysql
[ info ] [ DB ] INIT mysql
[ info ] [ DB ] INIT mysql
[ info ] [ DB ] INIT mysql
[ info ] [ DB ] INIT mysql
[ info ] [ DB ] INIT mysql
[ info ] [ VIEW ] D:\www\myBlog\public/../application/index\view\index\index.html [ array (
  0 => '_webSet',
  1 => '_cateData',
  2 => '_allCateData',
  3 => '_tagData',
  4 => '_linkData',
  5 => '_newArticleData',
  6 => 'headConf',
  7 => 'hotArcList',
  8 => 'articleData',
) ]
[ info ] [ LOG ] INIT File
[ sql ] [ DB ] CONNECT:[ UseTime:0.110858s ] mysql:dbname=blog;host=127.0.0.1;port=3306;charset=utf8
[ sql ] [ SQL ] SHOW COLUMNS FROM `blog_webset` [ RunTime:0.231079s ]
[ sql ] [ SQL ] SELECT `webset_name`,`webset_value` FROM `blog_webset` [ RunTime:0.000400s ]
[ sql ] [ DB ] CONNECT:[ UseTime:0.002199s ] mysql:dbname=blog;host=127.0.0.1;port=3306;charset=utf8
[ sql ] [ SQL ] SHOW COLUMNS FROM `blog_cate` [ RunTime:0.109707s ]
[ sql ] [ SQL ] SELECT * FROM `blog_cate` WHERE  `cate_pid` = 0 ORDER BY cate_sort desc [ RunTime:0.003146s ]
[ sql ] [ DB ] CONNECT:[ UseTime:0.003850s ] mysql:dbname=blog;host=127.0.0.1;port=3306;charset=utf8
[ sql ] [ SQL ] SELECT * FROM `blog_cate` ORDER BY cate_sort desc [ RunTime:0.000638s ]
[ sql ] [ DB ] CONNECT:[ UseTime:0.002395s ] mysql:dbname=blog;host=127.0.0.1;port=3306;charset=utf8
[ sql ] [ SQL ] SHOW COLUMNS FROM `blog_tag` [ RunTime:0.243669s ]
[ sql ] [ SQL ] SELECT * FROM `blog_tag` [ RunTime:0.000371s ]
[ sql ] [ DB ] CONNECT:[ UseTime:0.003892s ] mysql:dbname=blog;host=127.0.0.1;port=3306;charset=utf8
[ sql ] [ SQL ] SHOW COLUMNS FROM `blog_link` [ RunTime:0.160447s ]
[ sql ] [ SQL ] SELECT * FROM `blog_link` ORDER BY link_sort desc [ RunTime:0.000420s ]
[ sql ] [ DB ] CONNECT:[ UseTime:0.010828s ] mysql:dbname=blog;host=127.0.0.1;port=3306;charset=utf8
[ sql ] [ SQL ] SHOW COLUMNS FROM `blog_article` [ RunTime:0.123051s ]
[ sql ] [ SQL ] SELECT `arc_id`,`arc_title`,`arc_click` FROM `blog_article` WHERE  `is_recycle` = 2 ORDER BY arc_click desc LIMIT 5 [ RunTime:0.000608s ]
[ sql ] [ DB ] CONNECT:[ UseTime:0.001969s ] mysql:dbname=blog;host=127.0.0.1;port=3306;charset=utf8
[ sql ] [ SQL ] SELECT * FROM `blog_article` `a` INNER JOIN `blog_cate` `c` ON `a`.`cate_id`=`c`.`cate_id` WHERE  `a`.`is_recycle` = 2 ORDER BY a.sendtime desc LIMIT 8 [ RunTime:0.000769s ]
[ sql ] [ DB ] CONNECT:[ UseTime:0.004509s ] mysql:dbname=blog;host=127.0.0.1;port=3306;charset=utf8
[ sql ] [ SQL ] SHOW COLUMNS FROM `blog_arc_tag` [ RunTime:0.142433s ]
[ sql ] [ SQL ] SELECT `t`.`tag_id`,`t`.`tag_name` FROM `blog_arc_tag` `at` INNER JOIN `blog_tag` `t` ON `at`.`tag_id`=`t`.`tag_id` WHERE  `at`.`arc_id` = 12 [ RunTime:0.043339s ]
[ sql ] [ DB ] CONNECT:[ UseTime:0.002103s ] mysql:dbname=blog;host=127.0.0.1;port=3306;charset=utf8
[ sql ] [ SQL ] SELECT `t`.`tag_id`,`t`.`tag_name` FROM `blog_arc_tag` `at` INNER JOIN `blog_tag` `t` ON `at`.`tag_id`=`t`.`tag_id` WHERE  `at`.`arc_id` = 11 [ RunTime:0.000436s ]
[ sql ] [ DB ] CONNECT:[ UseTime:0.001995s ] mysql:dbname=blog;host=127.0.0.1;port=3306;charset=utf8
[ sql ] [ SQL ] SELECT `t`.`tag_id`,`t`.`tag_name` FROM `blog_arc_tag` `at` INNER JOIN `blog_tag` `t` ON `at`.`tag_id`=`t`.`tag_id` WHERE  `at`.`arc_id` = 10 [ RunTime:0.000371s ]
[ sql ] [ DB ] CONNECT:[ UseTime:0.001998s ] mysql:dbname=blog;host=127.0.0.1;port=3306;charset=utf8
[ sql ] [ SQL ] SELECT `t`.`tag_id`,`t`.`tag_name` FROM `blog_arc_tag` `at` INNER JOIN `blog_tag` `t` ON `at`.`tag_id`=`t`.`tag_id` WHERE  `at`.`arc_id` = 9 [ RunTime:0.000376s ]
[ sql ] [ DB ] CONNECT:[ UseTime:0.003002s ] mysql:dbname=blog;host=127.0.0.1;port=3306;charset=utf8
[ sql ] [ SQL ] SELECT `t`.`tag_id`,`t`.`tag_name` FROM `blog_arc_tag` `at` INNER JOIN `blog_tag` `t` ON `at`.`tag_id`=`t`.`tag_id` WHERE  `at`.`arc_id` = 8 [ RunTime:0.000437s ]
[ sql ] [ DB ] CONNECT:[ UseTime:0.006129s ] mysql:dbname=blog;host=127.0.0.1;port=3306;charset=utf8
[ sql ] [ SQL ] SELECT `t`.`tag_id`,`t`.`tag_name` FROM `blog_arc_tag` `at` INNER JOIN `blog_tag` `t` ON `at`.`tag_id`=`t`.`tag_id` WHERE  `at`.`arc_id` = 2 [ RunTime:0.000719s ]
[ sql ] [ DB ] CONNECT:[ UseTime:0.002095s ] mysql:dbname=blog;host=127.0.0.1;port=3306;charset=utf8
[ sql ] [ SQL ] SELECT `t`.`tag_id`,`t`.`tag_name` FROM `blog_arc_tag` `at` INNER JOIN `blog_tag` `t` ON `at`.`tag_id`=`t`.`tag_id` WHERE  `at`.`arc_id` = 1 [ RunTime:0.000408s ]
[ sql ] [ DB ] CONNECT:[ UseTime:0.001887s ] mysql:dbname=blog;host=127.0.0.1;port=3306;charset=utf8
[ sql ] [ SQL ] SELECT `a`.`arc_title`,`a`.`arc_id`,`a`.`arc_thumb` FROM `blog_article` `a` INNER JOIN `blog_cate` `c` ON `a`.`cate_id`=`c`.`cate_id` WHERE  `a`.`is_recycle` = 2 ORDER BY a.sendtime desc,a.arc_click desc LIMIT 5 [ RunTime:0.000484s ]

---------------------------------------------------------------
