[ 2018-02-27T12:57:07+08:00 ] 127.0.0.1 127.0.0.1 POST /
[ log ] master.test.dphub.sandai.net:80/ [è¿è¡Œæ—¶é—´ï¼š3.128930s][åžåçŽ‡ï¼š0.32req/s] [å†…å­˜æ¶ˆè€—ï¼š2,311.40kb] [æ–‡ä»¶åŠ è½½ï¼š56]
[ info ] [ LANG ] D:\www\myBlog\thinkphp\lang\zh-cn.php
[ info ] [ ROUTE ] array (
  'type' => 'module',
  'module' => 
  array (
    0 => 'index',
    1 => NULL,
    2 => NULL,
  ),
)
[ info ] [ HEADER ] array (
  'connection' => 'close',
  'content-length' => '256',
  'content-type' => 'application/octet-stream',
  'host' => 'master.test.dphub.sandai.net:80',
)
[ info ] [ PARAM ] array (
)
[ info ] [ DB ] INIT mysql
[ info ] [ DB ] INIT mysql
[ info ] [ DB ] INIT mysql
[ info ] [ DB ] INIT mysql
[ info ] [ DB ] INIT mysql
[ info ] [ DB ] INIT mysql
[ info ] [ RUN ] app\index\controller\Index->index[ D:\www\myBlog\application\index\controller\Index.php ]
[ info ] [ DB ] INIT mysql
[ info ] [ DB ] INIT mysql
[ info ] [ DB ] INIT mysql
[ info ] [ DB ] INIT mysql
[ info ] [ DB ] INIT mysql
[ info ] [ DB ] INIT mysql
[ info ] [ DB ] INIT mysql
[ info ] [ DB ] INIT mysql
[ info ] [ DB ] INIT mysql
[ info ] [ VIEW ] D:\www\myBlog\public/../application/index\view\index\index.html [ array (
  0 => '_webSet',
  1 => '_cateData',
  2 => '_allCateData',
  3 => '_tagData',
  4 => '_linkData',
  5 => '_newArticleData',
  6 => 'headConf',
  7 => 'hotArcList',
  8 => 'articleData',
) ]
[ info ] [ LOG ] INIT File
[ sql ] [ DB ] CONNECT:[ UseTime:0.171526s ] mysql:dbname=blog;host=127.0.0.1;port=3306;charset=utf8
[ sql ] [ SQL ] SHOW COLUMNS FROM `blog_webset` [ RunTime:0.085520s ]
[ sql ] [ SQL ] SELECT `webset_name`,`webset_value` FROM `blog_webset` [ RunTime:0.000568s ]
[ sql ] [ DB ] CONNECT:[ UseTime:0.002200s ] mysql:dbname=blog;host=127.0.0.1;port=3306;charset=utf8
[ sql ] [ SQL ] SHOW COLUMNS FROM `blog_cate` [ RunTime:0.166601s ]
[ sql ] [ SQL ] SELECT * FROM `blog_cate` WHERE  `cate_pid` = 0 ORDER BY cate_sort desc [ RunTime:0.000595s ]
[ sql ] [ DB ] CONNECT:[ UseTime:0.001905s ] mysql:dbname=blog;host=127.0.0.1;port=3306;charset=utf8
[ sql ] [ SQL ] SELECT * FROM `blog_cate` ORDER BY cate_sort desc [ RunTime:0.000403s ]
[ sql ] [ DB ] CONNECT:[ UseTime:0.001884s ] mysql:dbname=blog;host=127.0.0.1;port=3306;charset=utf8
[ sql ] [ SQL ] SHOW COLUMNS FROM `blog_tag` [ RunTime:0.098450s ]
[ sql ] [ SQL ] SELECT * FROM `blog_tag` [ RunTime:0.000306s ]
[ sql ] [ DB ] CONNECT:[ UseTime:0.001905s ] mysql:dbname=blog;host=127.0.0.1;port=3306;charset=utf8
[ sql ] [ SQL ] SHOW COLUMNS FROM `blog_link` [ RunTime:0.062891s ]
[ sql ] [ SQL ] SELECT * FROM `blog_link` ORDER BY link_sort desc [ RunTime:0.000341s ]
[ sql ] [ DB ] CONNECT:[ UseTime:0.002041s ] mysql:dbname=blog;host=127.0.0.1;port=3306;charset=utf8
[ sql ] [ SQL ] SHOW COLUMNS FROM `blog_article` [ RunTime:0.099478s ]
[ sql ] [ SQL ] SELECT `arc_id`,`arc_title`,`arc_click` FROM `blog_article` WHERE  `is_recycle` = 2 ORDER BY arc_click desc LIMIT 5 [ RunTime:0.000443s ]
[ sql ] [ DB ] CONNECT:[ UseTime:0.002230s ] mysql:dbname=blog;host=127.0.0.1;port=3306;charset=utf8
[ sql ] [ SQL ] SELECT * FROM `blog_article` `a` INNER JOIN `blog_cate` `c` ON `a`.`cate_id`=`c`.`cate_id` WHERE  `a`.`is_recycle` = 2 ORDER BY a.sendtime desc LIMIT 8 [ RunTime:0.004178s ]
[ sql ] [ DB ] CONNECT:[ UseTime:0.003001s ] mysql:dbname=blog;host=127.0.0.1;port=3306;charset=utf8
[ sql ] [ SQL ] SHOW COLUMNS FROM `blog_arc_tag` [ RunTime:0.091819s ]
[ sql ] [ SQL ] SELECT `t`.`tag_id`,`t`.`tag_name` FROM `blog_arc_tag` `at` INNER JOIN `blog_tag` `t` ON `at`.`tag_id`=`t`.`tag_id` WHERE  `at`.`arc_id` = 12 [ RunTime:0.000499s ]
[ sql ] [ DB ] CONNECT:[ UseTime:0.002698s ] mysql:dbname=blog;host=127.0.0.1;port=3306;charset=utf8
[ sql ] [ SQL ] SELECT `t`.`tag_id`,`t`.`tag_name` FROM `blog_arc_tag` `at` INNER JOIN `blog_tag` `t` ON `at`.`tag_id`=`t`.`tag_id` WHERE  `at`.`arc_id` = 11 [ RunTime:0.000541s ]
[ sql ] [ DB ] CONNECT:[ UseTime:0.003377s ] mysql:dbname=blog;host=127.0.0.1;port=3306;charset=utf8
[ sql ] [ SQL ] SELECT `t`.`tag_id`,`t`.`tag_name` FROM `blog_arc_tag` `at` INNER JOIN `blog_tag` `t` ON `at`.`tag_id`=`t`.`tag_id` WHERE  `at`.`arc_id` = 10 [ RunTime:0.000461s ]
[ sql ] [ DB ] CONNECT:[ UseTime:0.001915s ] mysql:dbname=blog;host=127.0.0.1;port=3306;charset=utf8
[ sql ] [ SQL ] SELECT `t`.`tag_id`,`t`.`tag_name` FROM `blog_arc_tag` `at` INNER JOIN `blog_tag` `t` ON `at`.`tag_id`=`t`.`tag_id` WHERE  `at`.`arc_id` = 9 [ RunTime:0.000385s ]
[ sql ] [ DB ] CONNECT:[ UseTime:0.010464s ] mysql:dbname=blog;host=127.0.0.1;port=3306;charset=utf8
[ sql ] [ SQL ] SELECT `t`.`tag_id`,`t`.`tag_name` FROM `blog_arc_tag` `at` INNER JOIN `blog_tag` `t` ON `at`.`tag_id`=`t`.`tag_id` WHERE  `at`.`arc_id` = 8 [ RunTime:0.000726s ]
[ sql ] [ DB ] CONNECT:[ UseTime:0.002475s ] mysql:dbname=blog;host=127.0.0.1;port=3306;charset=utf8
[ sql ] [ SQL ] SELECT `t`.`tag_id`,`t`.`tag_name` FROM `blog_arc_tag` `at` INNER JOIN `blog_tag` `t` ON `at`.`tag_id`=`t`.`tag_id` WHERE  `at`.`arc_id` = 2 [ RunTime:0.000468s ]
[ sql ] [ DB ] CONNECT:[ UseTime:0.002268s ] mysql:dbname=blog;host=127.0.0.1;port=3306;charset=utf8
[ sql ] [ SQL ] SELECT `t`.`tag_id`,`t`.`tag_name` FROM `blog_arc_tag` `at` INNER JOIN `blog_tag` `t` ON `at`.`tag_id`=`t`.`tag_id` WHERE  `at`.`arc_id` = 1 [ RunTime:0.000492s ]
[ sql ] [ DB ] CONNECT:[ UseTime:0.002465s ] mysql:dbname=blog;host=127.0.0.1;port=3306;charset=utf8
[ sql ] [ SQL ] SELECT `a`.`arc_title`,`a`.`arc_id`,`a`.`arc_thumb` FROM `blog_article` `a` INNER JOIN `blog_cate` `c` ON `a`.`cate_id`=`c`.`cate_id` WHERE  `a`.`is_recycle` = 2 ORDER BY a.sendtime desc,a.arc_click desc LIMIT 5 [ RunTime:0.000471s ]

---------------------------------------------------------------
[ 2018-02-27T14:54:17+08:00 ] 127.0.0.1 127.0.0.1 GET /list/-new-2015-%C8%D5%B1%BE-4.html
[ log ] www.dm530.com/list/-new-2015-%C8%D5%B1%BE-4.html [è¿è¡Œæ—¶é—´ï¼š0.652847s][åžåçŽ‡ï¼š1.53req/s] [å†…å­˜æ¶ˆè€—ï¼š1,112.93kb] [æ–‡ä»¶åŠ è½½ï¼š42]
[ info ] [ LANG ] D:\www\myBlog\thinkphp\lang\zh-cn.php
[ info ] [ ROUTE ] array (
  'type' => 'module',
  'module' => 
  array (
    0 => 'list',
    1 => '-new-2015-ÈÕ±¾-4',
    2 => NULL,
  ),
)
[ info ] [ HEADER ] array (
  'connection' => 'close',
  'host' => 'www.dm530.com',
  'accept-encoding' => 'gzip, deflate',
  'user-agent' => 'Mozilla/5.0 (Windows NT 10.0; WOW64; Trident/7.0; rv:11.0) like Gecko',
  'accept-language' => 'zh-CN',
  'accept' => '*/*',
)
[ info ] [ PARAM ] array (
)
[ info ] [ LOG ] INIT File

---------------------------------------------------------------
