[ 2018-05-07T16:47:13+08:00 ] 127.0.0.1 127.0.0.1 GET /
[ log ] www.myblog.com/ [运行时间：5.417941s][吞吐率：0.18req/s] [内存消耗：2,565.02kb] [文件加载：56]
[ info ] [ LANG ] D:\www\myBlog\thinkphp\lang\zh-cn.php
[ info ] [ ROUTE ] array (
  'type' => 'module',
  'module' => 
  array (
    0 => 'index',
    1 => NULL,
    2 => NULL,
  ),
)
[ info ] [ HEADER ] array (
  'accept-language' => 'zh-CN,zh;q=0.9',
  'accept-encoding' => 'gzip, deflate',
  'accept' => 'text/html,application/xhtml+xml,application/xml;q=0.9,image/webp,image/apng,*/*;q=0.8',
  'user-agent' => 'Mozilla/5.0 (Windows NT 10.0; WOW64) AppleWebKit/537.36 (KHTML, like Gecko) Chrome/66.0.3359.139 Safari/537.36',
  'upgrade-insecure-requests' => '1',
  'connection' => 'close',
  'host' => 'www.myblog.com',
)
[ info ] [ PARAM ] array (
)
[ info ] [ DB ] INIT mysql
[ info ] [ DB ] INIT mysql
[ info ] [ DB ] INIT mysql
[ info ] [ DB ] INIT mysql
[ info ] [ DB ] INIT mysql
[ info ] [ DB ] INIT mysql
[ info ] [ RUN ] app\index\controller\Index->index[ D:\www\myBlog\application\index\controller\Index.php ]
[ info ] [ DB ] INIT mysql
[ info ] [ DB ] INIT mysql
[ info ] [ DB ] INIT mysql
[ info ] [ DB ] INIT mysql
[ info ] [ DB ] INIT mysql
[ info ] [ DB ] INIT mysql
[ info ] [ DB ] INIT mysql
[ info ] [ DB ] INIT mysql
[ info ] [ DB ] INIT mysql
[ info ] [ DB ] INIT mysql
[ info ] [ VIEW ] D:\www\myBlog\public/../application/index\view\index\index.html [ array (
  0 => '_webSet',
  1 => '_cateData',
  2 => '_allCateData',
  3 => '_tagData',
  4 => '_linkData',
  5 => '_newArticleData',
  6 => 'headConf',
  7 => 'hotArcList',
  8 => 'articleData',
) ]
[ info ] [ LOG ] INIT File
[ sql ] [ DB ] CONNECT:[ UseTime:0.116984s ] mysql:dbname=blog;host=47.91.235.78;port=3306;charset=utf8
[ sql ] [ SQL ] SHOW COLUMNS FROM `blog_webset` [ RunTime:0.077818s ]
[ sql ] [ SQL ] SELECT `webset_name`,`webset_value` FROM `blog_webset` [ RunTime:0.077666s ]
[ sql ] [ DB ] CONNECT:[ UseTime:0.121925s ] mysql:dbname=blog;host=47.91.235.78;port=3306;charset=utf8
[ sql ] [ SQL ] SHOW COLUMNS FROM `blog_cate` [ RunTime:0.080920s ]
[ sql ] [ SQL ] SELECT * FROM `blog_cate` WHERE  `cate_pid` = 0 ORDER BY cate_sort desc [ RunTime:0.080675s ]
[ sql ] [ DB ] CONNECT:[ UseTime:0.133967s ] mysql:dbname=blog;host=47.91.235.78;port=3306;charset=utf8
[ sql ] [ SQL ] SELECT * FROM `blog_cate` ORDER BY cate_sort desc [ RunTime:0.089419s ]
[ sql ] [ DB ] CONNECT:[ UseTime:0.119274s ] mysql:dbname=blog;host=47.91.235.78;port=3306;charset=utf8
[ sql ] [ SQL ] SHOW COLUMNS FROM `blog_tag` [ RunTime:0.079691s ]
[ sql ] [ SQL ] SELECT * FROM `blog_tag` [ RunTime:0.080651s ]
[ sql ] [ DB ] CONNECT:[ UseTime:0.129979s ] mysql:dbname=blog;host=47.91.235.78;port=3306;charset=utf8
[ sql ] [ SQL ] SHOW COLUMNS FROM `blog_link` [ RunTime:0.086988s ]
[ sql ] [ SQL ] SELECT * FROM `blog_link` ORDER BY link_sort desc [ RunTime:0.086238s ]
[ sql ] [ DB ] CONNECT:[ UseTime:0.120207s ] mysql:dbname=blog;host=47.91.235.78;port=3306;charset=utf8
[ sql ] [ SQL ] SHOW COLUMNS FROM `blog_article` [ RunTime:0.080388s ]
[ sql ] [ SQL ] SELECT `arc_id`,`arc_title`,`arc_click` FROM `blog_article` WHERE  `is_recycle` = 2 ORDER BY arc_click desc LIMIT 5 [ RunTime:0.080368s ]
[ sql ] [ DB ] CONNECT:[ UseTime:0.115909s ] mysql:dbname=blog;host=47.91.235.78;port=3306;charset=utf8
[ sql ] [ SQL ] SELECT * FROM `blog_article` `a` INNER JOIN `blog_cate` `c` ON `a`.`cate_id`=`c`.`cate_id` WHERE  `a`.`is_recycle` = 2 ORDER BY a.sendtime desc LIMIT 8 [ RunTime:0.198137s ]
[ sql ] [ DB ] CONNECT:[ UseTime:0.120520s ] mysql:dbname=blog;host=47.91.235.78;port=3306;charset=utf8
[ sql ] [ SQL ] SHOW COLUMNS FROM `blog_arc_tag` [ RunTime:0.081035s ]
[ sql ] [ SQL ] SELECT `t`.`tag_id`,`t`.`tag_name` FROM `blog_arc_tag` `at` INNER JOIN `blog_tag` `t` ON `at`.`tag_id`=`t`.`tag_id` WHERE  `at`.`arc_id` = 28 [ RunTime:0.080168s ]
[ sql ] [ DB ] CONNECT:[ UseTime:0.122140s ] mysql:dbname=blog;host=47.91.235.78;port=3306;charset=utf8
[ sql ] [ SQL ] SELECT `t`.`tag_id`,`t`.`tag_name` FROM `blog_arc_tag` `at` INNER JOIN `blog_tag` `t` ON `at`.`tag_id`=`t`.`tag_id` WHERE  `at`.`arc_id` = 27 [ RunTime:0.080314s ]
[ sql ] [ DB ] CONNECT:[ UseTime:0.117618s ] mysql:dbname=blog;host=47.91.235.78;port=3306;charset=utf8
[ sql ] [ SQL ] SELECT `t`.`tag_id`,`t`.`tag_name` FROM `blog_arc_tag` `at` INNER JOIN `blog_tag` `t` ON `at`.`tag_id`=`t`.`tag_id` WHERE  `at`.`arc_id` = 26 [ RunTime:0.077054s ]
[ sql ] [ DB ] CONNECT:[ UseTime:0.127136s ] mysql:dbname=blog;host=47.91.235.78;port=3306;charset=utf8
[ sql ] [ SQL ] SELECT `t`.`tag_id`,`t`.`tag_name` FROM `blog_arc_tag` `at` INNER JOIN `blog_tag` `t` ON `at`.`tag_id`=`t`.`tag_id` WHERE  `at`.`arc_id` = 25 [ RunTime:0.084021s ]
[ sql ] [ DB ] CONNECT:[ UseTime:0.132592s ] mysql:dbname=blog;host=47.91.235.78;port=3306;charset=utf8
[ sql ] [ SQL ] SELECT `t`.`tag_id`,`t`.`tag_name` FROM `blog_arc_tag` `at` INNER JOIN `blog_tag` `t` ON `at`.`tag_id`=`t`.`tag_id` WHERE  `at`.`arc_id` = 24 [ RunTime:0.087941s ]
[ sql ] [ DB ] CONNECT:[ UseTime:0.130533s ] mysql:dbname=blog;host=47.91.235.78;port=3306;charset=utf8
[ sql ] [ SQL ] SELECT `t`.`tag_id`,`t`.`tag_name` FROM `blog_arc_tag` `at` INNER JOIN `blog_tag` `t` ON `at`.`tag_id`=`t`.`tag_id` WHERE  `at`.`arc_id` = 23 [ RunTime:0.095327s ]
[ sql ] [ DB ] CONNECT:[ UseTime:0.126894s ] mysql:dbname=blog;host=47.91.235.78;port=3306;charset=utf8
[ sql ] [ SQL ] SELECT `t`.`tag_id`,`t`.`tag_name` FROM `blog_arc_tag` `at` INNER JOIN `blog_tag` `t` ON `at`.`tag_id`=`t`.`tag_id` WHERE  `at`.`arc_id` = 22 [ RunTime:0.081660s ]
[ sql ] [ DB ] CONNECT:[ UseTime:0.139405s ] mysql:dbname=blog;host=47.91.235.78;port=3306;charset=utf8
[ sql ] [ SQL ] SELECT `t`.`tag_id`,`t`.`tag_name` FROM `blog_arc_tag` `at` INNER JOIN `blog_tag` `t` ON `at`.`tag_id`=`t`.`tag_id` WHERE  `at`.`arc_id` = 17 [ RunTime:0.092710s ]
[ sql ] [ DB ] CONNECT:[ UseTime:0.131616s ] mysql:dbname=blog;host=47.91.235.78;port=3306;charset=utf8
[ sql ] [ SQL ] SELECT `a`.`arc_title`,`a`.`arc_id`,`a`.`arc_thumb` FROM `blog_article` `a` INNER JOIN `blog_cate` `c` ON `a`.`cate_id`=`c`.`cate_id` WHERE  `a`.`is_recycle` = 2 ORDER BY a.sendtime desc,a.arc_click desc LIMIT 5 [ RunTime:0.086069s ]

---------------------------------------------------------------
[ 2018-05-07T16:47:26+08:00 ] 127.0.0.1 127.0.0.1 GET /admin/article/edit/arc_id/10.html
[ log ] www.myblog.com/admin/article/edit/arc_id/10.html [运行时间：1.559094s][吞吐率：0.64req/s] [内存消耗：2,343.07kb] [文件加载：60]
[ info ] [ LANG ] D:\www\myBlog\thinkphp\lang\zh-cn.php
[ info ] [ ROUTE ] array (
  'type' => 'module',
  'module' => 
  array (
    0 => 'admin',
    1 => 'article',
    2 => 'edit',
  ),
)
[ info ] [ HEADER ] array (
  'accept-language' => 'zh-CN,zh;q=0.9',
  'accept-encoding' => 'gzip, deflate',
  'accept' => 'text/html,application/xhtml+xml,application/xml;q=0.9,image/webp,image/apng,*/*;q=0.8',
  'user-agent' => 'Mozilla/5.0 (Windows NT 10.0; WOW64) AppleWebKit/537.36 (KHTML, like Gecko) Chrome/66.0.3359.139 Safari/537.36',
  'upgrade-insecure-requests' => '1',
  'connection' => 'close',
  'host' => 'www.myblog.com',
)
[ info ] [ PARAM ] array (
  'arc_id' => '10',
)
[ info ] [ DB ] INIT mysql
[ info ] [ RUN ] app\admin\controller\Article->edit[ D:\www\myBlog\application\admin\controller\Article.php ]
[ info ] [ DB ] INIT mysql
[ info ] [ DB ] INIT mysql
[ info ] [ DB ] INIT mysql
[ info ] [ DB ] INIT mysql
[ info ] [ VIEW ] D:\www\myBlog\public/../application/admin\view\article\edit.html [ array (
  0 => 'cateData',
  1 => 'tagList',
  2 => 'oldData',
  3 => 'tagIds',
) ]
[ info ] [ LOG ] INIT File
[ sql ] [ DB ] CONNECT:[ UseTime:0.119911s ] mysql:dbname=blog;host=47.91.235.78;port=3306;charset=utf8
[ sql ] [ SQL ] SHOW COLUMNS FROM `blog_cate` [ RunTime:0.080219s ]
[ sql ] [ SQL ] SELECT * FROM `blog_cate` [ RunTime:0.080407s ]
[ sql ] [ DB ] CONNECT:[ UseTime:0.118117s ] mysql:dbname=blog;host=47.91.235.78;port=3306;charset=utf8
[ sql ] [ SQL ] SHOW COLUMNS FROM `blog_tag` [ RunTime:0.079128s ]
[ sql ] [ SQL ] SELECT * FROM `blog_tag` [ RunTime:0.079014s ]
[ sql ] [ DB ] CONNECT:[ UseTime:0.134893s ] mysql:dbname=blog;host=47.91.235.78;port=3306;charset=utf8
[ sql ] [ SQL ] SHOW COLUMNS FROM `blog_article` [ RunTime:0.090774s ]
[ sql ] [ SQL ] SELECT * FROM `blog_article` WHERE  `arc_id` = 10 LIMIT 1 [ RunTime:0.091553s ]
[ sql ] [ DB ] CONNECT:[ UseTime:0.113335s ] mysql:dbname=blog;host=47.91.235.78;port=3306;charset=utf8
[ sql ] [ SQL ] SHOW COLUMNS FROM `blog_arc_tag` [ RunTime:0.075478s ]
[ sql ] [ SQL ] SELECT `tag_id` FROM `blog_arc_tag` WHERE  `arc_id` = 10 [ RunTime:0.075393s ]

---------------------------------------------------------------
[ 2018-05-07T16:47:30+08:00 ] 127.0.0.1 127.0.0.1 GET /admin/entry/logout.html
[ log ] www.myblog.com/admin/entry/logout.html [运行时间：0.178371s][吞吐率：5.61req/s] [内存消耗：1,380.12kb] [文件加载：50]
[ info ] [ LANG ] D:\www\myBlog\thinkphp\lang\zh-cn.php
[ info ] [ ROUTE ] array (
  'type' => 'module',
  'module' => 
  array (
    0 => 'admin',
    1 => 'entry',
    2 => 'logout',
  ),
)
[ info ] [ HEADER ] array (
  'accept-language' => 'zh-CN,zh;q=0.9',
  'accept-encoding' => 'gzip, deflate',
  'referer' => 'http://www.myblog.com/admin/article/edit/arc_id/10.html',
  'accept' => 'text/html,application/xhtml+xml,application/xml;q=0.9,image/webp,image/apng,*/*;q=0.8',
  'user-agent' => 'Mozilla/5.0 (Windows NT 10.0; WOW64) AppleWebKit/537.36 (KHTML, like Gecko) Chrome/66.0.3359.139 Safari/537.36',
  'upgrade-insecure-requests' => '1',
  'connection' => 'close',
  'host' => 'www.myblog.com',
)
[ info ] [ PARAM ] array (
)
[ info ] [ SESSION ] INIT array (
  'id' => '',
  'var_session_id' => '',
  'prefix' => 'think',
  'type' => '',
  'auto_start' => true,
)
[ info ] [ LOG ] INIT File

---------------------------------------------------------------
[ 2018-05-07T16:47:30+08:00 ] 127.0.0.1 127.0.0.1 GET /admin/login/index.html
[ log ] www.myblog.com/admin/login/index.html [运行时间：0.070526s][吞吐率：14.18req/s] [内存消耗：1,357.13kb] [文件加载：48]
[ info ] [ LANG ] D:\www\myBlog\thinkphp\lang\zh-cn.php
[ info ] [ ROUTE ] array (
  'type' => 'module',
  'module' => 
  array (
    0 => 'admin',
    1 => 'login',
    2 => 'index',
  ),
)
[ info ] [ HEADER ] array (
  'cookie' => 'PHPSESSID=7i406jlvbjcnh94t84pnp2di13',
  'accept-language' => 'zh-CN,zh;q=0.9',
  'accept-encoding' => 'gzip, deflate',
  'referer' => 'http://www.myblog.com/admin/article/edit/arc_id/10.html',
  'accept' => 'text/html,application/xhtml+xml,application/xml;q=0.9,image/webp,image/apng,*/*;q=0.8',
  'user-agent' => 'Mozilla/5.0 (Windows NT 10.0; WOW64) AppleWebKit/537.36 (KHTML, like Gecko) Chrome/66.0.3359.139 Safari/537.36',
  'upgrade-insecure-requests' => '1',
  'connection' => 'close',
  'host' => 'www.myblog.com',
)
[ info ] [ PARAM ] array (
)
[ info ] [ RUN ] app\admin\controller\Login->index[ D:\www\myBlog\application\admin\controller\Login.php ]
[ info ] [ VIEW ] D:\www\myBlog\public/../application/admin\view\login\index.html [ array (
) ]
[ info ] [ LOG ] INIT File

---------------------------------------------------------------
[ 2018-05-07T16:47:30+08:00 ] 127.0.0.1 127.0.0.1 GET /captcha.html
[ log ] www.myblog.com/captcha.html [运行时间：0.145346s][吞吐率：6.88req/s] [内存消耗：1,138.97kb] [文件加载：41]
[ info ] [ LANG ] D:\www\myBlog\thinkphp\lang\zh-cn.php
[ info ] [ ROUTE ] array (
  'type' => 'method',
  'method' => 
  array (
    0 => '\\think\\captcha\\CaptchaController',
    1 => 'index',
  ),
  'var' => 
  array (
  ),
)
[ info ] [ HEADER ] array (
  'cookie' => 'PHPSESSID=7i406jlvbjcnh94t84pnp2di13',
  'accept-language' => 'zh-CN,zh;q=0.9',
  'accept-encoding' => 'gzip, deflate',
  'referer' => 'http://www.myblog.com/admin/login/index.html',
  'accept' => 'image/webp,image/apng,image/*,*/*;q=0.8',
  'user-agent' => 'Mozilla/5.0 (Windows NT 10.0; WOW64) AppleWebKit/537.36 (KHTML, like Gecko) Chrome/66.0.3359.139 Safari/537.36',
  'connection' => 'close',
  'host' => 'www.myblog.com',
)
[ info ] [ PARAM ] array (
  'id' => NULL,
)
[ info ] [ RUN ] think\captcha\CaptchaController->index[ D:\www\myBlog\vendor\topthink\think-captcha\src\CaptchaController.php ]
[ info ] [ SESSION ] INIT array (
  'id' => '',
  'var_session_id' => '',
  'prefix' => 'think',
  'type' => '',
  'auto_start' => true,
)
[ info ] [ LOG ] INIT File

---------------------------------------------------------------
[ 2018-05-07T16:47:31+08:00 ] 127.0.0.1 127.0.0.1 GET /static/admin/admin.ui/js/slimscroll/jquery.slimscroll.min.js
[ log ] www.myblog.com/static/admin/admin.ui/js/slimscroll/jquery.slimscroll.min.js [运行时间：0.127777s][吞吐率：7.83req/s] [内存消耗：1,113.25kb] [文件加载：42]
[ info ] [ LANG ] D:\www\myBlog\thinkphp\lang\zh-cn.php
[ info ] [ ROUTE ] array (
  'type' => 'module',
  'module' => 
  array (
    0 => 'static',
    1 => 'admin',
    2 => 'admin.ui',
  ),
)
[ info ] [ HEADER ] array (
  'cookie' => 'PHPSESSID=7i406jlvbjcnh94t84pnp2di13',
  'accept-language' => 'zh-CN,zh;q=0.9',
  'accept-encoding' => 'gzip, deflate',
  'referer' => 'http://www.myblog.com/admin/login/index.html',
  'accept' => '*/*',
  'user-agent' => 'Mozilla/5.0 (Windows NT 10.0; WOW64) AppleWebKit/537.36 (KHTML, like Gecko) Chrome/66.0.3359.139 Safari/537.36',
  'connection' => 'close',
  'host' => 'www.myblog.com',
)
[ info ] [ PARAM ] array (
  'js' => 'slimscroll',
)
[ info ] [ LOG ] INIT File

---------------------------------------------------------------
[ 2018-05-07T16:47:38+08:00 ] 127.0.0.1 127.0.0.1 GET /captcha.html?0.1288732325267552
[ log ] www.myblog.com/captcha.html?0.1288732325267552 [运行时间：0.031540s][吞吐率：31.71req/s] [内存消耗：1,139.13kb] [文件加载：41]
[ info ] [ LANG ] D:\www\myBlog\thinkphp\lang\zh-cn.php
[ info ] [ ROUTE ] array (
  'type' => 'method',
  'method' => 
  array (
    0 => '\\think\\captcha\\CaptchaController',
    1 => 'index',
  ),
  'var' => 
  array (
  ),
)
[ info ] [ HEADER ] array (
  'cookie' => 'PHPSESSID=7i406jlvbjcnh94t84pnp2di13',
  'accept-language' => 'zh-CN,zh;q=0.9',
  'accept-encoding' => 'gzip, deflate',
  'referer' => 'http://www.myblog.com/admin/login/index.html',
  'accept' => 'image/webp,image/apng,image/*,*/*;q=0.8',
  'user-agent' => 'Mozilla/5.0 (Windows NT 10.0; WOW64) AppleWebKit/537.36 (KHTML, like Gecko) Chrome/66.0.3359.139 Safari/537.36',
  'connection' => 'close',
  'host' => 'www.myblog.com',
)
[ info ] [ PARAM ] array (
  '0_1288732325267552' => '',
  'id' => NULL,
)
[ info ] [ RUN ] think\captcha\CaptchaController->index[ D:\www\myBlog\vendor\topthink\think-captcha\src\CaptchaController.php ]
[ info ] [ SESSION ] INIT array (
  'id' => '',
  'var_session_id' => '',
  'prefix' => 'think',
  'type' => '',
  'auto_start' => true,
)
[ info ] [ LOG ] INIT File

---------------------------------------------------------------
[ 2018-05-07T16:47:39+08:00 ] 127.0.0.1 127.0.0.1 GET /captcha.html?0.1288732325267552?0.7703673276229712
[ log ] www.myblog.com/captcha.html?0.1288732325267552?0.7703673276229712 [运行时间：0.033363s][吞吐率：29.97req/s] [内存消耗：1,139.29kb] [文件加载：41]
[ info ] [ LANG ] D:\www\myBlog\thinkphp\lang\zh-cn.php
[ info ] [ ROUTE ] array (
  'type' => 'method',
  'method' => 
  array (
    0 => '\\think\\captcha\\CaptchaController',
    1 => 'index',
  ),
  'var' => 
  array (
  ),
)
[ info ] [ HEADER ] array (
  'cookie' => 'PHPSESSID=7i406jlvbjcnh94t84pnp2di13',
  'accept-language' => 'zh-CN,zh;q=0.9',
  'accept-encoding' => 'gzip, deflate',
  'referer' => 'http://www.myblog.com/admin/login/index.html',
  'accept' => 'image/webp,image/apng,image/*,*/*;q=0.8',
  'user-agent' => 'Mozilla/5.0 (Windows NT 10.0; WOW64) AppleWebKit/537.36 (KHTML, like Gecko) Chrome/66.0.3359.139 Safari/537.36',
  'connection' => 'close',
  'host' => 'www.myblog.com',
)
[ info ] [ PARAM ] array (
  '0_1288732325267552?0_7703673276229712' => '',
  'id' => NULL,
)
[ info ] [ RUN ] think\captcha\CaptchaController->index[ D:\www\myBlog\vendor\topthink\think-captcha\src\CaptchaController.php ]
[ info ] [ SESSION ] INIT array (
  'id' => '',
  'var_session_id' => '',
  'prefix' => 'think',
  'type' => '',
  'auto_start' => true,
)
[ info ] [ LOG ] INIT File

---------------------------------------------------------------
[ 2018-05-07T16:47:39+08:00 ] 127.0.0.1 127.0.0.1 GET /captcha.html?0.1288732325267552?0.7703673276229712?0.3200433037571888
[ log ] www.myblog.com/captcha.html?0.1288732325267552?0.7703673276229712?0.3200433037571888 [运行时间：0.022794s][吞吐率：43.87req/s] [内存消耗：1,139.30kb] [文件加载：41]
[ info ] [ LANG ] D:\www\myBlog\thinkphp\lang\zh-cn.php
[ info ] [ ROUTE ] array (
  'type' => 'method',
  'method' => 
  array (
    0 => '\\think\\captcha\\CaptchaController',
    1 => 'index',
  ),
  'var' => 
  array (
  ),
)
[ info ] [ HEADER ] array (
  'cookie' => 'PHPSESSID=7i406jlvbjcnh94t84pnp2di13',
  'accept-language' => 'zh-CN,zh;q=0.9',
  'accept-encoding' => 'gzip, deflate',
  'referer' => 'http://www.myblog.com/admin/login/index.html',
  'accept' => 'image/webp,image/apng,image/*,*/*;q=0.8',
  'user-agent' => 'Mozilla/5.0 (Windows NT 10.0; WOW64) AppleWebKit/537.36 (KHTML, like Gecko) Chrome/66.0.3359.139 Safari/537.36',
  'connection' => 'close',
  'host' => 'www.myblog.com',
)
[ info ] [ PARAM ] array (
  '0_1288732325267552?0_7703673276229712?0_3200433037571888' => '',
  'id' => NULL,
)
[ info ] [ RUN ] think\captcha\CaptchaController->index[ D:\www\myBlog\vendor\topthink\think-captcha\src\CaptchaController.php ]
[ info ] [ SESSION ] INIT array (
  'id' => '',
  'var_session_id' => '',
  'prefix' => 'think',
  'type' => '',
  'auto_start' => true,
)
[ info ] [ LOG ] INIT File

---------------------------------------------------------------
[ 2018-05-07T16:47:39+08:00 ] 127.0.0.1 127.0.0.1 GET /captcha.html?0.1288732325267552?0.7703673276229712?0.3200433037571888?0.059177338232414556
[ log ] www.myblog.com/captcha.html?0.1288732325267552?0.7703673276229712?0.3200433037571888?0.059177338232414556 [运行时间：0.028710s][吞吐率：34.83req/s] [内存消耗：1,139.46kb] [文件加载：41]
[ info ] [ LANG ] D:\www\myBlog\thinkphp\lang\zh-cn.php
[ info ] [ ROUTE ] array (
  'type' => 'method',
  'method' => 
  array (
    0 => '\\think\\captcha\\CaptchaController',
    1 => 'index',
  ),
  'var' => 
  array (
  ),
)
[ info ] [ HEADER ] array (
  'cookie' => 'PHPSESSID=7i406jlvbjcnh94t84pnp2di13',
  'accept-language' => 'zh-CN,zh;q=0.9',
  'accept-encoding' => 'gzip, deflate',
  'referer' => 'http://www.myblog.com/admin/login/index.html',
  'accept' => 'image/webp,image/apng,image/*,*/*;q=0.8',
  'user-agent' => 'Mozilla/5.0 (Windows NT 10.0; WOW64) AppleWebKit/537.36 (KHTML, like Gecko) Chrome/66.0.3359.139 Safari/537.36',
  'connection' => 'close',
  'host' => 'www.myblog.com',
)
[ info ] [ PARAM ] array (
  '0_1288732325267552?0_7703673276229712?0_3200433037571888?0_059177338232414556' => '',
  'id' => NULL,
)
[ info ] [ RUN ] think\captcha\CaptchaController->index[ D:\www\myBlog\vendor\topthink\think-captcha\src\CaptchaController.php ]
[ info ] [ SESSION ] INIT array (
  'id' => '',
  'var_session_id' => '',
  'prefix' => 'think',
  'type' => '',
  'auto_start' => true,
)
[ info ] [ LOG ] INIT File

---------------------------------------------------------------
[ 2018-05-07T16:47:39+08:00 ] 127.0.0.1 127.0.0.1 GET /captcha.html?0.1288732325267552?0.7703673276229712?0.3200433037571888?0.059177338232414556?0.771389597551623
[ log ] www.myblog.com/captcha.html?0.1288732325267552?0.7703673276229712?0.3200433037571888?0.059177338232414556?0.771389597551623 [运行时间：0.029000s][吞吐率：34.48req/s] [内存消耗：1,139.57kb] [文件加载：41]
[ info ] [ LANG ] D:\www\myBlog\thinkphp\lang\zh-cn.php
[ info ] [ ROUTE ] array (
  'type' => 'method',
  'method' => 
  array (
    0 => '\\think\\captcha\\CaptchaController',
    1 => 'index',
  ),
  'var' => 
  array (
  ),
)
[ info ] [ HEADER ] array (
  'cookie' => 'PHPSESSID=7i406jlvbjcnh94t84pnp2di13',
  'accept-language' => 'zh-CN,zh;q=0.9',
  'accept-encoding' => 'gzip, deflate',
  'referer' => 'http://www.myblog.com/admin/login/index.html',
  'accept' => 'image/webp,image/apng,image/*,*/*;q=0.8',
  'user-agent' => 'Mozilla/5.0 (Windows NT 10.0; WOW64) AppleWebKit/537.36 (KHTML, like Gecko) Chrome/66.0.3359.139 Safari/537.36',
  'connection' => 'close',
  'host' => 'www.myblog.com',
)
[ info ] [ PARAM ] array (
  '0_1288732325267552?0_7703673276229712?0_3200433037571888?0_059177338232414556?0_771389597551623' => '',
  'id' => NULL,
)
[ info ] [ RUN ] think\captcha\CaptchaController->index[ D:\www\myBlog\vendor\topthink\think-captcha\src\CaptchaController.php ]
[ info ] [ SESSION ] INIT array (
  'id' => '',
  'var_session_id' => '',
  'prefix' => 'think',
  'type' => '',
  'auto_start' => true,
)
[ info ] [ LOG ] INIT File

---------------------------------------------------------------
[ 2018-05-07T16:47:41+08:00 ] 127.0.0.1 127.0.0.1 POST /admin/login/index.html
[ log ] www.myblog.com/admin/login/index.html [运行时间：0.577423s][吞吐率：1.73req/s] [内存消耗：2,193.12kb] [文件加载：63]
[ info ] [ LANG ] D:\www\myBlog\thinkphp\lang\zh-cn.php
[ info ] [ ROUTE ] array (
  'type' => 'module',
  'module' => 
  array (
    0 => 'admin',
    1 => 'login',
    2 => 'index',
  ),
)
[ info ] [ HEADER ] array (
  'cookie' => 'PHPSESSID=7i406jlvbjcnh94t84pnp2di13',
  'accept-language' => 'zh-CN,zh;q=0.9',
  'accept-encoding' => 'gzip, deflate',
  'referer' => 'http://www.myblog.com/admin/login/index.html',
  'accept' => 'text/html,application/xhtml+xml,application/xml;q=0.9,image/webp,image/apng,*/*;q=0.8',
  'user-agent' => 'Mozilla/5.0 (Windows NT 10.0; WOW64) AppleWebKit/537.36 (KHTML, like Gecko) Chrome/66.0.3359.139 Safari/537.36',
  'content-type' => 'application/x-www-form-urlencoded',
  'upgrade-insecure-requests' => '1',
  'origin' => 'http://www.myblog.com',
  'cache-control' => 'max-age=0',
  'content-length' => '50',
  'connection' => 'close',
  'host' => 'www.myblog.com',
)
[ info ] [ PARAM ] array (
  'admin_username' => 'admin',
  'admin_password' => 'admin888',
  'code' => '',
)
[ info ] [ RUN ] app\admin\controller\Login->index[ D:\www\myBlog\application\admin\controller\Login.php ]
[ info ] [ DB ] INIT mysql
[ info ] [ SESSION ] INIT array (
  'id' => '',
  'var_session_id' => '',
  'prefix' => 'think',
  'type' => '',
  'auto_start' => true,
)
[ info ] [ VIEW ] D:\www\myBlog\thinkphp\tpl\dispatch_jump.tpl [ array (
  0 => 'code',
  1 => 'msg',
  2 => 'data',
  3 => 'url',
  4 => 'wait',
) ]
[ info ] [ LOG ] INIT File
[ sql ] [ DB ] CONNECT:[ UseTime:0.134135s ] mysql:dbname=blog;host=47.91.235.78;port=3306;charset=utf8
[ sql ] [ SQL ] SHOW COLUMNS FROM `blog_admin` [ RunTime:0.087909s ]
[ sql ] [ SQL ] SELECT * FROM `blog_admin` WHERE  `admin_username` = 'admin'  AND `admin_password` = 'h3vPU8JGuF3VS/uxIpjRSw==' LIMIT 1 [ RunTime:0.087531s ]

---------------------------------------------------------------
[ 2018-05-07T16:47:44+08:00 ] 127.0.0.1 127.0.0.1 GET /admin/entry/index.html
[ log ] www.myblog.com/admin/entry/index.html [运行时间：0.255464s][吞吐率：3.91req/s] [内存消耗：1,503.25kb] [文件加载：51]
[ info ] [ LANG ] D:\www\myBlog\thinkphp\lang\zh-cn.php
[ info ] [ ROUTE ] array (
  'type' => 'module',
  'module' => 
  array (
    0 => 'admin',
    1 => 'entry',
    2 => 'index',
  ),
)
[ info ] [ HEADER ] array (
  'cookie' => 'PHPSESSID=7i406jlvbjcnh94t84pnp2di13',
  'accept-language' => 'zh-CN,zh;q=0.9',
  'accept-encoding' => 'gzip, deflate',
  'referer' => 'http://www.myblog.com/admin/login/index.html',
  'accept' => 'text/html,application/xhtml+xml,application/xml;q=0.9,image/webp,image/apng,*/*;q=0.8',
  'user-agent' => 'Mozilla/5.0 (Windows NT 10.0; WOW64) AppleWebKit/537.36 (KHTML, like Gecko) Chrome/66.0.3359.139 Safari/537.36',
  'upgrade-insecure-requests' => '1',
  'connection' => 'close',
  'host' => 'www.myblog.com',
)
[ info ] [ PARAM ] array (
)
[ info ] [ SESSION ] INIT array (
  'id' => '',
  'var_session_id' => '',
  'prefix' => 'think',
  'type' => '',
  'auto_start' => true,
)
[ info ] [ RUN ] app\admin\controller\Entry->index[ D:\www\myBlog\application\admin\controller\Entry.php ]
[ info ] [ VIEW ] D:\www\myBlog\public/../application/admin\view\entry\index.html [ array (
) ]
[ info ] [ LOG ] INIT File

---------------------------------------------------------------
[ 2018-05-07T16:47:46+08:00 ] 127.0.0.1 127.0.0.1 GET /admin/article/index.html
[ log ] www.myblog.com/admin/article/index.html [运行时间：0.664655s][吞吐率：1.50req/s] [内存消耗：2,442.04kb] [文件加载：62]
[ info ] [ LANG ] D:\www\myBlog\thinkphp\lang\zh-cn.php
[ info ] [ ROUTE ] array (
  'type' => 'module',
  'module' => 
  array (
    0 => 'admin',
    1 => 'article',
    2 => 'index',
  ),
)
[ info ] [ HEADER ] array (
  'cookie' => 'PHPSESSID=7i406jlvbjcnh94t84pnp2di13',
  'accept-language' => 'zh-CN,zh;q=0.9',
  'accept-encoding' => 'gzip, deflate',
  'referer' => 'http://www.myblog.com/admin/entry/index.html',
  'accept' => 'text/html,application/xhtml+xml,application/xml;q=0.9,image/webp,image/apng,*/*;q=0.8',
  'user-agent' => 'Mozilla/5.0 (Windows NT 10.0; WOW64) AppleWebKit/537.36 (KHTML, like Gecko) Chrome/66.0.3359.139 Safari/537.36',
  'upgrade-insecure-requests' => '1',
  'connection' => 'close',
  'host' => 'www.myblog.com',
)
[ info ] [ PARAM ] array (
)
[ info ] [ DB ] INIT mysql
[ info ] [ RUN ] app\admin\controller\Article->index[ D:\www\myBlog\application\admin\controller\Article.php ]
[ info ] [ DB ] INIT mysql
[ info ] [ VIEW ] D:\www\myBlog\public/../application/admin\view\article\index.html [ array (
  0 => 'arcList',
) ]
[ info ] [ LOG ] INIT File
[ sql ] [ DB ] CONNECT:[ UseTime:0.118386s ] mysql:dbname=blog;host=47.91.235.78;port=3306;charset=utf8
[ sql ] [ SQL ] SHOW COLUMNS FROM `blog_article` [ RunTime:0.079598s ]
[ sql ] [ SQL ] SELECT COUNT(*) AS tp_count FROM `blog_article` `a` INNER JOIN `blog_cate` `c` ON `a`.`cate_id`=`c`.`cate_id` WHERE  `a`.`is_recycle` = 2 LIMIT 1 [ RunTime:0.078173s ]
[ sql ] [ SQL ] SELECT `a`.`arc_id`,`a`.`arc_title`,`a`.`arc_author`,`a`.`sendtime`,`a`.`arc_sort`,`c`.`cate_name` FROM `blog_article` `a` INNER JOIN `blog_cate` `c` ON `a`.`cate_id`=`c`.`cate_id` WHERE  `a`.`is_recycle` = 2 ORDER BY a.arc_sort desc,a.sendtime desc,a.arc_id desc LIMIT 0,10 [ RunTime:0.079354s ]

---------------------------------------------------------------
[ 2018-05-07T16:47:57+08:00 ] 127.0.0.1 127.0.0.1 GET /admin/article/store.html
[ log ] www.myblog.com/admin/article/store.html [运行时间：0.965582s][吞吐率：1.04req/s] [内存消耗：2,468.09kb] [文件加载：62]
[ info ] [ LANG ] D:\www\myBlog\thinkphp\lang\zh-cn.php
[ info ] [ ROUTE ] array (
  'type' => 'module',
  'module' => 
  array (
    0 => 'admin',
    1 => 'article',
    2 => 'store',
  ),
)
[ info ] [ HEADER ] array (
  'cookie' => 'PHPSESSID=7i406jlvbjcnh94t84pnp2di13',
  'accept-language' => 'zh-CN,zh;q=0.9',
  'accept-encoding' => 'gzip, deflate',
  'referer' => 'http://www.myblog.com/admin/article/index.html',
  'accept' => 'text/html,application/xhtml+xml,application/xml;q=0.9,image/webp,image/apng,*/*;q=0.8',
  'user-agent' => 'Mozilla/5.0 (Windows NT 10.0; WOW64) AppleWebKit/537.36 (KHTML, like Gecko) Chrome/66.0.3359.139 Safari/537.36',
  'upgrade-insecure-requests' => '1',
  'connection' => 'close',
  'host' => 'www.myblog.com',
)
[ info ] [ PARAM ] array (
)
[ info ] [ DB ] INIT mysql
[ info ] [ RUN ] app\admin\controller\Article->store[ D:\www\myBlog\application\admin\controller\Article.php ]
[ info ] [ DB ] INIT mysql
[ info ] [ DB ] INIT mysql
[ info ] [ VIEW ] D:\www\myBlog\public/../application/admin\view\article\store.html [ array (
  0 => 'cateData',
  1 => 'tagList',
) ]
[ info ] [ LOG ] INIT File
[ sql ] [ DB ] CONNECT:[ UseTime:0.133287s ] mysql:dbname=blog;host=47.91.235.78;port=3306;charset=utf8
[ sql ] [ SQL ] SHOW COLUMNS FROM `blog_cate` [ RunTime:0.088755s ]
[ sql ] [ SQL ] SELECT * FROM `blog_cate` [ RunTime:0.088265s ]
[ sql ] [ DB ] CONNECT:[ UseTime:0.121789s ] mysql:dbname=blog;host=47.91.235.78;port=3306;charset=utf8
[ sql ] [ SQL ] SHOW COLUMNS FROM `blog_tag` [ RunTime:0.081357s ]
[ sql ] [ SQL ] SELECT * FROM `blog_tag` [ RunTime:0.082714s ]

---------------------------------------------------------------
[ 2018-05-07T16:47:59+08:00 ] 127.0.0.1 127.0.0.1 GET /static/node_modules/hdjs/dist/static/image/image.png
[ log ] www.myblog.com/static/node_modules/hdjs/dist/static/image/image.png [运行时间：0.040338s][吞吐率：24.79req/s] [内存消耗：1,113.63kb] [文件加载：42]
[ info ] [ LANG ] D:\www\myBlog\thinkphp\lang\zh-cn.php
[ info ] [ ROUTE ] array (
  'type' => 'module',
  'module' => 
  array (
    0 => 'static',
    1 => 'node_modules',
    2 => 'hdjs',
  ),
)
[ info ] [ HEADER ] array (
  'cookie' => 'PHPSESSID=7i406jlvbjcnh94t84pnp2di13',
  'accept-language' => 'zh-CN,zh;q=0.9',
  'accept-encoding' => 'gzip, deflate',
  'referer' => 'http://www.myblog.com/static/node_modules/hdjs/dist/static/css/fileUploader.css?version=1.2.102',
  'accept' => 'image/webp,image/apng,image/*,*/*;q=0.8',
  'user-agent' => 'Mozilla/5.0 (Windows NT 10.0; WOW64) AppleWebKit/537.36 (KHTML, like Gecko) Chrome/66.0.3359.139 Safari/537.36',
  'connection' => 'close',
  'host' => 'www.myblog.com',
)
[ info ] [ PARAM ] array (
  'dist' => 'static',
  'image' => 'image.png',
)
[ info ] [ LOG ] INIT File

---------------------------------------------------------------
[ 2018-05-07T16:47:59+08:00 ] 127.0.0.1 127.0.0.1 POST /system/component/fileslists.html?&type=image
[ log ] www.myblog.com/system/component/fileslists.html?&type=image [运行时间：0.551176s][吞吐率：1.81req/s] [内存消耗：2,031.84kb] [文件加载：60]
[ info ] [ LANG ] D:\www\myBlog\thinkphp\lang\zh-cn.php
[ info ] [ ROUTE ] array (
  'type' => 'module',
  'module' => 
  array (
    0 => 'system',
    1 => 'component',
    2 => 'fileslists',
  ),
)
[ info ] [ HEADER ] array (
  'cookie' => 'PHPSESSID=7i406jlvbjcnh94t84pnp2di13',
  'accept-language' => 'zh-CN,zh;q=0.9',
  'accept-encoding' => 'gzip, deflate',
  'referer' => 'http://www.myblog.com/admin/article/store.html',
  'content-type' => 'application/x-www-form-urlencoded; charset=UTF-8',
  'user-agent' => 'Mozilla/5.0 (Windows NT 10.0; WOW64) AppleWebKit/537.36 (KHTML, like Gecko) Chrome/66.0.3359.139 Safari/537.36',
  'x-requested-with' => 'XMLHttpRequest',
  'origin' => 'http://www.myblog.com',
  'accept' => 'application/json, text/javascript, */*; q=0.01',
  'content-length' => '33',
  'connection' => 'close',
  'host' => 'www.myblog.com',
)
[ info ] [ PARAM ] array (
  'type' => 'image',
  'extensions' => 'gif,jpg,jpeg,png',
)
[ info ] [ RUN ] app\system\controller\component->filesLists[ D:\www\myBlog\application\system\controller\Component.php ]
[ info ] [ DB ] INIT mysql
[ info ] [ LOG ] INIT File
[ sql ] [ DB ] CONNECT:[ UseTime:0.127443s ] mysql:dbname=blog;host=47.91.235.78;port=3306;charset=utf8
[ sql ] [ SQL ] SHOW COLUMNS FROM `blog_attachment` [ RunTime:0.080688s ]
[ sql ] [ SQL ] SELECT COUNT(*) AS tp_count FROM `blog_attachment` WHERE  `extension` IN ('gif','jpg','jpeg','png') LIMIT 1 [ RunTime:0.080205s ]
[ sql ] [ SQL ] SELECT * FROM `blog_attachment` WHERE  `extension` IN ('gif','jpg','jpeg','png') ORDER BY id desc LIMIT 0,10 [ RunTime:0.080899s ]
[ error ] [1]Call to undefined function app\system\controller\render()[D:\www\myBlog\application\system\controller\Component.php:50]

---------------------------------------------------------------
[ 2018-05-07T16:55:09+08:00 ] 127.0.0.1 127.0.0.1 GET /admin/article/store.html
[ log ] www.myblog.com/admin/article/store.html [运行时间：0.684350s][吞吐率：1.46req/s] [内存消耗：2,468.61kb] [文件加载：62]
[ info ] [ LANG ] D:\www\myBlog\thinkphp\lang\zh-cn.php
[ info ] [ ROUTE ] array (
  'type' => 'module',
  'module' => 
  array (
    0 => 'admin',
    1 => 'article',
    2 => 'store',
  ),
)
[ info ] [ HEADER ] array (
  'cookie' => 'PHPSESSID=7i406jlvbjcnh94t84pnp2di13',
  'accept-language' => 'zh-CN,zh;q=0.9',
  'accept-encoding' => 'gzip, deflate',
  'referer' => 'http://www.myblog.com/admin/article/index.html',
  'accept' => 'text/html,application/xhtml+xml,application/xml;q=0.9,image/webp,image/apng,*/*;q=0.8',
  'user-agent' => 'Mozilla/5.0 (Windows NT 10.0; WOW64) AppleWebKit/537.36 (KHTML, like Gecko) Chrome/66.0.3359.139 Safari/537.36',
  'upgrade-insecure-requests' => '1',
  'cache-control' => 'max-age=0',
  'connection' => 'close',
  'host' => 'www.myblog.com',
)
[ info ] [ PARAM ] array (
)
[ info ] [ DB ] INIT mysql
[ info ] [ RUN ] app\admin\controller\Article->store[ D:\www\myBlog\application\admin\controller\Article.php ]
[ info ] [ DB ] INIT mysql
[ info ] [ DB ] INIT mysql
[ info ] [ VIEW ] D:\www\myBlog\public/../application/admin\view\article\store.html [ array (
  0 => 'cateData',
  1 => 'tagList',
) ]
[ info ] [ LOG ] INIT File
[ sql ] [ DB ] CONNECT:[ UseTime:0.115884s ] mysql:dbname=blog;host=47.91.235.78;port=3306;charset=utf8
[ sql ] [ SQL ] SHOW COLUMNS FROM `blog_cate` [ RunTime:0.077037s ]
[ sql ] [ SQL ] SELECT * FROM `blog_cate` [ RunTime:0.077024s ]
[ sql ] [ DB ] CONNECT:[ UseTime:0.117260s ] mysql:dbname=blog;host=47.91.235.78;port=3306;charset=utf8
[ sql ] [ SQL ] SHOW COLUMNS FROM `blog_tag` [ RunTime:0.077645s ]
[ sql ] [ SQL ] SELECT * FROM `blog_tag` [ RunTime:0.077287s ]

---------------------------------------------------------------
[ 2018-05-07T16:55:12+08:00 ] 127.0.0.1 127.0.0.1 GET /admin/article/store.html
[ log ] www.myblog.com/admin/article/store.html [运行时间：0.591332s][吞吐率：1.69req/s] [内存消耗：2,290.98kb] [文件加载：60]
[ info ] [ LANG ] D:\www\myBlog\thinkphp\lang\zh-cn.php
[ info ] [ ROUTE ] array (
  'type' => 'module',
  'module' => 
  array (
    0 => 'admin',
    1 => 'article',
    2 => 'store',
  ),
)
[ info ] [ HEADER ] array (
  'cookie' => 'PHPSESSID=7i406jlvbjcnh94t84pnp2di13',
  'accept-language' => 'zh-CN,zh;q=0.9',
  'accept-encoding' => 'gzip, deflate',
  'referer' => 'http://www.myblog.com/admin/article/store.html',
  'accept' => 'text/html,application/xhtml+xml,application/xml;q=0.9,image/webp,image/apng,*/*;q=0.8',
  'user-agent' => 'Mozilla/5.0 (Windows NT 10.0; WOW64) AppleWebKit/537.36 (KHTML, like Gecko) Chrome/66.0.3359.139 Safari/537.36',
  'upgrade-insecure-requests' => '1',
  'connection' => 'close',
  'host' => 'www.myblog.com',
)
[ info ] [ PARAM ] array (
)
[ info ] [ DB ] INIT mysql
[ info ] [ RUN ] app\admin\controller\Article->store[ D:\www\myBlog\application\admin\controller\Article.php ]
[ info ] [ DB ] INIT mysql
[ info ] [ DB ] INIT mysql
[ info ] [ VIEW ] D:\www\myBlog\public/../application/admin\view\article\store.html [ array (
  0 => 'cateData',
  1 => 'tagList',
) ]
[ info ] [ LOG ] INIT File
[ sql ] [ DB ] CONNECT:[ UseTime:0.117741s ] mysql:dbname=blog;host=47.91.235.78;port=3306;charset=utf8
[ sql ] [ SQL ] SHOW COLUMNS FROM `blog_cate` [ RunTime:0.078549s ]
[ sql ] [ SQL ] SELECT * FROM `blog_cate` [ RunTime:0.078245s ]
[ sql ] [ DB ] CONNECT:[ UseTime:0.117044s ] mysql:dbname=blog;host=47.91.235.78;port=3306;charset=utf8
[ sql ] [ SQL ] SHOW COLUMNS FROM `blog_tag` [ RunTime:0.078934s ]
[ sql ] [ SQL ] SELECT * FROM `blog_tag` [ RunTime:0.079429s ]

---------------------------------------------------------------
[ 2018-05-07T16:55:14+08:00 ] 127.0.0.1 127.0.0.1 GET /static/node_modules/hdjs/dist/static/image/image.png
[ log ] www.myblog.com/static/node_modules/hdjs/dist/static/image/image.png [运行时间：0.036962s][吞吐率：27.05req/s] [内存消耗：1,113.63kb] [文件加载：42]
[ info ] [ LANG ] D:\www\myBlog\thinkphp\lang\zh-cn.php
[ info ] [ ROUTE ] array (
  'type' => 'module',
  'module' => 
  array (
    0 => 'static',
    1 => 'node_modules',
    2 => 'hdjs',
  ),
)
[ info ] [ HEADER ] array (
  'cookie' => 'PHPSESSID=7i406jlvbjcnh94t84pnp2di13',
  'accept-language' => 'zh-CN,zh;q=0.9',
  'accept-encoding' => 'gzip, deflate',
  'referer' => 'http://www.myblog.com/static/node_modules/hdjs/dist/static/css/fileUploader.css?version=1.2.102',
  'accept' => 'image/webp,image/apng,image/*,*/*;q=0.8',
  'user-agent' => 'Mozilla/5.0 (Windows NT 10.0; WOW64) AppleWebKit/537.36 (KHTML, like Gecko) Chrome/66.0.3359.139 Safari/537.36',
  'connection' => 'close',
  'host' => 'www.myblog.com',
)
[ info ] [ PARAM ] array (
  'dist' => 'static',
  'image' => 'image.png',
)
[ info ] [ LOG ] INIT File

---------------------------------------------------------------
[ 2018-05-07T16:55:15+08:00 ] 127.0.0.1 127.0.0.1 POST /admin/article/test/php/filesLists.php?&type=image
[ log ] www.myblog.com/admin/article/test/php/filesLists.php?&type=image [运行时间：0.043886s][吞吐率：22.79req/s] [内存消耗：2,092.66kb] [文件加载：57]
[ info ] [ LANG ] D:\www\myBlog\thinkphp\lang\zh-cn.php
[ info ] [ ROUTE ] array (
  'type' => 'module',
  'module' => 
  array (
    0 => 'admin',
    1 => 'article',
    2 => 'test',
  ),
)
[ info ] [ HEADER ] array (
  'cookie' => 'PHPSESSID=7i406jlvbjcnh94t84pnp2di13',
  'accept-language' => 'zh-CN,zh;q=0.9',
  'accept-encoding' => 'gzip, deflate',
  'referer' => 'http://www.myblog.com/admin/article/store.html',
  'content-type' => 'application/x-www-form-urlencoded; charset=UTF-8',
  'user-agent' => 'Mozilla/5.0 (Windows NT 10.0; WOW64) AppleWebKit/537.36 (KHTML, like Gecko) Chrome/66.0.3359.139 Safari/537.36',
  'x-requested-with' => 'XMLHttpRequest',
  'origin' => 'http://www.myblog.com',
  'accept' => 'application/json, text/javascript, */*; q=0.01',
  'content-length' => '33',
  'connection' => 'close',
  'host' => 'www.myblog.com',
)
[ info ] [ PARAM ] array (
  'type' => 'image',
  'extensions' => 'gif,jpg,jpeg,png',
  'php' => 'filesLists.php',
)
[ info ] [ DB ] INIT mysql
[ info ] [ LOG ] INIT File

---------------------------------------------------------------
[ 2018-05-07T16:55:27+08:00 ] 127.0.0.1 127.0.0.1 GET /admin/article/store.html
[ log ] www.myblog.com/admin/article/store.html [运行时间：0.622936s][吞吐率：1.61req/s] [内存消耗：2,291.18kb] [文件加载：60]
[ info ] [ LANG ] D:\www\myBlog\thinkphp\lang\zh-cn.php
[ info ] [ ROUTE ] array (
  'type' => 'module',
  'module' => 
  array (
    0 => 'admin',
    1 => 'article',
    2 => 'store',
  ),
)
[ info ] [ HEADER ] array (
  'cookie' => 'PHPSESSID=7i406jlvbjcnh94t84pnp2di13',
  'accept-language' => 'zh-CN,zh;q=0.9',
  'accept-encoding' => 'gzip, deflate',
  'referer' => 'http://www.myblog.com/admin/article/store.html',
  'accept' => 'text/html,application/xhtml+xml,application/xml;q=0.9,image/webp,image/apng,*/*;q=0.8',
  'user-agent' => 'Mozilla/5.0 (Windows NT 10.0; WOW64) AppleWebKit/537.36 (KHTML, like Gecko) Chrome/66.0.3359.139 Safari/537.36',
  'upgrade-insecure-requests' => '1',
  'cache-control' => 'no-cache',
  'pragma' => 'no-cache',
  'connection' => 'close',
  'host' => 'www.myblog.com',
)
[ info ] [ PARAM ] array (
)
[ info ] [ DB ] INIT mysql
[ info ] [ RUN ] app\admin\controller\Article->store[ D:\www\myBlog\application\admin\controller\Article.php ]
[ info ] [ DB ] INIT mysql
[ info ] [ DB ] INIT mysql
[ info ] [ VIEW ] D:\www\myBlog\public/../application/admin\view\article\store.html [ array (
  0 => 'cateData',
  1 => 'tagList',
) ]
[ info ] [ LOG ] INIT File
[ sql ] [ DB ] CONNECT:[ UseTime:0.118730s ] mysql:dbname=blog;host=47.91.235.78;port=3306;charset=utf8
[ sql ] [ SQL ] SHOW COLUMNS FROM `blog_cate` [ RunTime:0.080297s ]
[ sql ] [ SQL ] SELECT * FROM `blog_cate` [ RunTime:0.080464s ]
[ sql ] [ DB ] CONNECT:[ UseTime:0.119870s ] mysql:dbname=blog;host=47.91.235.78;port=3306;charset=utf8
[ sql ] [ SQL ] SHOW COLUMNS FROM `blog_tag` [ RunTime:0.080105s ]
[ sql ] [ SQL ] SELECT * FROM `blog_tag` [ RunTime:0.080645s ]

---------------------------------------------------------------
[ 2018-05-07T16:55:31+08:00 ] 127.0.0.1 127.0.0.1 GET /static/node_modules/hdjs/dist/static/image/image.png
[ log ] www.myblog.com/static/node_modules/hdjs/dist/static/image/image.png [运行时间：0.033620s][吞吐率：29.74req/s] [内存消耗：1,114.03kb] [文件加载：42]
[ info ] [ LANG ] D:\www\myBlog\thinkphp\lang\zh-cn.php
[ info ] [ ROUTE ] array (
  'type' => 'module',
  'module' => 
  array (
    0 => 'static',
    1 => 'node_modules',
    2 => 'hdjs',
  ),
)
[ info ] [ HEADER ] array (
  'cookie' => 'PHPSESSID=7i406jlvbjcnh94t84pnp2di13',
  'accept-language' => 'zh-CN,zh;q=0.9',
  'accept-encoding' => 'gzip, deflate',
  'referer' => 'http://www.myblog.com/static/node_modules/hdjs/dist/static/css/fileUploader.css?version=1.2.102',
  'accept' => 'image/webp,image/apng,image/*,*/*;q=0.8',
  'user-agent' => 'Mozilla/5.0 (Windows NT 10.0; WOW64) AppleWebKit/537.36 (KHTML, like Gecko) Chrome/66.0.3359.139 Safari/537.36',
  'cache-control' => 'no-cache',
  'pragma' => 'no-cache',
  'connection' => 'close',
  'host' => 'www.myblog.com',
)
[ info ] [ PARAM ] array (
  'dist' => 'static',
  'image' => 'image.png',
)
[ info ] [ LOG ] INIT File

---------------------------------------------------------------
[ 2018-05-07T16:55:31+08:00 ] 127.0.0.1 127.0.0.1 POST /admin/article/test/php/filesLists.php?&type=image
[ log ] www.myblog.com/admin/article/test/php/filesLists.php?&type=image [运行时间：0.062635s][吞吐率：15.97req/s] [内存消耗：2,093.13kb] [文件加载：57]
[ info ] [ LANG ] D:\www\myBlog\thinkphp\lang\zh-cn.php
[ info ] [ ROUTE ] array (
  'type' => 'module',
  'module' => 
  array (
    0 => 'admin',
    1 => 'article',
    2 => 'test',
  ),
)
[ info ] [ HEADER ] array (
  'cookie' => 'PHPSESSID=7i406jlvbjcnh94t84pnp2di13',
  'accept-language' => 'zh-CN,zh;q=0.9',
  'accept-encoding' => 'gzip, deflate',
  'referer' => 'http://www.myblog.com/admin/article/store.html',
  'content-type' => 'application/x-www-form-urlencoded; charset=UTF-8',
  'user-agent' => 'Mozilla/5.0 (Windows NT 10.0; WOW64) AppleWebKit/537.36 (KHTML, like Gecko) Chrome/66.0.3359.139 Safari/537.36',
  'x-requested-with' => 'XMLHttpRequest',
  'origin' => 'http://www.myblog.com',
  'accept' => 'application/json, text/javascript, */*; q=0.01',
  'cache-control' => 'no-cache',
  'pragma' => 'no-cache',
  'content-length' => '33',
  'connection' => 'close',
  'host' => 'www.myblog.com',
)
[ info ] [ PARAM ] array (
  'type' => 'image',
  'extensions' => 'gif,jpg,jpeg,png',
  'php' => 'filesLists.php',
)
[ info ] [ DB ] INIT mysql
[ info ] [ LOG ] INIT File

---------------------------------------------------------------
[ 2018-05-07T17:27:47+08:00 ] 127.0.0.1 127.0.0.1 GET /admin/article/store.html
[ log ] www.myblog.com/admin/article/store.html [运行时间：0.758216s][吞吐率：1.32req/s] [内存消耗：2,468.72kb] [文件加载：62]
[ info ] [ LANG ] D:\www\myBlog\thinkphp\lang\zh-cn.php
[ info ] [ ROUTE ] array (
  'type' => 'module',
  'module' => 
  array (
    0 => 'admin',
    1 => 'article',
    2 => 'store',
  ),
)
[ info ] [ HEADER ] array (
  'cookie' => 'PHPSESSID=7i406jlvbjcnh94t84pnp2di13',
  'accept-language' => 'zh-CN,zh;q=0.9',
  'accept-encoding' => 'gzip, deflate',
  'referer' => 'http://www.myblog.com/admin/article/store.html',
  'accept' => 'text/html,application/xhtml+xml,application/xml;q=0.9,image/webp,image/apng,*/*;q=0.8',
  'user-agent' => 'Mozilla/5.0 (Windows NT 10.0; WOW64) AppleWebKit/537.36 (KHTML, like Gecko) Chrome/66.0.3359.139 Safari/537.36',
  'upgrade-insecure-requests' => '1',
  'cache-control' => 'no-cache',
  'pragma' => 'no-cache',
  'connection' => 'close',
  'host' => 'www.myblog.com',
)
[ info ] [ PARAM ] array (
)
[ info ] [ DB ] INIT mysql
[ info ] [ RUN ] app\admin\controller\Article->store[ D:\www\myBlog\application\admin\controller\Article.php ]
[ info ] [ DB ] INIT mysql
[ info ] [ DB ] INIT mysql
[ info ] [ VIEW ] D:\www\myBlog\public/../application/admin\view\article\store.html [ array (
  0 => 'cateData',
  1 => 'tagList',
) ]
[ info ] [ LOG ] INIT File
[ sql ] [ DB ] CONNECT:[ UseTime:0.151265s ] mysql:dbname=blog;host=47.91.235.78;port=3306;charset=utf8
[ sql ] [ SQL ] SHOW COLUMNS FROM `blog_cate` [ RunTime:0.082635s ]
[ sql ] [ SQL ] SELECT * FROM `blog_cate` [ RunTime:0.080099s ]
[ sql ] [ DB ] CONNECT:[ UseTime:0.118228s ] mysql:dbname=blog;host=47.91.235.78;port=3306;charset=utf8
[ sql ] [ SQL ] SHOW COLUMNS FROM `blog_tag` [ RunTime:0.079634s ]
[ sql ] [ SQL ] SELECT * FROM `blog_tag` [ RunTime:0.078900s ]

---------------------------------------------------------------
