[ 2017-07-24T00:00:25+08:00 ] 127.0.0.1 127.0.0.1 GET /index/lists/index/cate_id/32.html
[ log ] www.myblog.com/index/lists/index/cate_id/32.html [运行时间：0.097180s][吞吐率：10.29req/s] [内存消耗：2,328.08kb] [文件加载：58]
[ info ] [ LANG ] D:\WWW\myBlog\thinkphp\lang\zh-cn.php
[ info ] [ ROUTE ] array (
  'type' => 'module',
  'module' => 
  array (
    0 => 'index',
    1 => 'lists',
    2 => 'index',
  ),
)
[ info ] [ HEADER ] array (
  'cookie' => 'pgv_pvi=6365759488; PHPSESSID=ihoh0n51ljaqhc2p4m7oikji30',
  'accept-language' => 'zh-CN,zh;q=0.8',
  'accept-encoding' => 'gzip, deflate',
  'referer' => 'http://www.myblog.com/index/lists/index/cate_id/15.html',
  'accept' => 'text/html,application/xhtml+xml,application/xml;q=0.9,image/webp,image/apng,*/*;q=0.8',
  'user-agent' => 'Mozilla/5.0 (Windows NT 10.0; WOW64) AppleWebKit/537.36 (KHTML, like Gecko) Chrome/61.0.3159.5 Safari/537.36',
  'upgrade-insecure-requests' => '1',
  'connection' => 'close',
  'host' => 'www.myblog.com',
)
[ info ] [ PARAM ] array (
  'cate_id' => '32',
)
[ info ] [ DB ] INIT mysql
[ info ] [ DB ] INIT mysql
[ info ] [ DB ] INIT mysql
[ info ] [ DB ] INIT mysql
[ info ] [ DB ] INIT mysql
[ info ] [ DB ] INIT mysql
[ info ] [ RUN ] app\index\controller\Lists->Index[ D:\WWW\myBlog\application\index\controller\Lists.php ]
[ info ] [ DB ] INIT mysql
[ info ] [ DB ] INIT mysql
[ info ] [ DB ] INIT mysql
[ info ] [ DB ] INIT mysql
[ info ] [ VIEW ] D:\WWW\myBlog\public/../application/index\view\lists\index.html [ array (
  0 => '_webSet',
  1 => '_cateData',
  2 => '_allCateData',
  3 => '_tagData',
  4 => '_linkData',
  5 => '_newArticleData',
  6 => 'headConf',
  7 => 'listHead',
) ]
[ info ] [ LOG ] INIT File
[ sql ] [ DB ] CONNECT:[ UseTime:0.000997s ] mysql:dbname=blog;host=127.0.0.1;charset=utf8
[ sql ] [ SQL ] SHOW COLUMNS FROM `blog_webset` [ RunTime:0.005998s ]
[ sql ] [ SQL ] SELECT `webset_name`,`webset_value` FROM `blog_webset` [ RunTime:0.000477s ]
[ sql ] [ DB ] CONNECT:[ UseTime:0.000887s ] mysql:dbname=blog;host=127.0.0.1;charset=utf8
[ sql ] [ SQL ] SHOW COLUMNS FROM `blog_cate` [ RunTime:0.006584s ]
[ sql ] [ SQL ] SELECT * FROM `blog_cate` WHERE  `cate_pid` = 0 ORDER BY cate_sort desc LIMIT 5 [ RunTime:0.000660s ]
[ sql ] [ DB ] CONNECT:[ UseTime:0.000953s ] mysql:dbname=blog;host=127.0.0.1;charset=utf8
[ sql ] [ SQL ] SELECT * FROM `blog_cate` ORDER BY cate_sort desc [ RunTime:0.000522s ]
[ sql ] [ DB ] CONNECT:[ UseTime:0.000854s ] mysql:dbname=blog;host=127.0.0.1;charset=utf8
[ sql ] [ SQL ] SHOW COLUMNS FROM `blog_tag` [ RunTime:0.006651s ]
[ sql ] [ SQL ] SELECT * FROM `blog_tag` [ RunTime:0.000414s ]
[ sql ] [ DB ] CONNECT:[ UseTime:0.000921s ] mysql:dbname=blog;host=127.0.0.1;charset=utf8
[ sql ] [ SQL ] SHOW COLUMNS FROM `blog_link` [ RunTime:0.006065s ]
[ sql ] [ SQL ] SELECT * FROM `blog_link` ORDER BY link_sort desc [ RunTime:0.000472s ]
[ sql ] [ DB ] CONNECT:[ UseTime:0.000864s ] mysql:dbname=blog;host=127.0.0.1;charset=utf8
[ sql ] [ SQL ] SHOW COLUMNS FROM `blog_article` [ RunTime:0.006177s ]
[ sql ] [ SQL ] SELECT `arc_id`,`arc_title`,`sendtime` FROM `blog_article` WHERE  `is_recycle` = 2 ORDER BY sendtime desc LIMIT 3 [ RunTime:0.000608s ]
[ sql ] [ DB ] CONNECT:[ UseTime:0.001111s ] mysql:dbname=blog;host=127.0.0.1;charset=utf8
[ sql ] [ SQL ] SELECT * FROM `blog_cate` [ RunTime:0.000531s ]
[ sql ] [ DB ] CONNECT:[ UseTime:0.000922s ] mysql:dbname=blog;host=127.0.0.1;charset=utf8
[ sql ] [ SQL ] SELECT `cate_name` FROM `blog_cate` WHERE  `cate_id` = 32 LIMIT 1 [ RunTime:0.000529s ]
[ sql ] [ DB ] CONNECT:[ UseTime:0.001311s ] mysql:dbname=blog;host=127.0.0.1;charset=utf8
[ sql ] [ SQL ] SELECT COUNT(*) AS tp_count FROM `blog_article` WHERE  `cate_id` IN (32) LIMIT 1 [ RunTime:0.000568s ]

---------------------------------------------------------------
[ 2017-07-24T00:00:25+08:00 ] 127.0.0.1 127.0.0.1 GET /index/lists/index/cate_id/images/1.jpg
[ log ] www.myblog.com/index/lists/index/cate_id/images/1.jpg [运行时间：0.145462s][吞吐率：6.87req/s] [内存消耗：2,335.16kb] [文件加载：58]
[ info ] [ LANG ] D:\WWW\myBlog\thinkphp\lang\zh-cn.php
[ info ] [ ROUTE ] array (
  'type' => 'module',
  'module' => 
  array (
    0 => 'index',
    1 => 'lists',
    2 => 'index',
  ),
)
[ info ] [ HEADER ] array (
  'cookie' => 'pgv_pvi=6365759488; PHPSESSID=ihoh0n51ljaqhc2p4m7oikji30',
  'accept-language' => 'zh-CN,zh;q=0.8',
  'accept-encoding' => 'gzip, deflate',
  'referer' => 'http://www.myblog.com/index/lists/index/cate_id/32.html',
  'accept' => 'image/webp,image/apng,image/*,*/*;q=0.8',
  'user-agent' => 'Mozilla/5.0 (Windows NT 10.0; WOW64) AppleWebKit/537.36 (KHTML, like Gecko) Chrome/61.0.3159.5 Safari/537.36',
  'connection' => 'close',
  'host' => 'www.myblog.com',
)
[ info ] [ PARAM ] array (
  'cate_id' => 'images',
)
[ info ] [ DB ] INIT mysql
[ info ] [ DB ] INIT mysql
[ info ] [ DB ] INIT mysql
[ info ] [ DB ] INIT mysql
[ info ] [ DB ] INIT mysql
[ info ] [ DB ] INIT mysql
[ info ] [ RUN ] app\index\controller\Lists->Index[ D:\WWW\myBlog\application\index\controller\Lists.php ]
[ info ] [ DB ] INIT mysql
[ info ] [ DB ] INIT mysql
[ info ] [ DB ] INIT mysql
[ info ] [ DB ] INIT mysql
[ info ] [ VIEW ] D:\WWW\myBlog\public/../application/index\view\lists\index.html [ array (
  0 => '_webSet',
  1 => '_cateData',
  2 => '_allCateData',
  3 => '_tagData',
  4 => '_linkData',
  5 => '_newArticleData',
  6 => 'headConf',
  7 => 'listHead',
) ]
[ info ] [ LOG ] INIT File
[ sql ] [ DB ] CONNECT:[ UseTime:0.001164s ] mysql:dbname=blog;host=127.0.0.1;charset=utf8
[ sql ] [ SQL ] SHOW COLUMNS FROM `blog_webset` [ RunTime:0.009039s ]
[ sql ] [ SQL ] SELECT `webset_name`,`webset_value` FROM `blog_webset` [ RunTime:0.000673s ]
[ sql ] [ DB ] CONNECT:[ UseTime:0.010231s ] mysql:dbname=blog;host=127.0.0.1;charset=utf8
[ sql ] [ SQL ] SHOW COLUMNS FROM `blog_cate` [ RunTime:0.007505s ]
[ sql ] [ SQL ] SELECT * FROM `blog_cate` WHERE  `cate_pid` = 0 ORDER BY cate_sort desc LIMIT 5 [ RunTime:0.000867s ]
[ sql ] [ DB ] CONNECT:[ UseTime:0.010732s ] mysql:dbname=blog;host=127.0.0.1;charset=utf8
[ sql ] [ SQL ] SELECT * FROM `blog_cate` ORDER BY cate_sort desc [ RunTime:0.000445s ]
[ sql ] [ DB ] CONNECT:[ UseTime:0.000761s ] mysql:dbname=blog;host=127.0.0.1;charset=utf8
[ sql ] [ SQL ] SHOW COLUMNS FROM `blog_tag` [ RunTime:0.007877s ]
[ sql ] [ SQL ] SELECT * FROM `blog_tag` [ RunTime:0.000427s ]
[ sql ] [ DB ] CONNECT:[ UseTime:0.000757s ] mysql:dbname=blog;host=127.0.0.1;charset=utf8
[ sql ] [ SQL ] SHOW COLUMNS FROM `blog_link` [ RunTime:0.005980s ]
[ sql ] [ SQL ] SELECT * FROM `blog_link` ORDER BY link_sort desc [ RunTime:0.000539s ]
[ sql ] [ DB ] CONNECT:[ UseTime:0.000807s ] mysql:dbname=blog;host=127.0.0.1;charset=utf8
[ sql ] [ SQL ] SHOW COLUMNS FROM `blog_article` [ RunTime:0.006875s ]
[ sql ] [ SQL ] SELECT `arc_id`,`arc_title`,`sendtime` FROM `blog_article` WHERE  `is_recycle` = 2 ORDER BY sendtime desc LIMIT 3 [ RunTime:0.000467s ]
[ sql ] [ DB ] CONNECT:[ UseTime:0.000881s ] mysql:dbname=blog;host=127.0.0.1;charset=utf8
[ sql ] [ SQL ] SELECT * FROM `blog_cate` [ RunTime:0.000557s ]
[ sql ] [ DB ] CONNECT:[ UseTime:0.009981s ] mysql:dbname=blog;host=127.0.0.1;charset=utf8
[ sql ] [ SQL ] SELECT `cate_name` FROM `blog_cate` WHERE  `cate_id` = 0 LIMIT 1 [ RunTime:0.000410s ]
[ sql ] [ DB ] CONNECT:[ UseTime:0.000985s ] mysql:dbname=blog;host=127.0.0.1;charset=utf8
[ sql ] [ SQL ] SELECT COUNT(*) AS tp_count FROM `blog_article` WHERE  `cate_id` IN (32,14,21,23,18,17,15,22,20,19,31,0) LIMIT 1 [ RunTime:0.000497s ]

---------------------------------------------------------------
[ 2017-07-24T00:00:26+08:00 ] 127.0.0.1 127.0.0.1 GET /index.html
[ log ] www.myblog.com/index.html [运行时间：0.116647s][吞吐率：8.57req/s] [内存消耗：2,174.13kb] [文件加载：56]
[ info ] [ LANG ] D:\WWW\myBlog\thinkphp\lang\zh-cn.php
[ info ] [ ROUTE ] array (
  'type' => 'module',
  'module' => 
  array (
    0 => 'index',
    1 => NULL,
    2 => NULL,
  ),
)
[ info ] [ HEADER ] array (
  'cookie' => 'pgv_pvi=6365759488; PHPSESSID=ihoh0n51ljaqhc2p4m7oikji30',
  'accept-language' => 'zh-CN,zh;q=0.8',
  'accept-encoding' => 'gzip, deflate',
  'referer' => 'http://www.myblog.com/index/lists/index/cate_id/32.html',
  'accept' => 'text/html,application/xhtml+xml,application/xml;q=0.9,image/webp,image/apng,*/*;q=0.8',
  'user-agent' => 'Mozilla/5.0 (Windows NT 10.0; WOW64) AppleWebKit/537.36 (KHTML, like Gecko) Chrome/61.0.3159.5 Safari/537.36',
  'upgrade-insecure-requests' => '1',
  'connection' => 'close',
  'host' => 'www.myblog.com',
)
[ info ] [ PARAM ] array (
)
[ info ] [ DB ] INIT mysql
[ info ] [ DB ] INIT mysql
[ info ] [ DB ] INIT mysql
[ info ] [ DB ] INIT mysql
[ info ] [ DB ] INIT mysql
[ info ] [ DB ] INIT mysql
[ info ] [ RUN ] app\index\controller\Index->index[ D:\WWW\myBlog\application\index\controller\Index.php ]
[ info ] [ DB ] INIT mysql
[ info ] [ DB ] INIT mysql
[ info ] [ DB ] INIT mysql
[ info ] [ DB ] INIT mysql
[ info ] [ DB ] INIT mysql
[ info ] [ VIEW ] D:\WWW\myBlog\public/../application/index\view\index\index.html [ array (
  0 => '_webSet',
  1 => '_cateData',
  2 => '_allCateData',
  3 => '_tagData',
  4 => '_linkData',
  5 => '_newArticleData',
  6 => 'headConf',
  7 => 'articleData',
) ]
[ info ] [ LOG ] INIT File
[ sql ] [ DB ] CONNECT:[ UseTime:0.000976s ] mysql:dbname=blog;host=127.0.0.1;charset=utf8
[ sql ] [ SQL ] SHOW COLUMNS FROM `blog_webset` [ RunTime:0.007508s ]
[ sql ] [ SQL ] SELECT `webset_name`,`webset_value` FROM `blog_webset` [ RunTime:0.000705s ]
[ sql ] [ DB ] CONNECT:[ UseTime:0.001284s ] mysql:dbname=blog;host=127.0.0.1;charset=utf8
[ sql ] [ SQL ] SHOW COLUMNS FROM `blog_cate` [ RunTime:0.005751s ]
[ sql ] [ SQL ] SELECT * FROM `blog_cate` WHERE  `cate_pid` = 0 ORDER BY cate_sort desc LIMIT 5 [ RunTime:0.000644s ]
[ sql ] [ DB ] CONNECT:[ UseTime:0.001033s ] mysql:dbname=blog;host=127.0.0.1;charset=utf8
[ sql ] [ SQL ] SELECT * FROM `blog_cate` ORDER BY cate_sort desc [ RunTime:0.000704s ]
[ sql ] [ DB ] CONNECT:[ UseTime:0.000933s ] mysql:dbname=blog;host=127.0.0.1;charset=utf8
[ sql ] [ SQL ] SHOW COLUMNS FROM `blog_tag` [ RunTime:0.007778s ]
[ sql ] [ SQL ] SELECT * FROM `blog_tag` [ RunTime:0.000436s ]
[ sql ] [ DB ] CONNECT:[ UseTime:0.000869s ] mysql:dbname=blog;host=127.0.0.1;charset=utf8
[ sql ] [ SQL ] SHOW COLUMNS FROM `blog_link` [ RunTime:0.006074s ]
[ sql ] [ SQL ] SELECT * FROM `blog_link` ORDER BY link_sort desc [ RunTime:0.000489s ]
[ sql ] [ DB ] CONNECT:[ UseTime:0.000861s ] mysql:dbname=blog;host=127.0.0.1;charset=utf8
[ sql ] [ SQL ] SHOW COLUMNS FROM `blog_article` [ RunTime:0.006211s ]
[ sql ] [ SQL ] SELECT `arc_id`,`arc_title`,`sendtime` FROM `blog_article` WHERE  `is_recycle` = 2 ORDER BY sendtime desc LIMIT 3 [ RunTime:0.000524s ]
[ sql ] [ DB ] CONNECT:[ UseTime:0.000886s ] mysql:dbname=blog;host=127.0.0.1;charset=utf8
[ sql ] [ SQL ] SELECT * FROM `blog_article` `a` INNER JOIN `blog_cate` `c` ON `a`.`cate_id`=`c`.`cate_id` WHERE  `a`.`is_recycle` = 2 ORDER BY a.sendtime desc LIMIT 8 [ RunTime:0.000722s ]
[ sql ] [ DB ] CONNECT:[ UseTime:0.000952s ] mysql:dbname=blog;host=127.0.0.1;charset=utf8
[ sql ] [ SQL ] SHOW COLUMNS FROM `blog_arc_tag` [ RunTime:0.006227s ]
[ sql ] [ SQL ] SELECT `t`.`tag_id`,`t`.`tag_name` FROM `blog_arc_tag` `at` INNER JOIN `blog_tag` `t` ON `at`.`tag_id`=`t`.`tag_id` WHERE  `at`.`arc_id` = 4 [ RunTime:0.000550s ]
[ sql ] [ DB ] CONNECT:[ UseTime:0.010636s ] mysql:dbname=blog;host=127.0.0.1;charset=utf8
[ sql ] [ SQL ] SELECT `t`.`tag_id`,`t`.`tag_name` FROM `blog_arc_tag` `at` INNER JOIN `blog_tag` `t` ON `at`.`tag_id`=`t`.`tag_id` WHERE  `at`.`arc_id` = 3 [ RunTime:0.000559s ]
[ sql ] [ DB ] CONNECT:[ UseTime:0.001057s ] mysql:dbname=blog;host=127.0.0.1;charset=utf8
[ sql ] [ SQL ] SELECT `t`.`tag_id`,`t`.`tag_name` FROM `blog_arc_tag` `at` INNER JOIN `blog_tag` `t` ON `at`.`tag_id`=`t`.`tag_id` WHERE  `at`.`arc_id` = 2 [ RunTime:0.000912s ]
[ sql ] [ DB ] CONNECT:[ UseTime:0.000970s ] mysql:dbname=blog;host=127.0.0.1;charset=utf8
[ sql ] [ SQL ] SELECT `t`.`tag_id`,`t`.`tag_name` FROM `blog_arc_tag` `at` INNER JOIN `blog_tag` `t` ON `at`.`tag_id`=`t`.`tag_id` WHERE  `at`.`arc_id` = 1 [ RunTime:0.000631s ]

---------------------------------------------------------------
[ 2017-07-24T00:00:27+08:00 ] 127.0.0.1 127.0.0.1 GET /index/lists/index/cate_id/32.html
[ log ] www.myblog.com/index/lists/index/cate_id/32.html [运行时间：0.096265s][吞吐率：10.39req/s] [内存消耗：2,327.95kb] [文件加载：58]
[ info ] [ LANG ] D:\WWW\myBlog\thinkphp\lang\zh-cn.php
[ info ] [ ROUTE ] array (
  'type' => 'module',
  'module' => 
  array (
    0 => 'index',
    1 => 'lists',
    2 => 'index',
  ),
)
[ info ] [ HEADER ] array (
  'cookie' => 'pgv_pvi=6365759488; PHPSESSID=ihoh0n51ljaqhc2p4m7oikji30',
  'accept-language' => 'zh-CN,zh;q=0.8',
  'accept-encoding' => 'gzip, deflate',
  'referer' => 'http://www.myblog.com/index.html',
  'accept' => 'text/html,application/xhtml+xml,application/xml;q=0.9,image/webp,image/apng,*/*;q=0.8',
  'user-agent' => 'Mozilla/5.0 (Windows NT 10.0; WOW64) AppleWebKit/537.36 (KHTML, like Gecko) Chrome/61.0.3159.5 Safari/537.36',
  'upgrade-insecure-requests' => '1',
  'connection' => 'close',
  'host' => 'www.myblog.com',
)
[ info ] [ PARAM ] array (
  'cate_id' => '32',
)
[ info ] [ DB ] INIT mysql
[ info ] [ DB ] INIT mysql
[ info ] [ DB ] INIT mysql
[ info ] [ DB ] INIT mysql
[ info ] [ DB ] INIT mysql
[ info ] [ DB ] INIT mysql
[ info ] [ RUN ] app\index\controller\Lists->Index[ D:\WWW\myBlog\application\index\controller\Lists.php ]
[ info ] [ DB ] INIT mysql
[ info ] [ DB ] INIT mysql
[ info ] [ DB ] INIT mysql
[ info ] [ DB ] INIT mysql
[ info ] [ VIEW ] D:\WWW\myBlog\public/../application/index\view\lists\index.html [ array (
  0 => '_webSet',
  1 => '_cateData',
  2 => '_allCateData',
  3 => '_tagData',
  4 => '_linkData',
  5 => '_newArticleData',
  6 => 'headConf',
  7 => 'listHead',
) ]
[ info ] [ LOG ] INIT File
[ sql ] [ DB ] CONNECT:[ UseTime:0.000949s ] mysql:dbname=blog;host=127.0.0.1;charset=utf8
[ sql ] [ SQL ] SHOW COLUMNS FROM `blog_webset` [ RunTime:0.006653s ]
[ sql ] [ SQL ] SELECT `webset_name`,`webset_value` FROM `blog_webset` [ RunTime:0.000527s ]
[ sql ] [ DB ] CONNECT:[ UseTime:0.001085s ] mysql:dbname=blog;host=127.0.0.1;charset=utf8
[ sql ] [ SQL ] SHOW COLUMNS FROM `blog_cate` [ RunTime:0.005790s ]
[ sql ] [ SQL ] SELECT * FROM `blog_cate` WHERE  `cate_pid` = 0 ORDER BY cate_sort desc LIMIT 5 [ RunTime:0.000666s ]
[ sql ] [ DB ] CONNECT:[ UseTime:0.000950s ] mysql:dbname=blog;host=127.0.0.1;charset=utf8
[ sql ] [ SQL ] SELECT * FROM `blog_cate` ORDER BY cate_sort desc [ RunTime:0.000703s ]
[ sql ] [ DB ] CONNECT:[ UseTime:0.001019s ] mysql:dbname=blog;host=127.0.0.1;charset=utf8
[ sql ] [ SQL ] SHOW COLUMNS FROM `blog_tag` [ RunTime:0.005949s ]
[ sql ] [ SQL ] SELECT * FROM `blog_tag` [ RunTime:0.000490s ]
[ sql ] [ DB ] CONNECT:[ UseTime:0.000816s ] mysql:dbname=blog;host=127.0.0.1;charset=utf8
[ sql ] [ SQL ] SHOW COLUMNS FROM `blog_link` [ RunTime:0.005724s ]
[ sql ] [ SQL ] SELECT * FROM `blog_link` ORDER BY link_sort desc [ RunTime:0.000530s ]
[ sql ] [ DB ] CONNECT:[ UseTime:0.001098s ] mysql:dbname=blog;host=127.0.0.1;charset=utf8
[ sql ] [ SQL ] SHOW COLUMNS FROM `blog_article` [ RunTime:0.007442s ]
[ sql ] [ SQL ] SELECT `arc_id`,`arc_title`,`sendtime` FROM `blog_article` WHERE  `is_recycle` = 2 ORDER BY sendtime desc LIMIT 3 [ RunTime:0.000591s ]
[ sql ] [ DB ] CONNECT:[ UseTime:0.001084s ] mysql:dbname=blog;host=127.0.0.1;charset=utf8
[ sql ] [ SQL ] SELECT * FROM `blog_cate` [ RunTime:0.000752s ]
[ sql ] [ DB ] CONNECT:[ UseTime:0.001181s ] mysql:dbname=blog;host=127.0.0.1;charset=utf8
[ sql ] [ SQL ] SELECT `cate_name` FROM `blog_cate` WHERE  `cate_id` = 32 LIMIT 1 [ RunTime:0.000747s ]
[ sql ] [ DB ] CONNECT:[ UseTime:0.001272s ] mysql:dbname=blog;host=127.0.0.1;charset=utf8
[ sql ] [ SQL ] SELECT COUNT(*) AS tp_count FROM `blog_article` WHERE  `cate_id` IN (32) LIMIT 1 [ RunTime:0.000484s ]

---------------------------------------------------------------
[ 2017-07-24T00:00:27+08:00 ] 127.0.0.1 127.0.0.1 GET /index/lists/index/cate_id/images/1.jpg
[ log ] www.myblog.com/index/lists/index/cate_id/images/1.jpg [运行时间：0.129491s][吞吐率：7.72req/s] [内存消耗：2,335.16kb] [文件加载：58]
[ info ] [ LANG ] D:\WWW\myBlog\thinkphp\lang\zh-cn.php
[ info ] [ ROUTE ] array (
  'type' => 'module',
  'module' => 
  array (
    0 => 'index',
    1 => 'lists',
    2 => 'index',
  ),
)
[ info ] [ HEADER ] array (
  'cookie' => 'pgv_pvi=6365759488; PHPSESSID=ihoh0n51ljaqhc2p4m7oikji30',
  'accept-language' => 'zh-CN,zh;q=0.8',
  'accept-encoding' => 'gzip, deflate',
  'referer' => 'http://www.myblog.com/index/lists/index/cate_id/32.html',
  'accept' => 'image/webp,image/apng,image/*,*/*;q=0.8',
  'user-agent' => 'Mozilla/5.0 (Windows NT 10.0; WOW64) AppleWebKit/537.36 (KHTML, like Gecko) Chrome/61.0.3159.5 Safari/537.36',
  'connection' => 'close',
  'host' => 'www.myblog.com',
)
[ info ] [ PARAM ] array (
  'cate_id' => 'images',
)
[ info ] [ DB ] INIT mysql
[ info ] [ DB ] INIT mysql
[ info ] [ DB ] INIT mysql
[ info ] [ DB ] INIT mysql
[ info ] [ DB ] INIT mysql
[ info ] [ DB ] INIT mysql
[ info ] [ RUN ] app\index\controller\Lists->Index[ D:\WWW\myBlog\application\index\controller\Lists.php ]
[ info ] [ DB ] INIT mysql
[ info ] [ DB ] INIT mysql
[ info ] [ DB ] INIT mysql
[ info ] [ DB ] INIT mysql
[ info ] [ VIEW ] D:\WWW\myBlog\public/../application/index\view\lists\index.html [ array (
  0 => '_webSet',
  1 => '_cateData',
  2 => '_allCateData',
  3 => '_tagData',
  4 => '_linkData',
  5 => '_newArticleData',
  6 => 'headConf',
  7 => 'listHead',
) ]
[ info ] [ LOG ] INIT File
[ sql ] [ DB ] CONNECT:[ UseTime:0.001059s ] mysql:dbname=blog;host=127.0.0.1;charset=utf8
[ sql ] [ SQL ] SHOW COLUMNS FROM `blog_webset` [ RunTime:0.008909s ]
[ sql ] [ SQL ] SELECT `webset_name`,`webset_value` FROM `blog_webset` [ RunTime:0.000551s ]
[ sql ] [ DB ] CONNECT:[ UseTime:0.002474s ] mysql:dbname=blog;host=127.0.0.1;charset=utf8
[ sql ] [ SQL ] SHOW COLUMNS FROM `blog_cate` [ RunTime:0.012140s ]
[ sql ] [ SQL ] SELECT * FROM `blog_cate` WHERE  `cate_pid` = 0 ORDER BY cate_sort desc LIMIT 5 [ RunTime:0.000686s ]
[ sql ] [ DB ] CONNECT:[ UseTime:0.001577s ] mysql:dbname=blog;host=127.0.0.1;charset=utf8
[ sql ] [ SQL ] SELECT * FROM `blog_cate` ORDER BY cate_sort desc [ RunTime:0.000889s ]
[ sql ] [ DB ] CONNECT:[ UseTime:0.001651s ] mysql:dbname=blog;host=127.0.0.1;charset=utf8
[ sql ] [ SQL ] SHOW COLUMNS FROM `blog_tag` [ RunTime:0.010294s ]
[ sql ] [ SQL ] SELECT * FROM `blog_tag` [ RunTime:0.000392s ]
[ sql ] [ DB ] CONNECT:[ UseTime:0.000964s ] mysql:dbname=blog;host=127.0.0.1;charset=utf8
[ sql ] [ SQL ] SHOW COLUMNS FROM `blog_link` [ RunTime:0.009542s ]
[ sql ] [ SQL ] SELECT * FROM `blog_link` ORDER BY link_sort desc [ RunTime:0.000710s ]
[ sql ] [ DB ] CONNECT:[ UseTime:0.000976s ] mysql:dbname=blog;host=127.0.0.1;charset=utf8
[ sql ] [ SQL ] SHOW COLUMNS FROM `blog_article` [ RunTime:0.009209s ]
[ sql ] [ SQL ] SELECT `arc_id`,`arc_title`,`sendtime` FROM `blog_article` WHERE  `is_recycle` = 2 ORDER BY sendtime desc LIMIT 3 [ RunTime:0.000664s ]
[ sql ] [ DB ] CONNECT:[ UseTime:0.000865s ] mysql:dbname=blog;host=127.0.0.1;charset=utf8
[ sql ] [ SQL ] SELECT * FROM `blog_cate` [ RunTime:0.000462s ]
[ sql ] [ DB ] CONNECT:[ UseTime:0.000785s ] mysql:dbname=blog;host=127.0.0.1;charset=utf8
[ sql ] [ SQL ] SELECT `cate_name` FROM `blog_cate` WHERE  `cate_id` = 0 LIMIT 1 [ RunTime:0.000943s ]
[ sql ] [ DB ] CONNECT:[ UseTime:0.000995s ] mysql:dbname=blog;host=127.0.0.1;charset=utf8
[ sql ] [ SQL ] SELECT COUNT(*) AS tp_count FROM `blog_article` WHERE  `cate_id` IN (32,14,21,23,18,17,15,22,20,19,31,0) LIMIT 1 [ RunTime:0.000529s ]

---------------------------------------------------------------
[ 2017-07-24T00:00:28+08:00 ] 127.0.0.1 127.0.0.1 GET /index/lists/index/cate_id/31.html
[ log ] www.myblog.com/index/lists/index/cate_id/31.html [运行时间：0.099125s][吞吐率：10.09req/s] [内存消耗：2,328.08kb] [文件加载：58]
[ info ] [ LANG ] D:\WWW\myBlog\thinkphp\lang\zh-cn.php
[ info ] [ ROUTE ] array (
  'type' => 'module',
  'module' => 
  array (
    0 => 'index',
    1 => 'lists',
    2 => 'index',
  ),
)
[ info ] [ HEADER ] array (
  'cookie' => 'pgv_pvi=6365759488; PHPSESSID=ihoh0n51ljaqhc2p4m7oikji30',
  'accept-language' => 'zh-CN,zh;q=0.8',
  'accept-encoding' => 'gzip, deflate',
  'referer' => 'http://www.myblog.com/index/lists/index/cate_id/32.html',
  'accept' => 'text/html,application/xhtml+xml,application/xml;q=0.9,image/webp,image/apng,*/*;q=0.8',
  'user-agent' => 'Mozilla/5.0 (Windows NT 10.0; WOW64) AppleWebKit/537.36 (KHTML, like Gecko) Chrome/61.0.3159.5 Safari/537.36',
  'upgrade-insecure-requests' => '1',
  'connection' => 'close',
  'host' => 'www.myblog.com',
)
[ info ] [ PARAM ] array (
  'cate_id' => '31',
)
[ info ] [ DB ] INIT mysql
[ info ] [ DB ] INIT mysql
[ info ] [ DB ] INIT mysql
[ info ] [ DB ] INIT mysql
[ info ] [ DB ] INIT mysql
[ info ] [ DB ] INIT mysql
[ info ] [ RUN ] app\index\controller\Lists->Index[ D:\WWW\myBlog\application\index\controller\Lists.php ]
[ info ] [ DB ] INIT mysql
[ info ] [ DB ] INIT mysql
[ info ] [ DB ] INIT mysql
[ info ] [ DB ] INIT mysql
[ info ] [ VIEW ] D:\WWW\myBlog\public/../application/index\view\lists\index.html [ array (
  0 => '_webSet',
  1 => '_cateData',
  2 => '_allCateData',
  3 => '_tagData',
  4 => '_linkData',
  5 => '_newArticleData',
  6 => 'headConf',
  7 => 'listHead',
) ]
[ info ] [ LOG ] INIT File
[ sql ] [ DB ] CONNECT:[ UseTime:0.001184s ] mysql:dbname=blog;host=127.0.0.1;charset=utf8
[ sql ] [ SQL ] SHOW COLUMNS FROM `blog_webset` [ RunTime:0.005611s ]
[ sql ] [ SQL ] SELECT `webset_name`,`webset_value` FROM `blog_webset` [ RunTime:0.000414s ]
[ sql ] [ DB ] CONNECT:[ UseTime:0.000825s ] mysql:dbname=blog;host=127.0.0.1;charset=utf8
[ sql ] [ SQL ] SHOW COLUMNS FROM `blog_cate` [ RunTime:0.005920s ]
[ sql ] [ SQL ] SELECT * FROM `blog_cate` WHERE  `cate_pid` = 0 ORDER BY cate_sort desc LIMIT 5 [ RunTime:0.000584s ]
[ sql ] [ DB ] CONNECT:[ UseTime:0.001003s ] mysql:dbname=blog;host=127.0.0.1;charset=utf8
[ sql ] [ SQL ] SELECT * FROM `blog_cate` ORDER BY cate_sort desc [ RunTime:0.000607s ]
[ sql ] [ DB ] CONNECT:[ UseTime:0.000873s ] mysql:dbname=blog;host=127.0.0.1;charset=utf8
[ sql ] [ SQL ] SHOW COLUMNS FROM `blog_tag` [ RunTime:0.005642s ]
[ sql ] [ SQL ] SELECT * FROM `blog_tag` [ RunTime:0.000482s ]
[ sql ] [ DB ] CONNECT:[ UseTime:0.000909s ] mysql:dbname=blog;host=127.0.0.1;charset=utf8
[ sql ] [ SQL ] SHOW COLUMNS FROM `blog_link` [ RunTime:0.008492s ]
[ sql ] [ SQL ] SELECT * FROM `blog_link` ORDER BY link_sort desc [ RunTime:0.000554s ]
[ sql ] [ DB ] CONNECT:[ UseTime:0.001392s ] mysql:dbname=blog;host=127.0.0.1;charset=utf8
[ sql ] [ SQL ] SHOW COLUMNS FROM `blog_article` [ RunTime:0.008266s ]
[ sql ] [ SQL ] SELECT `arc_id`,`arc_title`,`sendtime` FROM `blog_article` WHERE  `is_recycle` = 2 ORDER BY sendtime desc LIMIT 3 [ RunTime:0.000594s ]
[ sql ] [ DB ] CONNECT:[ UseTime:0.001054s ] mysql:dbname=blog;host=127.0.0.1;charset=utf8
[ sql ] [ SQL ] SELECT * FROM `blog_cate` [ RunTime:0.000550s ]
[ sql ] [ DB ] CONNECT:[ UseTime:0.001427s ] mysql:dbname=blog;host=127.0.0.1;charset=utf8
[ sql ] [ SQL ] SELECT `cate_name` FROM `blog_cate` WHERE  `cate_id` = 31 LIMIT 1 [ RunTime:0.000484s ]
[ sql ] [ DB ] CONNECT:[ UseTime:0.001152s ] mysql:dbname=blog;host=127.0.0.1;charset=utf8
[ sql ] [ SQL ] SELECT COUNT(*) AS tp_count FROM `blog_article` WHERE  `cate_id` IN (31) LIMIT 1 [ RunTime:0.000475s ]

---------------------------------------------------------------
[ 2017-07-24T00:00:28+08:00 ] 127.0.0.1 127.0.0.1 GET /index/lists/index/cate_id/images/1.jpg
[ log ] www.myblog.com/index/lists/index/cate_id/images/1.jpg [运行时间：0.127376s][吞吐率：7.85req/s] [内存消耗：2,335.16kb] [文件加载：58]
[ info ] [ LANG ] D:\WWW\myBlog\thinkphp\lang\zh-cn.php
[ info ] [ ROUTE ] array (
  'type' => 'module',
  'module' => 
  array (
    0 => 'index',
    1 => 'lists',
    2 => 'index',
  ),
)
[ info ] [ HEADER ] array (
  'cookie' => 'pgv_pvi=6365759488; PHPSESSID=ihoh0n51ljaqhc2p4m7oikji30',
  'accept-language' => 'zh-CN,zh;q=0.8',
  'accept-encoding' => 'gzip, deflate',
  'referer' => 'http://www.myblog.com/index/lists/index/cate_id/31.html',
  'accept' => 'image/webp,image/apng,image/*,*/*;q=0.8',
  'user-agent' => 'Mozilla/5.0 (Windows NT 10.0; WOW64) AppleWebKit/537.36 (KHTML, like Gecko) Chrome/61.0.3159.5 Safari/537.36',
  'connection' => 'close',
  'host' => 'www.myblog.com',
)
[ info ] [ PARAM ] array (
  'cate_id' => 'images',
)
[ info ] [ DB ] INIT mysql
[ info ] [ DB ] INIT mysql
[ info ] [ DB ] INIT mysql
[ info ] [ DB ] INIT mysql
[ info ] [ DB ] INIT mysql
[ info ] [ DB ] INIT mysql
[ info ] [ RUN ] app\index\controller\Lists->Index[ D:\WWW\myBlog\application\index\controller\Lists.php ]
[ info ] [ DB ] INIT mysql
[ info ] [ DB ] INIT mysql
[ info ] [ DB ] INIT mysql
[ info ] [ DB ] INIT mysql
[ info ] [ VIEW ] D:\WWW\myBlog\public/../application/index\view\lists\index.html [ array (
  0 => '_webSet',
  1 => '_cateData',
  2 => '_allCateData',
  3 => '_tagData',
  4 => '_linkData',
  5 => '_newArticleData',
  6 => 'headConf',
  7 => 'listHead',
) ]
[ info ] [ LOG ] INIT File
[ sql ] [ DB ] CONNECT:[ UseTime:0.001424s ] mysql:dbname=blog;host=127.0.0.1;charset=utf8
[ sql ] [ SQL ] SHOW COLUMNS FROM `blog_webset` [ RunTime:0.008549s ]
[ sql ] [ SQL ] SELECT `webset_name`,`webset_value` FROM `blog_webset` [ RunTime:0.000619s ]
[ sql ] [ DB ] CONNECT:[ UseTime:0.001496s ] mysql:dbname=blog;host=127.0.0.1;charset=utf8
[ sql ] [ SQL ] SHOW COLUMNS FROM `blog_cate` [ RunTime:0.011084s ]
[ sql ] [ SQL ] SELECT * FROM `blog_cate` WHERE  `cate_pid` = 0 ORDER BY cate_sort desc LIMIT 5 [ RunTime:0.001082s ]
[ sql ] [ DB ] CONNECT:[ UseTime:0.001584s ] mysql:dbname=blog;host=127.0.0.1;charset=utf8
[ sql ] [ SQL ] SELECT * FROM `blog_cate` ORDER BY cate_sort desc [ RunTime:0.001019s ]
[ sql ] [ DB ] CONNECT:[ UseTime:0.001405s ] mysql:dbname=blog;host=127.0.0.1;charset=utf8
[ sql ] [ SQL ] SHOW COLUMNS FROM `blog_tag` [ RunTime:0.011068s ]
[ sql ] [ SQL ] SELECT * FROM `blog_tag` [ RunTime:0.000855s ]
[ sql ] [ DB ] CONNECT:[ UseTime:0.001579s ] mysql:dbname=blog;host=127.0.0.1;charset=utf8
[ sql ] [ SQL ] SHOW COLUMNS FROM `blog_link` [ RunTime:0.010816s ]
[ sql ] [ SQL ] SELECT * FROM `blog_link` ORDER BY link_sort desc [ RunTime:0.000616s ]
[ sql ] [ DB ] CONNECT:[ UseTime:0.000883s ] mysql:dbname=blog;host=127.0.0.1;charset=utf8
[ sql ] [ SQL ] SHOW COLUMNS FROM `blog_article` [ RunTime:0.009053s ]
[ sql ] [ SQL ] SELECT `arc_id`,`arc_title`,`sendtime` FROM `blog_article` WHERE  `is_recycle` = 2 ORDER BY sendtime desc LIMIT 3 [ RunTime:0.000655s ]
[ sql ] [ DB ] CONNECT:[ UseTime:0.000895s ] mysql:dbname=blog;host=127.0.0.1;charset=utf8
[ sql ] [ SQL ] SELECT * FROM `blog_cate` [ RunTime:0.000517s ]
[ sql ] [ DB ] CONNECT:[ UseTime:0.001030s ] mysql:dbname=blog;host=127.0.0.1;charset=utf8
[ sql ] [ SQL ] SELECT `cate_name` FROM `blog_cate` WHERE  `cate_id` = 0 LIMIT 1 [ RunTime:0.000583s ]
[ sql ] [ DB ] CONNECT:[ UseTime:0.001362s ] mysql:dbname=blog;host=127.0.0.1;charset=utf8
[ sql ] [ SQL ] SELECT COUNT(*) AS tp_count FROM `blog_article` WHERE  `cate_id` IN (32,14,21,23,18,17,15,22,20,19,31,0) LIMIT 1 [ RunTime:0.000607s ]

---------------------------------------------------------------
[ 2017-07-24T00:00:28+08:00 ] 127.0.0.1 127.0.0.1 GET /index/lists/index/cate_id/14.html
[ log ] www.myblog.com/index/lists/index/cate_id/14.html [运行时间：0.097150s][吞吐率：10.29req/s] [内存消耗：2,330.84kb] [文件加载：58]
[ info ] [ LANG ] D:\WWW\myBlog\thinkphp\lang\zh-cn.php
[ info ] [ ROUTE ] array (
  'type' => 'module',
  'module' => 
  array (
    0 => 'index',
    1 => 'lists',
    2 => 'index',
  ),
)
[ info ] [ HEADER ] array (
  'cookie' => 'pgv_pvi=6365759488; PHPSESSID=ihoh0n51ljaqhc2p4m7oikji30',
  'accept-language' => 'zh-CN,zh;q=0.8',
  'accept-encoding' => 'gzip, deflate',
  'referer' => 'http://www.myblog.com/index/lists/index/cate_id/31.html',
  'accept' => 'text/html,application/xhtml+xml,application/xml;q=0.9,image/webp,image/apng,*/*;q=0.8',
  'user-agent' => 'Mozilla/5.0 (Windows NT 10.0; WOW64) AppleWebKit/537.36 (KHTML, like Gecko) Chrome/61.0.3159.5 Safari/537.36',
  'upgrade-insecure-requests' => '1',
  'connection' => 'close',
  'host' => 'www.myblog.com',
)
[ info ] [ PARAM ] array (
  'cate_id' => '14',
)
[ info ] [ DB ] INIT mysql
[ info ] [ DB ] INIT mysql
[ info ] [ DB ] INIT mysql
[ info ] [ DB ] INIT mysql
[ info ] [ DB ] INIT mysql
[ info ] [ DB ] INIT mysql
[ info ] [ RUN ] app\index\controller\Lists->Index[ D:\WWW\myBlog\application\index\controller\Lists.php ]
[ info ] [ DB ] INIT mysql
[ info ] [ DB ] INIT mysql
[ info ] [ DB ] INIT mysql
[ info ] [ DB ] INIT mysql
[ info ] [ VIEW ] D:\WWW\myBlog\public/../application/index\view\lists\index.html [ array (
  0 => '_webSet',
  1 => '_cateData',
  2 => '_allCateData',
  3 => '_tagData',
  4 => '_linkData',
  5 => '_newArticleData',
  6 => 'headConf',
  7 => 'listHead',
) ]
[ info ] [ LOG ] INIT File
[ sql ] [ DB ] CONNECT:[ UseTime:0.000955s ] mysql:dbname=blog;host=127.0.0.1;charset=utf8
[ sql ] [ SQL ] SHOW COLUMNS FROM `blog_webset` [ RunTime:0.006372s ]
[ sql ] [ SQL ] SELECT `webset_name`,`webset_value` FROM `blog_webset` [ RunTime:0.000466s ]
[ sql ] [ DB ] CONNECT:[ UseTime:0.000849s ] mysql:dbname=blog;host=127.0.0.1;charset=utf8
[ sql ] [ SQL ] SHOW COLUMNS FROM `blog_cate` [ RunTime:0.005842s ]
[ sql ] [ SQL ] SELECT * FROM `blog_cate` WHERE  `cate_pid` = 0 ORDER BY cate_sort desc LIMIT 5 [ RunTime:0.000689s ]
[ sql ] [ DB ] CONNECT:[ UseTime:0.001194s ] mysql:dbname=blog;host=127.0.0.1;charset=utf8
[ sql ] [ SQL ] SELECT * FROM `blog_cate` ORDER BY cate_sort desc [ RunTime:0.000676s ]
[ sql ] [ DB ] CONNECT:[ UseTime:0.000990s ] mysql:dbname=blog;host=127.0.0.1;charset=utf8
[ sql ] [ SQL ] SHOW COLUMNS FROM `blog_tag` [ RunTime:0.006731s ]
[ sql ] [ SQL ] SELECT * FROM `blog_tag` [ RunTime:0.000539s ]
[ sql ] [ DB ] CONNECT:[ UseTime:0.001120s ] mysql:dbname=blog;host=127.0.0.1;charset=utf8
[ sql ] [ SQL ] SHOW COLUMNS FROM `blog_link` [ RunTime:0.006617s ]
[ sql ] [ SQL ] SELECT * FROM `blog_link` ORDER BY link_sort desc [ RunTime:0.000586s ]
[ sql ] [ DB ] CONNECT:[ UseTime:0.000965s ] mysql:dbname=blog;host=127.0.0.1;charset=utf8
[ sql ] [ SQL ] SHOW COLUMNS FROM `blog_article` [ RunTime:0.006638s ]
[ sql ] [ SQL ] SELECT `arc_id`,`arc_title`,`sendtime` FROM `blog_article` WHERE  `is_recycle` = 2 ORDER BY sendtime desc LIMIT 3 [ RunTime:0.000574s ]
[ sql ] [ DB ] CONNECT:[ UseTime:0.001145s ] mysql:dbname=blog;host=127.0.0.1;charset=utf8
[ sql ] [ SQL ] SELECT * FROM `blog_cate` [ RunTime:0.000617s ]
[ sql ] [ DB ] CONNECT:[ UseTime:0.001295s ] mysql:dbname=blog;host=127.0.0.1;charset=utf8
[ sql ] [ SQL ] SELECT `cate_name` FROM `blog_cate` WHERE  `cate_id` = 14 LIMIT 1 [ RunTime:0.000630s ]
[ sql ] [ DB ] CONNECT:[ UseTime:0.001267s ] mysql:dbname=blog;host=127.0.0.1;charset=utf8
[ sql ] [ SQL ] SELECT COUNT(*) AS tp_count FROM `blog_article` WHERE  `cate_id` IN (21,23,18,17,14) LIMIT 1 [ RunTime:0.000556s ]

---------------------------------------------------------------
[ 2017-07-24T00:00:29+08:00 ] 127.0.0.1 127.0.0.1 GET /index/lists/index/cate_id/images/1.jpg
[ log ] www.myblog.com/index/lists/index/cate_id/images/1.jpg [运行时间：0.145441s][吞吐率：6.88req/s] [内存消耗：2,335.16kb] [文件加载：58]
[ info ] [ LANG ] D:\WWW\myBlog\thinkphp\lang\zh-cn.php
[ info ] [ ROUTE ] array (
  'type' => 'module',
  'module' => 
  array (
    0 => 'index',
    1 => 'lists',
    2 => 'index',
  ),
)
[ info ] [ HEADER ] array (
  'cookie' => 'pgv_pvi=6365759488; PHPSESSID=ihoh0n51ljaqhc2p4m7oikji30',
  'accept-language' => 'zh-CN,zh;q=0.8',
  'accept-encoding' => 'gzip, deflate',
  'referer' => 'http://www.myblog.com/index/lists/index/cate_id/14.html',
  'accept' => 'image/webp,image/apng,image/*,*/*;q=0.8',
  'user-agent' => 'Mozilla/5.0 (Windows NT 10.0; WOW64) AppleWebKit/537.36 (KHTML, like Gecko) Chrome/61.0.3159.5 Safari/537.36',
  'connection' => 'close',
  'host' => 'www.myblog.com',
)
[ info ] [ PARAM ] array (
  'cate_id' => 'images',
)
[ info ] [ DB ] INIT mysql
[ info ] [ DB ] INIT mysql
[ info ] [ DB ] INIT mysql
[ info ] [ DB ] INIT mysql
[ info ] [ DB ] INIT mysql
[ info ] [ DB ] INIT mysql
[ info ] [ RUN ] app\index\controller\Lists->Index[ D:\WWW\myBlog\application\index\controller\Lists.php ]
[ info ] [ DB ] INIT mysql
[ info ] [ DB ] INIT mysql
[ info ] [ DB ] INIT mysql
[ info ] [ DB ] INIT mysql
[ info ] [ VIEW ] D:\WWW\myBlog\public/../application/index\view\lists\index.html [ array (
  0 => '_webSet',
  1 => '_cateData',
  2 => '_allCateData',
  3 => '_tagData',
  4 => '_linkData',
  5 => '_newArticleData',
  6 => 'headConf',
  7 => 'listHead',
) ]
[ info ] [ LOG ] INIT File
[ sql ] [ DB ] CONNECT:[ UseTime:0.001329s ] mysql:dbname=blog;host=127.0.0.1;charset=utf8
[ sql ] [ SQL ] SHOW COLUMNS FROM `blog_webset` [ RunTime:0.009830s ]
[ sql ] [ SQL ] SELECT `webset_name`,`webset_value` FROM `blog_webset` [ RunTime:0.000717s ]
[ sql ] [ DB ] CONNECT:[ UseTime:0.001607s ] mysql:dbname=blog;host=127.0.0.1;charset=utf8
[ sql ] [ SQL ] SHOW COLUMNS FROM `blog_cate` [ RunTime:0.012877s ]
[ sql ] [ SQL ] SELECT * FROM `blog_cate` WHERE  `cate_pid` = 0 ORDER BY cate_sort desc LIMIT 5 [ RunTime:0.001002s ]
[ sql ] [ DB ] CONNECT:[ UseTime:0.001543s ] mysql:dbname=blog;host=127.0.0.1;charset=utf8
[ sql ] [ SQL ] SELECT * FROM `blog_cate` ORDER BY cate_sort desc [ RunTime:0.000886s ]
[ sql ] [ DB ] CONNECT:[ UseTime:0.011784s ] mysql:dbname=blog;host=127.0.0.1;charset=utf8
[ sql ] [ SQL ] SHOW COLUMNS FROM `blog_tag` [ RunTime:0.007708s ]
[ sql ] [ SQL ] SELECT * FROM `blog_tag` [ RunTime:0.000440s ]
[ sql ] [ DB ] CONNECT:[ UseTime:0.001351s ] mysql:dbname=blog;host=127.0.0.1;charset=utf8
[ sql ] [ SQL ] SHOW COLUMNS FROM `blog_link` [ RunTime:0.007806s ]
[ sql ] [ SQL ] SELECT * FROM `blog_link` ORDER BY link_sort desc [ RunTime:0.000606s ]
[ sql ] [ DB ] CONNECT:[ UseTime:0.000843s ] mysql:dbname=blog;host=127.0.0.1;charset=utf8
[ sql ] [ SQL ] SHOW COLUMNS FROM `blog_article` [ RunTime:0.010870s ]
[ sql ] [ SQL ] SELECT `arc_id`,`arc_title`,`sendtime` FROM `blog_article` WHERE  `is_recycle` = 2 ORDER BY sendtime desc LIMIT 3 [ RunTime:0.000674s ]
[ sql ] [ DB ] CONNECT:[ UseTime:0.001043s ] mysql:dbname=blog;host=127.0.0.1;charset=utf8
[ sql ] [ SQL ] SELECT * FROM `blog_cate` [ RunTime:0.000558s ]
[ sql ] [ DB ] CONNECT:[ UseTime:0.001234s ] mysql:dbname=blog;host=127.0.0.1;charset=utf8
[ sql ] [ SQL ] SELECT `cate_name` FROM `blog_cate` WHERE  `cate_id` = 0 LIMIT 1 [ RunTime:0.000615s ]
[ sql ] [ DB ] CONNECT:[ UseTime:0.001125s ] mysql:dbname=blog;host=127.0.0.1;charset=utf8
[ sql ] [ SQL ] SELECT COUNT(*) AS tp_count FROM `blog_article` WHERE  `cate_id` IN (32,14,21,23,18,17,15,22,20,19,31,0) LIMIT 1 [ RunTime:0.000507s ]

---------------------------------------------------------------
[ 2017-07-24T00:00:30+08:00 ] 127.0.0.1 127.0.0.1 GET /index/lists/index/cate_id/15.html
[ log ] www.myblog.com/index/lists/index/cate_id/15.html [运行时间：0.093367s][吞吐率：10.71req/s] [内存消耗：2,330.13kb] [文件加载：58]
[ info ] [ LANG ] D:\WWW\myBlog\thinkphp\lang\zh-cn.php
[ info ] [ ROUTE ] array (
  'type' => 'module',
  'module' => 
  array (
    0 => 'index',
    1 => 'lists',
    2 => 'index',
  ),
)
[ info ] [ HEADER ] array (
  'cookie' => 'pgv_pvi=6365759488; PHPSESSID=ihoh0n51ljaqhc2p4m7oikji30',
  'accept-language' => 'zh-CN,zh;q=0.8',
  'accept-encoding' => 'gzip, deflate',
  'referer' => 'http://www.myblog.com/index/lists/index/cate_id/14.html',
  'accept' => 'text/html,application/xhtml+xml,application/xml;q=0.9,image/webp,image/apng,*/*;q=0.8',
  'user-agent' => 'Mozilla/5.0 (Windows NT 10.0; WOW64) AppleWebKit/537.36 (KHTML, like Gecko) Chrome/61.0.3159.5 Safari/537.36',
  'upgrade-insecure-requests' => '1',
  'connection' => 'close',
  'host' => 'www.myblog.com',
)
[ info ] [ PARAM ] array (
  'cate_id' => '15',
)
[ info ] [ DB ] INIT mysql
[ info ] [ DB ] INIT mysql
[ info ] [ DB ] INIT mysql
[ info ] [ DB ] INIT mysql
[ info ] [ DB ] INIT mysql
[ info ] [ DB ] INIT mysql
[ info ] [ RUN ] app\index\controller\Lists->Index[ D:\WWW\myBlog\application\index\controller\Lists.php ]
[ info ] [ DB ] INIT mysql
[ info ] [ DB ] INIT mysql
[ info ] [ DB ] INIT mysql
[ info ] [ DB ] INIT mysql
[ info ] [ VIEW ] D:\WWW\myBlog\public/../application/index\view\lists\index.html [ array (
  0 => '_webSet',
  1 => '_cateData',
  2 => '_allCateData',
  3 => '_tagData',
  4 => '_linkData',
  5 => '_newArticleData',
  6 => 'headConf',
  7 => 'listHead',
) ]
[ info ] [ LOG ] INIT File
[ sql ] [ DB ] CONNECT:[ UseTime:0.000947s ] mysql:dbname=blog;host=127.0.0.1;charset=utf8
[ sql ] [ SQL ] SHOW COLUMNS FROM `blog_webset` [ RunTime:0.005674s ]
[ sql ] [ SQL ] SELECT `webset_name`,`webset_value` FROM `blog_webset` [ RunTime:0.000577s ]
[ sql ] [ DB ] CONNECT:[ UseTime:0.000740s ] mysql:dbname=blog;host=127.0.0.1;charset=utf8
[ sql ] [ SQL ] SHOW COLUMNS FROM `blog_cate` [ RunTime:0.006487s ]
[ sql ] [ SQL ] SELECT * FROM `blog_cate` WHERE  `cate_pid` = 0 ORDER BY cate_sort desc LIMIT 5 [ RunTime:0.000465s ]
[ sql ] [ DB ] CONNECT:[ UseTime:0.000794s ] mysql:dbname=blog;host=127.0.0.1;charset=utf8
[ sql ] [ SQL ] SELECT * FROM `blog_cate` ORDER BY cate_sort desc [ RunTime:0.000387s ]
[ sql ] [ DB ] CONNECT:[ UseTime:0.000846s ] mysql:dbname=blog;host=127.0.0.1;charset=utf8
[ sql ] [ SQL ] SHOW COLUMNS FROM `blog_tag` [ RunTime:0.007245s ]
[ sql ] [ SQL ] SELECT * FROM `blog_tag` [ RunTime:0.000436s ]
[ sql ] [ DB ] CONNECT:[ UseTime:0.000848s ] mysql:dbname=blog;host=127.0.0.1;charset=utf8
[ sql ] [ SQL ] SHOW COLUMNS FROM `blog_link` [ RunTime:0.006435s ]
[ sql ] [ SQL ] SELECT * FROM `blog_link` ORDER BY link_sort desc [ RunTime:0.000513s ]
[ sql ] [ DB ] CONNECT:[ UseTime:0.000888s ] mysql:dbname=blog;host=127.0.0.1;charset=utf8
[ sql ] [ SQL ] SHOW COLUMNS FROM `blog_article` [ RunTime:0.006254s ]
[ sql ] [ SQL ] SELECT `arc_id`,`arc_title`,`sendtime` FROM `blog_article` WHERE  `is_recycle` = 2 ORDER BY sendtime desc LIMIT 3 [ RunTime:0.000503s ]
[ sql ] [ DB ] CONNECT:[ UseTime:0.001162s ] mysql:dbname=blog;host=127.0.0.1;charset=utf8
[ sql ] [ SQL ] SELECT * FROM `blog_cate` [ RunTime:0.000524s ]
[ sql ] [ DB ] CONNECT:[ UseTime:0.000831s ] mysql:dbname=blog;host=127.0.0.1;charset=utf8
[ sql ] [ SQL ] SELECT `cate_name` FROM `blog_cate` WHERE  `cate_id` = 15 LIMIT 1 [ RunTime:0.000446s ]
[ sql ] [ DB ] CONNECT:[ UseTime:0.000901s ] mysql:dbname=blog;host=127.0.0.1;charset=utf8
[ sql ] [ SQL ] SELECT COUNT(*) AS tp_count FROM `blog_article` WHERE  `cate_id` IN (22,20,19,15) LIMIT 1 [ RunTime:0.000457s ]

---------------------------------------------------------------
[ 2017-07-24T00:00:30+08:00 ] 127.0.0.1 127.0.0.1 GET /index/lists/index/cate_id/images/1.jpg
[ log ] www.myblog.com/index/lists/index/cate_id/images/1.jpg [运行时间：0.115490s][吞吐率：8.66req/s] [内存消耗：2,335.16kb] [文件加载：58]
[ info ] [ LANG ] D:\WWW\myBlog\thinkphp\lang\zh-cn.php
[ info ] [ ROUTE ] array (
  'type' => 'module',
  'module' => 
  array (
    0 => 'index',
    1 => 'lists',
    2 => 'index',
  ),
)
[ info ] [ HEADER ] array (
  'cookie' => 'pgv_pvi=6365759488; PHPSESSID=ihoh0n51ljaqhc2p4m7oikji30',
  'accept-language' => 'zh-CN,zh;q=0.8',
  'accept-encoding' => 'gzip, deflate',
  'referer' => 'http://www.myblog.com/index/lists/index/cate_id/15.html',
  'accept' => 'image/webp,image/apng,image/*,*/*;q=0.8',
  'user-agent' => 'Mozilla/5.0 (Windows NT 10.0; WOW64) AppleWebKit/537.36 (KHTML, like Gecko) Chrome/61.0.3159.5 Safari/537.36',
  'connection' => 'close',
  'host' => 'www.myblog.com',
)
[ info ] [ PARAM ] array (
  'cate_id' => 'images',
)
[ info ] [ DB ] INIT mysql
[ info ] [ DB ] INIT mysql
[ info ] [ DB ] INIT mysql
[ info ] [ DB ] INIT mysql
[ info ] [ DB ] INIT mysql
[ info ] [ DB ] INIT mysql
[ info ] [ RUN ] app\index\controller\Lists->Index[ D:\WWW\myBlog\application\index\controller\Lists.php ]
[ info ] [ DB ] INIT mysql
[ info ] [ DB ] INIT mysql
[ info ] [ DB ] INIT mysql
[ info ] [ DB ] INIT mysql
[ info ] [ VIEW ] D:\WWW\myBlog\public/../application/index\view\lists\index.html [ array (
  0 => '_webSet',
  1 => '_cateData',
  2 => '_allCateData',
  3 => '_tagData',
  4 => '_linkData',
  5 => '_newArticleData',
  6 => 'headConf',
  7 => 'listHead',
) ]
[ info ] [ LOG ] INIT File
[ sql ] [ DB ] CONNECT:[ UseTime:0.001166s ] mysql:dbname=blog;host=127.0.0.1;charset=utf8
[ sql ] [ SQL ] SHOW COLUMNS FROM `blog_webset` [ RunTime:0.009089s ]
[ sql ] [ SQL ] SELECT `webset_name`,`webset_value` FROM `blog_webset` [ RunTime:0.000679s ]
[ sql ] [ DB ] CONNECT:[ UseTime:0.001257s ] mysql:dbname=blog;host=127.0.0.1;charset=utf8
[ sql ] [ SQL ] SHOW COLUMNS FROM `blog_cate` [ RunTime:0.011426s ]
[ sql ] [ SQL ] SELECT * FROM `blog_cate` WHERE  `cate_pid` = 0 ORDER BY cate_sort desc LIMIT 5 [ RunTime:0.000789s ]
[ sql ] [ DB ] CONNECT:[ UseTime:0.000941s ] mysql:dbname=blog;host=127.0.0.1;charset=utf8
[ sql ] [ SQL ] SELECT * FROM `blog_cate` ORDER BY cate_sort desc [ RunTime:0.000783s ]
[ sql ] [ DB ] CONNECT:[ UseTime:0.000972s ] mysql:dbname=blog;host=127.0.0.1;charset=utf8
[ sql ] [ SQL ] SHOW COLUMNS FROM `blog_tag` [ RunTime:0.007699s ]
[ sql ] [ SQL ] SELECT * FROM `blog_tag` [ RunTime:0.000381s ]
[ sql ] [ DB ] CONNECT:[ UseTime:0.000766s ] mysql:dbname=blog;host=127.0.0.1;charset=utf8
[ sql ] [ SQL ] SHOW COLUMNS FROM `blog_link` [ RunTime:0.007994s ]
[ sql ] [ SQL ] SELECT * FROM `blog_link` ORDER BY link_sort desc [ RunTime:0.000393s ]
[ sql ] [ DB ] CONNECT:[ UseTime:0.000741s ] mysql:dbname=blog;host=127.0.0.1;charset=utf8
[ sql ] [ SQL ] SHOW COLUMNS FROM `blog_article` [ RunTime:0.007025s ]
[ sql ] [ SQL ] SELECT `arc_id`,`arc_title`,`sendtime` FROM `blog_article` WHERE  `is_recycle` = 2 ORDER BY sendtime desc LIMIT 3 [ RunTime:0.001090s ]
[ sql ] [ DB ] CONNECT:[ UseTime:0.000815s ] mysql:dbname=blog;host=127.0.0.1;charset=utf8
[ sql ] [ SQL ] SELECT * FROM `blog_cate` [ RunTime:0.000397s ]
[ sql ] [ DB ] CONNECT:[ UseTime:0.000658s ] mysql:dbname=blog;host=127.0.0.1;charset=utf8
[ sql ] [ SQL ] SELECT `cate_name` FROM `blog_cate` WHERE  `cate_id` = 0 LIMIT 1 [ RunTime:0.000322s ]
[ sql ] [ DB ] CONNECT:[ UseTime:0.000753s ] mysql:dbname=blog;host=127.0.0.1;charset=utf8
[ sql ] [ SQL ] SELECT COUNT(*) AS tp_count FROM `blog_article` WHERE  `cate_id` IN (32,14,21,23,18,17,15,22,20,19,31,0) LIMIT 1 [ RunTime:0.000441s ]

---------------------------------------------------------------
[ 2017-07-24T00:00:31+08:00 ] 127.0.0.1 127.0.0.1 GET /index/lists/index/cate_id/14.html
[ log ] www.myblog.com/index/lists/index/cate_id/14.html [运行时间：0.114681s][吞吐率：8.72req/s] [内存消耗：2,330.84kb] [文件加载：58]
[ info ] [ LANG ] D:\WWW\myBlog\thinkphp\lang\zh-cn.php
[ info ] [ ROUTE ] array (
  'type' => 'module',
  'module' => 
  array (
    0 => 'index',
    1 => 'lists',
    2 => 'index',
  ),
)
[ info ] [ HEADER ] array (
  'cookie' => 'pgv_pvi=6365759488; PHPSESSID=ihoh0n51ljaqhc2p4m7oikji30',
  'accept-language' => 'zh-CN,zh;q=0.8',
  'accept-encoding' => 'gzip, deflate',
  'referer' => 'http://www.myblog.com/index/lists/index/cate_id/15.html',
  'accept' => 'text/html,application/xhtml+xml,application/xml;q=0.9,image/webp,image/apng,*/*;q=0.8',
  'user-agent' => 'Mozilla/5.0 (Windows NT 10.0; WOW64) AppleWebKit/537.36 (KHTML, like Gecko) Chrome/61.0.3159.5 Safari/537.36',
  'upgrade-insecure-requests' => '1',
  'connection' => 'close',
  'host' => 'www.myblog.com',
)
[ info ] [ PARAM ] array (
  'cate_id' => '14',
)
[ info ] [ DB ] INIT mysql
[ info ] [ DB ] INIT mysql
[ info ] [ DB ] INIT mysql
[ info ] [ DB ] INIT mysql
[ info ] [ DB ] INIT mysql
[ info ] [ DB ] INIT mysql
[ info ] [ RUN ] app\index\controller\Lists->Index[ D:\WWW\myBlog\application\index\controller\Lists.php ]
[ info ] [ DB ] INIT mysql
[ info ] [ DB ] INIT mysql
[ info ] [ DB ] INIT mysql
[ info ] [ DB ] INIT mysql
[ info ] [ VIEW ] D:\WWW\myBlog\public/../application/index\view\lists\index.html [ array (
  0 => '_webSet',
  1 => '_cateData',
  2 => '_allCateData',
  3 => '_tagData',
  4 => '_linkData',
  5 => '_newArticleData',
  6 => 'headConf',
  7 => 'listHead',
) ]
[ info ] [ LOG ] INIT File
[ sql ] [ DB ] CONNECT:[ UseTime:0.000944s ] mysql:dbname=blog;host=127.0.0.1;charset=utf8
[ sql ] [ SQL ] SHOW COLUMNS FROM `blog_webset` [ RunTime:0.007256s ]
[ sql ] [ SQL ] SELECT `webset_name`,`webset_value` FROM `blog_webset` [ RunTime:0.000621s ]
[ sql ] [ DB ] CONNECT:[ UseTime:0.000815s ] mysql:dbname=blog;host=127.0.0.1;charset=utf8
[ sql ] [ SQL ] SHOW COLUMNS FROM `blog_cate` [ RunTime:0.006977s ]
[ sql ] [ SQL ] SELECT * FROM `blog_cate` WHERE  `cate_pid` = 0 ORDER BY cate_sort desc LIMIT 5 [ RunTime:0.000646s ]
[ sql ] [ DB ] CONNECT:[ UseTime:0.000996s ] mysql:dbname=blog;host=127.0.0.1;charset=utf8
[ sql ] [ SQL ] SELECT * FROM `blog_cate` ORDER BY cate_sort desc [ RunTime:0.000556s ]
[ sql ] [ DB ] CONNECT:[ UseTime:0.000807s ] mysql:dbname=blog;host=127.0.0.1;charset=utf8
[ sql ] [ SQL ] SHOW COLUMNS FROM `blog_tag` [ RunTime:0.006972s ]
[ sql ] [ SQL ] SELECT * FROM `blog_tag` [ RunTime:0.000478s ]
[ sql ] [ DB ] CONNECT:[ UseTime:0.000884s ] mysql:dbname=blog;host=127.0.0.1;charset=utf8
[ sql ] [ SQL ] SHOW COLUMNS FROM `blog_link` [ RunTime:0.007851s ]
[ sql ] [ SQL ] SELECT * FROM `blog_link` ORDER BY link_sort desc [ RunTime:0.000532s ]
[ sql ] [ DB ] CONNECT:[ UseTime:0.001110s ] mysql:dbname=blog;host=127.0.0.1;charset=utf8
[ sql ] [ SQL ] SHOW COLUMNS FROM `blog_article` [ RunTime:0.008511s ]
[ sql ] [ SQL ] SELECT `arc_id`,`arc_title`,`sendtime` FROM `blog_article` WHERE  `is_recycle` = 2 ORDER BY sendtime desc LIMIT 3 [ RunTime:0.000696s ]
[ sql ] [ DB ] CONNECT:[ UseTime:0.001067s ] mysql:dbname=blog;host=127.0.0.1;charset=utf8
[ sql ] [ SQL ] SELECT * FROM `blog_cate` [ RunTime:0.000774s ]
[ sql ] [ DB ] CONNECT:[ UseTime:0.011351s ] mysql:dbname=blog;host=127.0.0.1;charset=utf8
[ sql ] [ SQL ] SELECT `cate_name` FROM `blog_cate` WHERE  `cate_id` = 14 LIMIT 1 [ RunTime:0.000504s ]
[ sql ] [ DB ] CONNECT:[ UseTime:0.001024s ] mysql:dbname=blog;host=127.0.0.1;charset=utf8
[ sql ] [ SQL ] SELECT COUNT(*) AS tp_count FROM `blog_article` WHERE  `cate_id` IN (21,23,18,17,14) LIMIT 1 [ RunTime:0.000477s ]

---------------------------------------------------------------
[ 2017-07-24T00:00:31+08:00 ] 127.0.0.1 127.0.0.1 GET /index/lists/index/cate_id/images/1.jpg
[ log ] www.myblog.com/index/lists/index/cate_id/images/1.jpg [运行时间：0.122569s][吞吐率：8.16req/s] [内存消耗：2,335.16kb] [文件加载：58]
[ info ] [ LANG ] D:\WWW\myBlog\thinkphp\lang\zh-cn.php
[ info ] [ ROUTE ] array (
  'type' => 'module',
  'module' => 
  array (
    0 => 'index',
    1 => 'lists',
    2 => 'index',
  ),
)
[ info ] [ HEADER ] array (
  'cookie' => 'pgv_pvi=6365759488; PHPSESSID=ihoh0n51ljaqhc2p4m7oikji30',
  'accept-language' => 'zh-CN,zh;q=0.8',
  'accept-encoding' => 'gzip, deflate',
  'referer' => 'http://www.myblog.com/index/lists/index/cate_id/14.html',
  'accept' => 'image/webp,image/apng,image/*,*/*;q=0.8',
  'user-agent' => 'Mozilla/5.0 (Windows NT 10.0; WOW64) AppleWebKit/537.36 (KHTML, like Gecko) Chrome/61.0.3159.5 Safari/537.36',
  'connection' => 'close',
  'host' => 'www.myblog.com',
)
[ info ] [ PARAM ] array (
  'cate_id' => 'images',
)
[ info ] [ DB ] INIT mysql
[ info ] [ DB ] INIT mysql
[ info ] [ DB ] INIT mysql
[ info ] [ DB ] INIT mysql
[ info ] [ DB ] INIT mysql
[ info ] [ DB ] INIT mysql
[ info ] [ RUN ] app\index\controller\Lists->Index[ D:\WWW\myBlog\application\index\controller\Lists.php ]
[ info ] [ DB ] INIT mysql
[ info ] [ DB ] INIT mysql
[ info ] [ DB ] INIT mysql
[ info ] [ DB ] INIT mysql
[ info ] [ VIEW ] D:\WWW\myBlog\public/../application/index\view\lists\index.html [ array (
  0 => '_webSet',
  1 => '_cateData',
  2 => '_allCateData',
  3 => '_tagData',
  4 => '_linkData',
  5 => '_newArticleData',
  6 => 'headConf',
  7 => 'listHead',
) ]
[ info ] [ LOG ] INIT File
[ sql ] [ DB ] CONNECT:[ UseTime:0.001078s ] mysql:dbname=blog;host=127.0.0.1;charset=utf8
[ sql ] [ SQL ] SHOW COLUMNS FROM `blog_webset` [ RunTime:0.007596s ]
[ sql ] [ SQL ] SELECT `webset_name`,`webset_value` FROM `blog_webset` [ RunTime:0.000471s ]
[ sql ] [ DB ] CONNECT:[ UseTime:0.001066s ] mysql:dbname=blog;host=127.0.0.1;charset=utf8
[ sql ] [ SQL ] SHOW COLUMNS FROM `blog_cate` [ RunTime:0.010920s ]
[ sql ] [ SQL ] SELECT * FROM `blog_cate` WHERE  `cate_pid` = 0 ORDER BY cate_sort desc LIMIT 5 [ RunTime:0.000906s ]
[ sql ] [ DB ] CONNECT:[ UseTime:0.001347s ] mysql:dbname=blog;host=127.0.0.1;charset=utf8
[ sql ] [ SQL ] SELECT * FROM `blog_cate` ORDER BY cate_sort desc [ RunTime:0.000842s ]
[ sql ] [ DB ] CONNECT:[ UseTime:0.001400s ] mysql:dbname=blog;host=127.0.0.1;charset=utf8
[ sql ] [ SQL ] SHOW COLUMNS FROM `blog_tag` [ RunTime:0.009998s ]
[ sql ] [ SQL ] SELECT * FROM `blog_tag` [ RunTime:0.000660s ]
[ sql ] [ DB ] CONNECT:[ UseTime:0.001066s ] mysql:dbname=blog;host=127.0.0.1;charset=utf8
[ sql ] [ SQL ] SHOW COLUMNS FROM `blog_link` [ RunTime:0.009873s ]
[ sql ] [ SQL ] SELECT * FROM `blog_link` ORDER BY link_sort desc [ RunTime:0.000455s ]
[ sql ] [ DB ] CONNECT:[ UseTime:0.000954s ] mysql:dbname=blog;host=127.0.0.1;charset=utf8
[ sql ] [ SQL ] SHOW COLUMNS FROM `blog_article` [ RunTime:0.007095s ]
[ sql ] [ SQL ] SELECT `arc_id`,`arc_title`,`sendtime` FROM `blog_article` WHERE  `is_recycle` = 2 ORDER BY sendtime desc LIMIT 3 [ RunTime:0.000812s ]
[ sql ] [ DB ] CONNECT:[ UseTime:0.001219s ] mysql:dbname=blog;host=127.0.0.1;charset=utf8
[ sql ] [ SQL ] SELECT * FROM `blog_cate` [ RunTime:0.000631s ]
[ sql ] [ DB ] CONNECT:[ UseTime:0.000768s ] mysql:dbname=blog;host=127.0.0.1;charset=utf8
[ sql ] [ SQL ] SELECT `cate_name` FROM `blog_cate` WHERE  `cate_id` = 0 LIMIT 1 [ RunTime:0.000341s ]
[ sql ] [ DB ] CONNECT:[ UseTime:0.000857s ] mysql:dbname=blog;host=127.0.0.1;charset=utf8
[ sql ] [ SQL ] SELECT COUNT(*) AS tp_count FROM `blog_article` WHERE  `cate_id` IN (32,14,21,23,18,17,15,22,20,19,31,0) LIMIT 1 [ RunTime:0.000496s ]

---------------------------------------------------------------
[ 2017-07-24T00:00:32+08:00 ] 127.0.0.1 127.0.0.1 GET /index/lists/index/cate_id/31.html
[ log ] www.myblog.com/index/lists/index/cate_id/31.html [运行时间：0.097768s][吞吐率：10.23req/s] [内存消耗：2,328.08kb] [文件加载：58]
[ info ] [ LANG ] D:\WWW\myBlog\thinkphp\lang\zh-cn.php
[ info ] [ ROUTE ] array (
  'type' => 'module',
  'module' => 
  array (
    0 => 'index',
    1 => 'lists',
    2 => 'index',
  ),
)
[ info ] [ HEADER ] array (
  'cookie' => 'pgv_pvi=6365759488; PHPSESSID=ihoh0n51ljaqhc2p4m7oikji30',
  'accept-language' => 'zh-CN,zh;q=0.8',
  'accept-encoding' => 'gzip, deflate',
  'referer' => 'http://www.myblog.com/index/lists/index/cate_id/14.html',
  'accept' => 'text/html,application/xhtml+xml,application/xml;q=0.9,image/webp,image/apng,*/*;q=0.8',
  'user-agent' => 'Mozilla/5.0 (Windows NT 10.0; WOW64) AppleWebKit/537.36 (KHTML, like Gecko) Chrome/61.0.3159.5 Safari/537.36',
  'upgrade-insecure-requests' => '1',
  'connection' => 'close',
  'host' => 'www.myblog.com',
)
[ info ] [ PARAM ] array (
  'cate_id' => '31',
)
[ info ] [ DB ] INIT mysql
[ info ] [ DB ] INIT mysql
[ info ] [ DB ] INIT mysql
[ info ] [ DB ] INIT mysql
[ info ] [ DB ] INIT mysql
[ info ] [ DB ] INIT mysql
[ info ] [ RUN ] app\index\controller\Lists->Index[ D:\WWW\myBlog\application\index\controller\Lists.php ]
[ info ] [ DB ] INIT mysql
[ info ] [ DB ] INIT mysql
[ info ] [ DB ] INIT mysql
[ info ] [ DB ] INIT mysql
[ info ] [ VIEW ] D:\WWW\myBlog\public/../application/index\view\lists\index.html [ array (
  0 => '_webSet',
  1 => '_cateData',
  2 => '_allCateData',
  3 => '_tagData',
  4 => '_linkData',
  5 => '_newArticleData',
  6 => 'headConf',
  7 => 'listHead',
) ]
[ info ] [ LOG ] INIT File
[ sql ] [ DB ] CONNECT:[ UseTime:0.001086s ] mysql:dbname=blog;host=127.0.0.1;charset=utf8
[ sql ] [ SQL ] SHOW COLUMNS FROM `blog_webset` [ RunTime:0.005959s ]
[ sql ] [ SQL ] SELECT `webset_name`,`webset_value` FROM `blog_webset` [ RunTime:0.000413s ]
[ sql ] [ DB ] CONNECT:[ UseTime:0.000810s ] mysql:dbname=blog;host=127.0.0.1;charset=utf8
[ sql ] [ SQL ] SHOW COLUMNS FROM `blog_cate` [ RunTime:0.007715s ]
[ sql ] [ SQL ] SELECT * FROM `blog_cate` WHERE  `cate_pid` = 0 ORDER BY cate_sort desc LIMIT 5 [ RunTime:0.000618s ]
[ sql ] [ DB ] CONNECT:[ UseTime:0.001075s ] mysql:dbname=blog;host=127.0.0.1;charset=utf8
[ sql ] [ SQL ] SELECT * FROM `blog_cate` ORDER BY cate_sort desc [ RunTime:0.000665s ]
[ sql ] [ DB ] CONNECT:[ UseTime:0.001129s ] mysql:dbname=blog;host=127.0.0.1;charset=utf8
[ sql ] [ SQL ] SHOW COLUMNS FROM `blog_tag` [ RunTime:0.006504s ]
[ sql ] [ SQL ] SELECT * FROM `blog_tag` [ RunTime:0.000658s ]
[ sql ] [ DB ] CONNECT:[ UseTime:0.001009s ] mysql:dbname=blog;host=127.0.0.1;charset=utf8
[ sql ] [ SQL ] SHOW COLUMNS FROM `blog_link` [ RunTime:0.007208s ]
[ sql ] [ SQL ] SELECT * FROM `blog_link` ORDER BY link_sort desc [ RunTime:0.000746s ]
[ sql ] [ DB ] CONNECT:[ UseTime:0.001062s ] mysql:dbname=blog;host=127.0.0.1;charset=utf8
[ sql ] [ SQL ] SHOW COLUMNS FROM `blog_article` [ RunTime:0.006115s ]
[ sql ] [ SQL ] SELECT `arc_id`,`arc_title`,`sendtime` FROM `blog_article` WHERE  `is_recycle` = 2 ORDER BY sendtime desc LIMIT 3 [ RunTime:0.000541s ]
[ sql ] [ DB ] CONNECT:[ UseTime:0.000945s ] mysql:dbname=blog;host=127.0.0.1;charset=utf8
[ sql ] [ SQL ] SELECT * FROM `blog_cate` [ RunTime:0.000463s ]
[ sql ] [ DB ] CONNECT:[ UseTime:0.000805s ] mysql:dbname=blog;host=127.0.0.1;charset=utf8
[ sql ] [ SQL ] SELECT `cate_name` FROM `blog_cate` WHERE  `cate_id` = 31 LIMIT 1 [ RunTime:0.000387s ]
[ sql ] [ DB ] CONNECT:[ UseTime:0.000862s ] mysql:dbname=blog;host=127.0.0.1;charset=utf8
[ sql ] [ SQL ] SELECT COUNT(*) AS tp_count FROM `blog_article` WHERE  `cate_id` IN (31) LIMIT 1 [ RunTime:0.000395s ]

---------------------------------------------------------------
[ 2017-07-24T00:00:32+08:00 ] 127.0.0.1 127.0.0.1 GET /index/lists/index/cate_id/images/1.jpg
[ log ] www.myblog.com/index/lists/index/cate_id/images/1.jpg [运行时间：0.141533s][吞吐率：7.07req/s] [内存消耗：2,335.16kb] [文件加载：58]
[ info ] [ LANG ] D:\WWW\myBlog\thinkphp\lang\zh-cn.php
[ info ] [ ROUTE ] array (
  'type' => 'module',
  'module' => 
  array (
    0 => 'index',
    1 => 'lists',
    2 => 'index',
  ),
)
[ info ] [ HEADER ] array (
  'cookie' => 'pgv_pvi=6365759488; PHPSESSID=ihoh0n51ljaqhc2p4m7oikji30',
  'accept-language' => 'zh-CN,zh;q=0.8',
  'accept-encoding' => 'gzip, deflate',
  'referer' => 'http://www.myblog.com/index/lists/index/cate_id/31.html',
  'accept' => 'image/webp,image/apng,image/*,*/*;q=0.8',
  'user-agent' => 'Mozilla/5.0 (Windows NT 10.0; WOW64) AppleWebKit/537.36 (KHTML, like Gecko) Chrome/61.0.3159.5 Safari/537.36',
  'connection' => 'close',
  'host' => 'www.myblog.com',
)
[ info ] [ PARAM ] array (
  'cate_id' => 'images',
)
[ info ] [ DB ] INIT mysql
[ info ] [ DB ] INIT mysql
[ info ] [ DB ] INIT mysql
[ info ] [ DB ] INIT mysql
[ info ] [ DB ] INIT mysql
[ info ] [ DB ] INIT mysql
[ info ] [ RUN ] app\index\controller\Lists->Index[ D:\WWW\myBlog\application\index\controller\Lists.php ]
[ info ] [ DB ] INIT mysql
[ info ] [ DB ] INIT mysql
[ info ] [ DB ] INIT mysql
[ info ] [ DB ] INIT mysql
[ info ] [ VIEW ] D:\WWW\myBlog\public/../application/index\view\lists\index.html [ array (
  0 => '_webSet',
  1 => '_cateData',
  2 => '_allCateData',
  3 => '_tagData',
  4 => '_linkData',
  5 => '_newArticleData',
  6 => 'headConf',
  7 => 'listHead',
) ]
[ info ] [ LOG ] INIT File
[ sql ] [ DB ] CONNECT:[ UseTime:0.001160s ] mysql:dbname=blog;host=127.0.0.1;charset=utf8
[ sql ] [ SQL ] SHOW COLUMNS FROM `blog_webset` [ RunTime:0.010927s ]
[ sql ] [ SQL ] SELECT `webset_name`,`webset_value` FROM `blog_webset` [ RunTime:0.000840s ]
[ sql ] [ DB ] CONNECT:[ UseTime:0.001663s ] mysql:dbname=blog;host=127.0.0.1;charset=utf8
[ sql ] [ SQL ] SHOW COLUMNS FROM `blog_cate` [ RunTime:0.012416s ]
[ sql ] [ SQL ] SELECT * FROM `blog_cate` WHERE  `cate_pid` = 0 ORDER BY cate_sort desc LIMIT 5 [ RunTime:0.001073s ]
[ sql ] [ DB ] CONNECT:[ UseTime:0.002763s ] mysql:dbname=blog;host=127.0.0.1;charset=utf8
[ sql ] [ SQL ] SELECT * FROM `blog_cate` ORDER BY cate_sort desc [ RunTime:0.000844s ]
[ sql ] [ DB ] CONNECT:[ UseTime:0.001462s ] mysql:dbname=blog;host=127.0.0.1;charset=utf8
[ sql ] [ SQL ] SHOW COLUMNS FROM `blog_tag` [ RunTime:0.012020s ]
[ sql ] [ SQL ] SELECT * FROM `blog_tag` [ RunTime:0.000857s ]
[ sql ] [ DB ] CONNECT:[ UseTime:0.001573s ] mysql:dbname=blog;host=127.0.0.1;charset=utf8
[ sql ] [ SQL ] SHOW COLUMNS FROM `blog_link` [ RunTime:0.009863s ]
[ sql ] [ SQL ] SELECT * FROM `blog_link` ORDER BY link_sort desc [ RunTime:0.000834s ]
[ sql ] [ DB ] CONNECT:[ UseTime:0.001183s ] mysql:dbname=blog;host=127.0.0.1;charset=utf8
[ sql ] [ SQL ] SHOW COLUMNS FROM `blog_article` [ RunTime:0.008743s ]
[ sql ] [ SQL ] SELECT `arc_id`,`arc_title`,`sendtime` FROM `blog_article` WHERE  `is_recycle` = 2 ORDER BY sendtime desc LIMIT 3 [ RunTime:0.000774s ]
[ sql ] [ DB ] CONNECT:[ UseTime:0.000993s ] mysql:dbname=blog;host=127.0.0.1;charset=utf8
[ sql ] [ SQL ] SELECT * FROM `blog_cate` [ RunTime:0.000446s ]
[ sql ] [ DB ] CONNECT:[ UseTime:0.001365s ] mysql:dbname=blog;host=127.0.0.1;charset=utf8
[ sql ] [ SQL ] SELECT `cate_name` FROM `blog_cate` WHERE  `cate_id` = 0 LIMIT 1 [ RunTime:0.000473s ]
[ sql ] [ DB ] CONNECT:[ UseTime:0.001156s ] mysql:dbname=blog;host=127.0.0.1;charset=utf8
[ sql ] [ SQL ] SELECT COUNT(*) AS tp_count FROM `blog_article` WHERE  `cate_id` IN (32,14,21,23,18,17,15,22,20,19,31,0) LIMIT 1 [ RunTime:0.000933s ]

---------------------------------------------------------------
[ 2017-07-24T00:00:32+08:00 ] 127.0.0.1 127.0.0.1 GET /index/lists/index/cate_id/32.html
[ log ] www.myblog.com/index/lists/index/cate_id/32.html [运行时间：0.096719s][吞吐率：10.34req/s] [内存消耗：2,328.08kb] [文件加载：58]
[ info ] [ LANG ] D:\WWW\myBlog\thinkphp\lang\zh-cn.php
[ info ] [ ROUTE ] array (
  'type' => 'module',
  'module' => 
  array (
    0 => 'index',
    1 => 'lists',
    2 => 'index',
  ),
)
[ info ] [ HEADER ] array (
  'cookie' => 'pgv_pvi=6365759488; PHPSESSID=ihoh0n51ljaqhc2p4m7oikji30',
  'accept-language' => 'zh-CN,zh;q=0.8',
  'accept-encoding' => 'gzip, deflate',
  'referer' => 'http://www.myblog.com/index/lists/index/cate_id/31.html',
  'accept' => 'text/html,application/xhtml+xml,application/xml;q=0.9,image/webp,image/apng,*/*;q=0.8',
  'user-agent' => 'Mozilla/5.0 (Windows NT 10.0; WOW64) AppleWebKit/537.36 (KHTML, like Gecko) Chrome/61.0.3159.5 Safari/537.36',
  'upgrade-insecure-requests' => '1',
  'connection' => 'close',
  'host' => 'www.myblog.com',
)
[ info ] [ PARAM ] array (
  'cate_id' => '32',
)
[ info ] [ DB ] INIT mysql
[ info ] [ DB ] INIT mysql
[ info ] [ DB ] INIT mysql
[ info ] [ DB ] INIT mysql
[ info ] [ DB ] INIT mysql
[ info ] [ DB ] INIT mysql
[ info ] [ RUN ] app\index\controller\Lists->Index[ D:\WWW\myBlog\application\index\controller\Lists.php ]
[ info ] [ DB ] INIT mysql
[ info ] [ DB ] INIT mysql
[ info ] [ DB ] INIT mysql
[ info ] [ DB ] INIT mysql
[ info ] [ VIEW ] D:\WWW\myBlog\public/../application/index\view\lists\index.html [ array (
  0 => '_webSet',
  1 => '_cateData',
  2 => '_allCateData',
  3 => '_tagData',
  4 => '_linkData',
  5 => '_newArticleData',
  6 => 'headConf',
  7 => 'listHead',
) ]
[ info ] [ LOG ] INIT File
[ sql ] [ DB ] CONNECT:[ UseTime:0.000992s ] mysql:dbname=blog;host=127.0.0.1;charset=utf8
[ sql ] [ SQL ] SHOW COLUMNS FROM `blog_webset` [ RunTime:0.007080s ]
[ sql ] [ SQL ] SELECT `webset_name`,`webset_value` FROM `blog_webset` [ RunTime:0.000460s ]
[ sql ] [ DB ] CONNECT:[ UseTime:0.000858s ] mysql:dbname=blog;host=127.0.0.1;charset=utf8
[ sql ] [ SQL ] SHOW COLUMNS FROM `blog_cate` [ RunTime:0.005888s ]
[ sql ] [ SQL ] SELECT * FROM `blog_cate` WHERE  `cate_pid` = 0 ORDER BY cate_sort desc LIMIT 5 [ RunTime:0.000490s ]
[ sql ] [ DB ] CONNECT:[ UseTime:0.000819s ] mysql:dbname=blog;host=127.0.0.1;charset=utf8
[ sql ] [ SQL ] SELECT * FROM `blog_cate` ORDER BY cate_sort desc [ RunTime:0.000541s ]
[ sql ] [ DB ] CONNECT:[ UseTime:0.001028s ] mysql:dbname=blog;host=127.0.0.1;charset=utf8
[ sql ] [ SQL ] SHOW COLUMNS FROM `blog_tag` [ RunTime:0.007726s ]
[ sql ] [ SQL ] SELECT * FROM `blog_tag` [ RunTime:0.000729s ]
[ sql ] [ DB ] CONNECT:[ UseTime:0.001100s ] mysql:dbname=blog;host=127.0.0.1;charset=utf8
[ sql ] [ SQL ] SHOW COLUMNS FROM `blog_link` [ RunTime:0.006246s ]
[ sql ] [ SQL ] SELECT * FROM `blog_link` ORDER BY link_sort desc [ RunTime:0.000682s ]
[ sql ] [ DB ] CONNECT:[ UseTime:0.000898s ] mysql:dbname=blog;host=127.0.0.1;charset=utf8
[ sql ] [ SQL ] SHOW COLUMNS FROM `blog_article` [ RunTime:0.006724s ]
[ sql ] [ SQL ] SELECT `arc_id`,`arc_title`,`sendtime` FROM `blog_article` WHERE  `is_recycle` = 2 ORDER BY sendtime desc LIMIT 3 [ RunTime:0.000742s ]
[ sql ] [ DB ] CONNECT:[ UseTime:0.001059s ] mysql:dbname=blog;host=127.0.0.1;charset=utf8
[ sql ] [ SQL ] SELECT * FROM `blog_cate` [ RunTime:0.000664s ]
[ sql ] [ DB ] CONNECT:[ UseTime:0.001176s ] mysql:dbname=blog;host=127.0.0.1;charset=utf8
[ sql ] [ SQL ] SELECT `cate_name` FROM `blog_cate` WHERE  `cate_id` = 32 LIMIT 1 [ RunTime:0.000870s ]
[ sql ] [ DB ] CONNECT:[ UseTime:0.001196s ] mysql:dbname=blog;host=127.0.0.1;charset=utf8
[ sql ] [ SQL ] SELECT COUNT(*) AS tp_count FROM `blog_article` WHERE  `cate_id` IN (32) LIMIT 1 [ RunTime:0.000718s ]

---------------------------------------------------------------
[ 2017-07-24T00:00:33+08:00 ] 127.0.0.1 127.0.0.1 GET /index/lists/index/cate_id/images/1.jpg
[ log ] www.myblog.com/index/lists/index/cate_id/images/1.jpg [运行时间：0.129761s][吞吐率：7.71req/s] [内存消耗：2,335.16kb] [文件加载：58]
[ info ] [ LANG ] D:\WWW\myBlog\thinkphp\lang\zh-cn.php
[ info ] [ ROUTE ] array (
  'type' => 'module',
  'module' => 
  array (
    0 => 'index',
    1 => 'lists',
    2 => 'index',
  ),
)
[ info ] [ HEADER ] array (
  'cookie' => 'pgv_pvi=6365759488; PHPSESSID=ihoh0n51ljaqhc2p4m7oikji30',
  'accept-language' => 'zh-CN,zh;q=0.8',
  'accept-encoding' => 'gzip, deflate',
  'referer' => 'http://www.myblog.com/index/lists/index/cate_id/32.html',
  'accept' => 'image/webp,image/apng,image/*,*/*;q=0.8',
  'user-agent' => 'Mozilla/5.0 (Windows NT 10.0; WOW64) AppleWebKit/537.36 (KHTML, like Gecko) Chrome/61.0.3159.5 Safari/537.36',
  'connection' => 'close',
  'host' => 'www.myblog.com',
)
[ info ] [ PARAM ] array (
  'cate_id' => 'images',
)
[ info ] [ DB ] INIT mysql
[ info ] [ DB ] INIT mysql
[ info ] [ DB ] INIT mysql
[ info ] [ DB ] INIT mysql
[ info ] [ DB ] INIT mysql
[ info ] [ DB ] INIT mysql
[ info ] [ RUN ] app\index\controller\Lists->Index[ D:\WWW\myBlog\application\index\controller\Lists.php ]
[ info ] [ DB ] INIT mysql
[ info ] [ DB ] INIT mysql
[ info ] [ DB ] INIT mysql
[ info ] [ DB ] INIT mysql
[ info ] [ VIEW ] D:\WWW\myBlog\public/../application/index\view\lists\index.html [ array (
  0 => '_webSet',
  1 => '_cateData',
  2 => '_allCateData',
  3 => '_tagData',
  4 => '_linkData',
  5 => '_newArticleData',
  6 => 'headConf',
  7 => 'listHead',
) ]
[ info ] [ LOG ] INIT File
[ sql ] [ DB ] CONNECT:[ UseTime:0.001149s ] mysql:dbname=blog;host=127.0.0.1;charset=utf8
[ sql ] [ SQL ] SHOW COLUMNS FROM `blog_webset` [ RunTime:0.009676s ]
[ sql ] [ SQL ] SELECT `webset_name`,`webset_value` FROM `blog_webset` [ RunTime:0.000510s ]
[ sql ] [ DB ] CONNECT:[ UseTime:0.001433s ] mysql:dbname=blog;host=127.0.0.1;charset=utf8
[ sql ] [ SQL ] SHOW COLUMNS FROM `blog_cate` [ RunTime:0.011359s ]
[ sql ] [ SQL ] SELECT * FROM `blog_cate` WHERE  `cate_pid` = 0 ORDER BY cate_sort desc LIMIT 5 [ RunTime:0.001028s ]
[ sql ] [ DB ] CONNECT:[ UseTime:0.001496s ] mysql:dbname=blog;host=127.0.0.1;charset=utf8
[ sql ] [ SQL ] SELECT * FROM `blog_cate` ORDER BY cate_sort desc [ RunTime:0.000749s ]
[ sql ] [ DB ] CONNECT:[ UseTime:0.001319s ] mysql:dbname=blog;host=127.0.0.1;charset=utf8
[ sql ] [ SQL ] SHOW COLUMNS FROM `blog_tag` [ RunTime:0.011873s ]
[ sql ] [ SQL ] SELECT * FROM `blog_tag` [ RunTime:0.000674s ]
[ sql ] [ DB ] CONNECT:[ UseTime:0.001299s ] mysql:dbname=blog;host=127.0.0.1;charset=utf8
[ sql ] [ SQL ] SHOW COLUMNS FROM `blog_link` [ RunTime:0.008774s ]
[ sql ] [ SQL ] SELECT * FROM `blog_link` ORDER BY link_sort desc [ RunTime:0.000531s ]
[ sql ] [ DB ] CONNECT:[ UseTime:0.000830s ] mysql:dbname=blog;host=127.0.0.1;charset=utf8
[ sql ] [ SQL ] SHOW COLUMNS FROM `blog_article` [ RunTime:0.010276s ]
[ sql ] [ SQL ] SELECT `arc_id`,`arc_title`,`sendtime` FROM `blog_article` WHERE  `is_recycle` = 2 ORDER BY sendtime desc LIMIT 3 [ RunTime:0.000717s ]
[ sql ] [ DB ] CONNECT:[ UseTime:0.001019s ] mysql:dbname=blog;host=127.0.0.1;charset=utf8
[ sql ] [ SQL ] SELECT * FROM `blog_cate` [ RunTime:0.000472s ]
[ sql ] [ DB ] CONNECT:[ UseTime:0.001220s ] mysql:dbname=blog;host=127.0.0.1;charset=utf8
[ sql ] [ SQL ] SELECT `cate_name` FROM `blog_cate` WHERE  `cate_id` = 0 LIMIT 1 [ RunTime:0.000988s ]
[ sql ] [ DB ] CONNECT:[ UseTime:0.000962s ] mysql:dbname=blog;host=127.0.0.1;charset=utf8
[ sql ] [ SQL ] SELECT COUNT(*) AS tp_count FROM `blog_article` WHERE  `cate_id` IN (32,14,21,23,18,17,15,22,20,19,31,0) LIMIT 1 [ RunTime:0.000538s ]

---------------------------------------------------------------
[ 2017-07-24T00:00:33+08:00 ] 127.0.0.1 127.0.0.1 GET /index.html
[ log ] www.myblog.com/index.html [运行时间：0.102980s][吞吐率：9.71req/s] [内存消耗：2,174.13kb] [文件加载：56]
[ info ] [ LANG ] D:\WWW\myBlog\thinkphp\lang\zh-cn.php
[ info ] [ ROUTE ] array (
  'type' => 'module',
  'module' => 
  array (
    0 => 'index',
    1 => NULL,
    2 => NULL,
  ),
)
[ info ] [ HEADER ] array (
  'cookie' => 'pgv_pvi=6365759488; PHPSESSID=ihoh0n51ljaqhc2p4m7oikji30',
  'accept-language' => 'zh-CN,zh;q=0.8',
  'accept-encoding' => 'gzip, deflate',
  'referer' => 'http://www.myblog.com/index/lists/index/cate_id/32.html',
  'accept' => 'text/html,application/xhtml+xml,application/xml;q=0.9,image/webp,image/apng,*/*;q=0.8',
  'user-agent' => 'Mozilla/5.0 (Windows NT 10.0; WOW64) AppleWebKit/537.36 (KHTML, like Gecko) Chrome/61.0.3159.5 Safari/537.36',
  'upgrade-insecure-requests' => '1',
  'connection' => 'close',
  'host' => 'www.myblog.com',
)
[ info ] [ PARAM ] array (
)
[ info ] [ DB ] INIT mysql
[ info ] [ DB ] INIT mysql
[ info ] [ DB ] INIT mysql
[ info ] [ DB ] INIT mysql
[ info ] [ DB ] INIT mysql
[ info ] [ DB ] INIT mysql
[ info ] [ RUN ] app\index\controller\Index->index[ D:\WWW\myBlog\application\index\controller\Index.php ]
[ info ] [ DB ] INIT mysql
[ info ] [ DB ] INIT mysql
[ info ] [ DB ] INIT mysql
[ info ] [ DB ] INIT mysql
[ info ] [ DB ] INIT mysql
[ info ] [ VIEW ] D:\WWW\myBlog\public/../application/index\view\index\index.html [ array (
  0 => '_webSet',
  1 => '_cateData',
  2 => '_allCateData',
  3 => '_tagData',
  4 => '_linkData',
  5 => '_newArticleData',
  6 => 'headConf',
  7 => 'articleData',
) ]
[ info ] [ LOG ] INIT File
[ sql ] [ DB ] CONNECT:[ UseTime:0.001035s ] mysql:dbname=blog;host=127.0.0.1;charset=utf8
[ sql ] [ SQL ] SHOW COLUMNS FROM `blog_webset` [ RunTime:0.006884s ]
[ sql ] [ SQL ] SELECT `webset_name`,`webset_value` FROM `blog_webset` [ RunTime:0.000465s ]
[ sql ] [ DB ] CONNECT:[ UseTime:0.000960s ] mysql:dbname=blog;host=127.0.0.1;charset=utf8
[ sql ] [ SQL ] SHOW COLUMNS FROM `blog_cate` [ RunTime:0.005594s ]
[ sql ] [ SQL ] SELECT * FROM `blog_cate` WHERE  `cate_pid` = 0 ORDER BY cate_sort desc LIMIT 5 [ RunTime:0.000488s ]
[ sql ] [ DB ] CONNECT:[ UseTime:0.000849s ] mysql:dbname=blog;host=127.0.0.1;charset=utf8
[ sql ] [ SQL ] SELECT * FROM `blog_cate` ORDER BY cate_sort desc [ RunTime:0.000495s ]
[ sql ] [ DB ] CONNECT:[ UseTime:0.000907s ] mysql:dbname=blog;host=127.0.0.1;charset=utf8
[ sql ] [ SQL ] SHOW COLUMNS FROM `blog_tag` [ RunTime:0.006240s ]
[ sql ] [ SQL ] SELECT * FROM `blog_tag` [ RunTime:0.000492s ]
[ sql ] [ DB ] CONNECT:[ UseTime:0.000970s ] mysql:dbname=blog;host=127.0.0.1;charset=utf8
[ sql ] [ SQL ] SHOW COLUMNS FROM `blog_link` [ RunTime:0.006071s ]
[ sql ] [ SQL ] SELECT * FROM `blog_link` ORDER BY link_sort desc [ RunTime:0.000538s ]
[ sql ] [ DB ] CONNECT:[ UseTime:0.000949s ] mysql:dbname=blog;host=127.0.0.1;charset=utf8
[ sql ] [ SQL ] SHOW COLUMNS FROM `blog_article` [ RunTime:0.006819s ]
[ sql ] [ SQL ] SELECT `arc_id`,`arc_title`,`sendtime` FROM `blog_article` WHERE  `is_recycle` = 2 ORDER BY sendtime desc LIMIT 3 [ RunTime:0.000677s ]
[ sql ] [ DB ] CONNECT:[ UseTime:0.001056s ] mysql:dbname=blog;host=127.0.0.1;charset=utf8
[ sql ] [ SQL ] SELECT * FROM `blog_article` `a` INNER JOIN `blog_cate` `c` ON `a`.`cate_id`=`c`.`cate_id` WHERE  `a`.`is_recycle` = 2 ORDER BY a.sendtime desc LIMIT 8 [ RunTime:0.001034s ]
[ sql ] [ DB ] CONNECT:[ UseTime:0.001033s ] mysql:dbname=blog;host=127.0.0.1;charset=utf8
[ sql ] [ SQL ] SHOW COLUMNS FROM `blog_arc_tag` [ RunTime:0.006837s ]
[ sql ] [ SQL ] SELECT `t`.`tag_id`,`t`.`tag_name` FROM `blog_arc_tag` `at` INNER JOIN `blog_tag` `t` ON `at`.`tag_id`=`t`.`tag_id` WHERE  `at`.`arc_id` = 4 [ RunTime:0.000618s ]
[ sql ] [ DB ] CONNECT:[ UseTime:0.001137s ] mysql:dbname=blog;host=127.0.0.1;charset=utf8
[ sql ] [ SQL ] SELECT `t`.`tag_id`,`t`.`tag_name` FROM `blog_arc_tag` `at` INNER JOIN `blog_tag` `t` ON `at`.`tag_id`=`t`.`tag_id` WHERE  `at`.`arc_id` = 3 [ RunTime:0.000516s ]
[ sql ] [ DB ] CONNECT:[ UseTime:0.000945s ] mysql:dbname=blog;host=127.0.0.1;charset=utf8
[ sql ] [ SQL ] SELECT `t`.`tag_id`,`t`.`tag_name` FROM `blog_arc_tag` `at` INNER JOIN `blog_tag` `t` ON `at`.`tag_id`=`t`.`tag_id` WHERE  `at`.`arc_id` = 2 [ RunTime:0.000522s ]
[ sql ] [ DB ] CONNECT:[ UseTime:0.001063s ] mysql:dbname=blog;host=127.0.0.1;charset=utf8
[ sql ] [ SQL ] SELECT `t`.`tag_id`,`t`.`tag_name` FROM `blog_arc_tag` `at` INNER JOIN `blog_tag` `t` ON `at`.`tag_id`=`t`.`tag_id` WHERE  `at`.`arc_id` = 1 [ RunTime:0.000595s ]

---------------------------------------------------------------
